TpTrace Verbose: 0 : 6439, 1, 2025/06/06, 08:44:51.437, 931065215825291, vstest.console.dll, Version: 17.14.0-release-25203-01 Current process architecture: ARM64
TpTrace Verbose: 0 : 6439, 1, 2025/06/06, 08:44:51.438, 931065217046000, vstest.console.dll, Runtime location: /usr/local/share/dotnet/shared/Microsoft.NETCore.App/9.0.5
TpTrace Information: 0 : 6439, 1, 2025/06/06, 08:44:51.438, 931065217641375, vstest.console.dll, Using .Net Framework version:.NETCoreApp,Version=v9.0
TpTrace Verbose: 0 : 6439, 1, 2025/06/06, 08:44:51.438, 931065217667625, vstest.console.dll, ArtifactProcessingPostProcessModeProcessorExecutor.Initialize: ArtifactProcessingMode.Collect
TpTrace Verbose: 0 : 6439, 1, 2025/06/06, 08:44:51.438, 931065217685333, vstest.console.dll, TestSessionCorrelationIdProcessorModeProcessorExecutor.Initialize: TestSessionCorrelationId '6438_9616b7d2-03e4-4681-bd4b-511c3be9696d'
TpTrace Information: 0 : 6439, 1, 2025/06/06, 08:44:51.439, 931065218313125, vstest.console.dll, FilePatternParser: The given file /Users/adamziv/Desktop/UnknownProject/TBD/bin/Debug/net9.0/TBD.dll is a full path.
TpTrace Verbose: 0 : 6439, 1, 2025/06/06, 08:44:51.440, 931065219611208, vstest.console.dll, TestPluginCache.DiscoverTestExtensions: finding test extensions in assemblies ends with: RuntimeProvider.dll TPluginInfo: Microsoft.VisualStudio.TestPlatform.Common.ExtensionFramework.Utilities.TestRuntimePluginInformation TExtension: Microsoft.VisualStudio.TestPlatform.ObjectModel.Host.ITestRuntimeProvider
TpTrace Verbose: 0 : 6439, 1, 2025/06/06, 08:44:51.441, 931065219702041, vstest.console.dll, TestPluginCache.GetExtensionPaths: Filtered extension paths: 
TpTrace Verbose: 0 : 6439, 1, 2025/06/06, 08:44:51.441, 931065219720416, vstest.console.dll, TestPluginCache.GetExtensionPaths: Added default extension paths: /usr/local/share/dotnet/sdk/9.0.300/Extensions/Microsoft.VisualStudio.TestPlatform.Extensions.Trx.TestLogger.dll
/usr/local/share/dotnet/sdk/9.0.300/Extensions/Microsoft.Diagnostics.NETCore.Client.dll
/usr/local/share/dotnet/sdk/9.0.300/Extensions/Microsoft.TestPlatform.Extensions.BlameDataCollector.dll
/usr/local/share/dotnet/sdk/9.0.300/Extensions/Microsoft.TestPlatform.TestHostRuntimeProvider.dll
/usr/local/share/dotnet/sdk/9.0.300/Extensions/Microsoft.TestPlatform.Extensions.EventLogCollector.dll
/usr/local/share/dotnet/sdk/9.0.300/Extensions/Microsoft.VisualStudio.TestPlatform.Extensions.Html.TestLogger.dll
TpTrace Verbose: 0 : 6439, 1, 2025/06/06, 08:44:51.441, 931065219728125, vstest.console.dll, TestPluginCache.GetExtensionPaths: Added unfilterableExtensionPaths: 
TpTrace Information: 0 : 6439, 1, 2025/06/06, 08:44:51.441, 931065219866625, vstest.console.dll, AssemblyResolver.ctor: Creating AssemblyResolver with searchDirectories /usr/local/share/dotnet/sdk/9.0.300/Extensions,/usr/local/share/dotnet/sdk/9.0.300
TpTrace Verbose: 0 : 6439, 1, 2025/06/06, 08:44:51.441, 931065220216916, vstest.console.dll, TestPluginCache.DiscoverTestExtensions: Discovering the extensions using extension path.
TpTrace Verbose: 0 : 6439, 1, 2025/06/06, 08:44:51.441, 931065220243333, vstest.console.dll, TestPluginCache.GetExtensionPaths: Filtered extension paths: 
TpTrace Verbose: 0 : 6439, 1, 2025/06/06, 08:44:51.441, 931065220253500, vstest.console.dll, TestPluginCache.GetExtensionPaths: Added default extension paths: /usr/local/share/dotnet/sdk/9.0.300/Extensions/Microsoft.VisualStudio.TestPlatform.Extensions.Trx.TestLogger.dll
/usr/local/share/dotnet/sdk/9.0.300/Extensions/Microsoft.Diagnostics.NETCore.Client.dll
/usr/local/share/dotnet/sdk/9.0.300/Extensions/Microsoft.TestPlatform.Extensions.BlameDataCollector.dll
/usr/local/share/dotnet/sdk/9.0.300/Extensions/Microsoft.TestPlatform.TestHostRuntimeProvider.dll
/usr/local/share/dotnet/sdk/9.0.300/Extensions/Microsoft.TestPlatform.Extensions.EventLogCollector.dll
/usr/local/share/dotnet/sdk/9.0.300/Extensions/Microsoft.VisualStudio.TestPlatform.Extensions.Html.TestLogger.dll
TpTrace Verbose: 0 : 6439, 1, 2025/06/06, 08:44:51.441, 931065220259916, vstest.console.dll, TestPluginCache.GetExtensionPaths: Added unfilterableExtensionPaths: 
TpTrace Verbose: 0 : 6439, 1, 2025/06/06, 08:44:51.441, 931065220283500, vstest.console.dll, TestPluginCache.DiscoverTestExtensions: Discovering the extensions using allExtensionPaths: /usr/local/share/dotnet/sdk/9.0.300/Extensions/Microsoft.VisualStudio.TestPlatform.Extensions.Trx.TestLogger.dll
/usr/local/share/dotnet/sdk/9.0.300/Extensions/Microsoft.Diagnostics.NETCore.Client.dll
/usr/local/share/dotnet/sdk/9.0.300/Extensions/Microsoft.TestPlatform.Extensions.BlameDataCollector.dll
/usr/local/share/dotnet/sdk/9.0.300/Extensions/Microsoft.TestPlatform.TestHostRuntimeProvider.dll
/usr/local/share/dotnet/sdk/9.0.300/Extensions/Microsoft.TestPlatform.Extensions.EventLogCollector.dll
/usr/local/share/dotnet/sdk/9.0.300/Extensions/Microsoft.VisualStudio.TestPlatform.Extensions.Html.TestLogger.dll
TpTrace Information: 0 : 6439, 1, 2025/06/06, 08:44:51.441, 931065220306250, vstest.console.dll, AssemblyResolver.AddSearchDirectories: Adding more searchDirectories /usr/local/share/dotnet/sdk/9.0.300/Extensions,/usr/local/share/dotnet/sdk/9.0.300
TpTrace Information: 0 : 6439, 1, 2025/06/06, 08:44:51.441, 931065220318708, vstest.console.dll, AssemblyResolver.AddSearchDirectories: Adding more searchDirectories /usr/local/share/dotnet/sdk/9.0.300/Extensions,/usr/local/share/dotnet/sdk/9.0.300
TpTrace Information: 0 : 6439, 1, 2025/06/06, 08:44:51.441, 931065220324708, vstest.console.dll, AssemblyResolver.AddSearchDirectories: Adding more searchDirectories /usr/local/share/dotnet/sdk/9.0.300/Extensions,/usr/local/share/dotnet/sdk/9.0.300
TpTrace Information: 0 : 6439, 1, 2025/06/06, 08:44:51.441, 931065220329791, vstest.console.dll, AssemblyResolver.AddSearchDirectories: Adding more searchDirectories /usr/local/share/dotnet/sdk/9.0.300/Extensions,/usr/local/share/dotnet/sdk/9.0.300
TpTrace Information: 0 : 6439, 1, 2025/06/06, 08:44:51.441, 931065220334958, vstest.console.dll, AssemblyResolver.AddSearchDirectories: Adding more searchDirectories /usr/local/share/dotnet/sdk/9.0.300/Extensions,/usr/local/share/dotnet/sdk/9.0.300
TpTrace Information: 0 : 6439, 1, 2025/06/06, 08:44:51.441, 931065220339750, vstest.console.dll, AssemblyResolver.AddSearchDirectories: Adding more searchDirectories /usr/local/share/dotnet/sdk/9.0.300/Extensions,/usr/local/share/dotnet/sdk/9.0.300
TpTrace Information: 0 : 6439, 1, 2025/06/06, 08:44:51.441, 931065220487666, vstest.console.dll, AssemblyResolver.OnResolve: Microsoft.VisualStudio.TestPlatform.Extensions.Trx.TestLogger: Resolving assembly.
TpTrace Information: 0 : 6439, 1, 2025/06/06, 08:44:51.441, 931065220501500, vstest.console.dll, AssemblyResolver.OnResolve: Microsoft.VisualStudio.TestPlatform.Extensions.Trx.TestLogger: Searching in: '/usr/local/share/dotnet/sdk/9.0.300/Extensions'.
TpTrace Information: 0 : 6439, 1, 2025/06/06, 08:44:51.444, 931065223024000, vstest.console.dll, AssemblyResolver.OnResolve: Microsoft.VisualStudio.TestPlatform.Extensions.Trx.TestLogger: Loading assembly '/usr/local/share/dotnet/sdk/9.0.300/Extensions/Microsoft.VisualStudio.TestPlatform.Extensions.Trx.TestLogger.dll'.
TpTrace Information: 0 : 6439, 1, 2025/06/06, 08:44:51.444, 931065223169083, vstest.console.dll, AssemblyResolver.OnResolve: Resolved assembly: Microsoft.VisualStudio.TestPlatform.Extensions.Trx.TestLogger, from path: /usr/local/share/dotnet/sdk/9.0.300/Extensions/Microsoft.VisualStudio.TestPlatform.Extensions.Trx.TestLogger.dll
TpTrace Verbose: 0 : 6439, 1, 2025/06/06, 08:44:51.444, 931065223449416, vstest.console.dll, MetadataReaderExtensionsHelper: Discovering extensions inside assembly 'Microsoft.VisualStudio.TestPlatform.Extensions.Trx.TestLogger, Version=15.0.0.0, Culture=neutral, PublicKeyToken=b03f5f7f11d50a3a' file path '/usr/local/share/dotnet/sdk/9.0.300/Extensions/Microsoft.VisualStudio.TestPlatform.Extensions.Trx.TestLogger.dll'
TpTrace Information: 0 : 6439, 1, 2025/06/06, 08:44:51.445, 931065223899416, vstest.console.dll, AssemblyResolver.OnResolve: Microsoft.Diagnostics.NETCore.Client: Resolving assembly.
TpTrace Information: 0 : 6439, 1, 2025/06/06, 08:44:51.445, 931065223915750, vstest.console.dll, AssemblyResolver.OnResolve: Microsoft.Diagnostics.NETCore.Client: Searching in: '/usr/local/share/dotnet/sdk/9.0.300/Extensions'.
TpTrace Information: 0 : 6439, 1, 2025/06/06, 08:44:51.445, 931065224162291, vstest.console.dll, AssemblyResolver.OnResolve: Microsoft.Diagnostics.NETCore.Client: Loading assembly '/usr/local/share/dotnet/sdk/9.0.300/Extensions/Microsoft.Diagnostics.NETCore.Client.dll'.
TpTrace Information: 0 : 6439, 1, 2025/06/06, 08:44:51.445, 931065224351666, vstest.console.dll, AssemblyResolver.OnResolve: Resolved assembly: Microsoft.Diagnostics.NETCore.Client, from path: /usr/local/share/dotnet/sdk/9.0.300/Extensions/Microsoft.Diagnostics.NETCore.Client.dll
TpTrace Verbose: 0 : 6439, 1, 2025/06/06, 08:44:51.445, 931065224370875, vstest.console.dll, MetadataReaderExtensionsHelper: Discovering extensions inside assembly 'Microsoft.Diagnostics.NETCore.Client, Version=0.2.12.17301, Culture=neutral, PublicKeyToken=31bf3856ad364e35' file path '/usr/local/share/dotnet/sdk/9.0.300/Extensions/Microsoft.Diagnostics.NETCore.Client.dll'
TpTrace Information: 0 : 6439, 1, 2025/06/06, 08:44:51.445, 931065224606958, vstest.console.dll, AssemblyResolver.OnResolve: Microsoft.Bcl.AsyncInterfaces: Resolving assembly.
TpTrace Information: 0 : 6439, 1, 2025/06/06, 08:44:51.445, 931065224617625, vstest.console.dll, AssemblyResolver.OnResolve: Microsoft.Bcl.AsyncInterfaces: Searching in: '/usr/local/share/dotnet/sdk/9.0.300/Extensions'.
TpTrace Information: 0 : 6439, 1, 2025/06/06, 08:44:51.445, 931065224626708, vstest.console.dll, AssemblyResolver.OnResolve: Microsoft.Bcl.AsyncInterfaces: Assembly path does not exist: '/usr/local/share/dotnet/sdk/9.0.300/Extensions/Microsoft.Bcl.AsyncInterfaces.dll', returning.
TpTrace Information: 0 : 6439, 1, 2025/06/06, 08:44:51.445, 931065224636458, vstest.console.dll, AssemblyResolver.OnResolve: Microsoft.Bcl.AsyncInterfaces: Assembly path does not exist: '/usr/local/share/dotnet/sdk/9.0.300/Extensions/Microsoft.Bcl.AsyncInterfaces.exe', returning.
TpTrace Information: 0 : 6439, 1, 2025/06/06, 08:44:51.445, 931065224642500, vstest.console.dll, AssemblyResolver.OnResolve: Microsoft.Bcl.AsyncInterfaces: Searching in: '/usr/local/share/dotnet/sdk/9.0.300'.
TpTrace Information: 0 : 6439, 1, 2025/06/06, 08:44:51.445, 931065224649416, vstest.console.dll, AssemblyResolver.OnResolve: Microsoft.Bcl.AsyncInterfaces: Assembly path does not exist: '/usr/local/share/dotnet/sdk/9.0.300/Microsoft.Bcl.AsyncInterfaces.dll', returning.
TpTrace Information: 0 : 6439, 1, 2025/06/06, 08:44:51.445, 931065224656041, vstest.console.dll, AssemblyResolver.OnResolve: Microsoft.Bcl.AsyncInterfaces: Assembly path does not exist: '/usr/local/share/dotnet/sdk/9.0.300/Microsoft.Bcl.AsyncInterfaces.exe', returning.
TpTrace Information: 0 : 6439, 1, 2025/06/06, 08:44:51.445, 931065224660916, vstest.console.dll, AssemblyResolver.OnResolve: Microsoft.Bcl.AsyncInterfaces: Failed to load assembly.
TpTrace Verbose: 0 : 6439, 1, 2025/06/06, 08:44:51.445, 931065224668916, vstest.console.dll, CurrentDomainAssemblyResolve: Resolving assembly 'Microsoft.Bcl.AsyncInterfaces'.
TpTrace Information: 0 : 6439, 1, 2025/06/06, 08:44:51.445, 931065224681833, vstest.console.dll, AssemblyResolver.OnResolve: Microsoft.Bcl.AsyncInterfaces: Resolving assembly.
TpTrace Information: 0 : 6439, 1, 2025/06/06, 08:44:51.446, 931065224689708, vstest.console.dll, AssemblyResolver.OnResolve: Microsoft.Bcl.AsyncInterfaces: Resolved from cache.
TpTrace Verbose: 0 : 6439, 1, 2025/06/06, 08:44:51.446, 931065224695166, vstest.console.dll, CurrentDomainAssemblyResolve: Resolving assembly 'Microsoft.Bcl.AsyncInterfaces'.
TpTrace Verbose: 0 : 6439, 1, 2025/06/06, 08:44:51.446, 931065224701958, vstest.console.dll, CurrentDomainAssemblyResolve: Failed to resolve assembly 'Microsoft.Bcl.AsyncInterfaces'.
TpTrace Verbose: 0 : 6439, 1, 2025/06/06, 08:44:51.446, 931065224797000, vstest.console.dll, CurrentDomainAssemblyResolve: Failed to resolve assembly 'Microsoft.Bcl.AsyncInterfaces'.
TpTrace Information: 0 : 6439, 1, 2025/06/06, 08:44:51.446, 931065225623208, vstest.console.dll, AssemblyResolver.OnResolve: Microsoft.Bcl.AsyncInterfaces: Resolving assembly.
TpTrace Information: 0 : 6439, 1, 2025/06/06, 08:44:51.446, 931065225640750, vstest.console.dll, AssemblyResolver.OnResolve: Microsoft.Bcl.AsyncInterfaces: Resolved from cache.
TpTrace Verbose: 0 : 6439, 1, 2025/06/06, 08:44:51.446, 931065225647125, vstest.console.dll, CurrentDomainAssemblyResolve: Resolving assembly 'Microsoft.Bcl.AsyncInterfaces'.
TpTrace Verbose: 0 : 6439, 1, 2025/06/06, 08:44:51.446, 931065225652375, vstest.console.dll, CurrentDomainAssemblyResolve: Failed to resolve assembly 'Microsoft.Bcl.AsyncInterfaces'.
TpTrace Warning: 0 : 6439, 1, 2025/06/06, 08:44:51.450, 931065228840458, vstest.console.dll, TestPluginDiscoverer: Failed to get types from assembly 'Microsoft.Diagnostics.NETCore.Client, Version=0.2.12.17301, Culture=neutral, PublicKeyToken=31bf3856ad364e35'. Error: System.Reflection.ReflectionTypeLoadException: Unable to load one or more of the requested types.
Could not load file or assembly 'Microsoft.Bcl.AsyncInterfaces, Version=6.0.0.0, Culture=neutral, PublicKeyToken=cc7b13ffcd2ddd51'. The system cannot find the file specified.

Could not load file or assembly 'Microsoft.Bcl.AsyncInterfaces, Version=6.0.0.0, Culture=neutral, PublicKeyToken=cc7b13ffcd2ddd51'. The system cannot find the file specified.

   at System.Reflection.RuntimeModule.GetDefinedTypes()
   at System.Reflection.RuntimeModule.GetTypes()
   at Microsoft.VisualStudio.TestPlatform.Common.ExtensionFramework.TestPluginDiscoverer.GetTestExtensionsFromAssembly[TPluginInfo,TExtension](Assembly assembly, Dictionary`2 pluginInfos, String filePath) in /_/src/Microsoft.TestPlatform.Common/ExtensionFramework/TestPluginDiscoverer.cs:line 159
System.IO.FileNotFoundException: Could not load file or assembly 'Microsoft.Bcl.AsyncInterfaces, Version=6.0.0.0, Culture=neutral, PublicKeyToken=cc7b13ffcd2ddd51'. The system cannot find the file specified.

File name: 'Microsoft.Bcl.AsyncInterfaces, Version=6.0.0.0, Culture=neutral, PublicKeyToken=cc7b13ffcd2ddd51'
 ---> System.IO.FileNotFoundException: Could not load file or assembly 'Microsoft.Bcl.AsyncInterfaces, Culture=neutral, PublicKeyToken=null'. The system cannot find the file specified.

File name: 'Microsoft.Bcl.AsyncInterfaces, Culture=neutral, PublicKeyToken=null'
   at System.Reflection.RuntimeAssembly.InternalLoad(AssemblyName assemblyName, StackCrawlMark& stackMark, AssemblyLoadContext assemblyLoadContext, RuntimeAssembly requestingAssembly, Boolean throwOnFileNotFound)
   at System.Reflection.Assembly.Load(AssemblyName assemblyRef)
   at Microsoft.VisualStudio.TestPlatform.Common.ExtensionFramework.TestPluginCache.CurrentDomainAssemblyResolve(Object sender, AssemblyResolveEventArgs args) in /_/src/Microsoft.TestPlatform.Common/ExtensionFramework/TestPluginCache.cs:line 514
   at System.Runtime.Loader.AssemblyLoadContext.GetFirstResolvedAssemblyFromResolvingEvent(AssemblyName assemblyName)
   at System.Runtime.Loader.AssemblyLoadContext.ResolveUsingEvent(AssemblyName assemblyName)
   at System.Runtime.Loader.AssemblyLoadContext.ResolveUsingResolvingEvent(IntPtr gchManagedAssemblyLoadContext, AssemblyName assemblyName)
System.IO.FileNotFoundException: Could not load file or assembly 'Microsoft.Bcl.AsyncInterfaces, Version=6.0.0.0, Culture=neutral, PublicKeyToken=cc7b13ffcd2ddd51'. The system cannot find the file specified.

File name: 'Microsoft.Bcl.AsyncInterfaces, Version=6.0.0.0, Culture=neutral, PublicKeyToken=cc7b13ffcd2ddd51'
TpTrace Warning: 0 : 6439, 1, 2025/06/06, 08:44:51.450, 931065228913791, vstest.console.dll, LoaderExceptions: System.IO.FileNotFoundException: Could not load file or assembly 'Microsoft.Bcl.AsyncInterfaces, Version=6.0.0.0, Culture=neutral, PublicKeyToken=cc7b13ffcd2ddd51'. The system cannot find the file specified.

File name: 'Microsoft.Bcl.AsyncInterfaces, Version=6.0.0.0, Culture=neutral, PublicKeyToken=cc7b13ffcd2ddd51'
 ---> System.IO.FileNotFoundException: Could not load file or assembly 'Microsoft.Bcl.AsyncInterfaces, Culture=neutral, PublicKeyToken=null'. The system cannot find the file specified.

File name: 'Microsoft.Bcl.AsyncInterfaces, Culture=neutral, PublicKeyToken=null'
   at System.Reflection.RuntimeAssembly.InternalLoad(AssemblyName assemblyName, StackCrawlMark& stackMark, AssemblyLoadContext assemblyLoadContext, RuntimeAssembly requestingAssembly, Boolean throwOnFileNotFound)
   at System.Reflection.Assembly.Load(AssemblyName assemblyRef)
   at Microsoft.VisualStudio.TestPlatform.Common.ExtensionFramework.TestPluginCache.CurrentDomainAssemblyResolve(Object sender, AssemblyResolveEventArgs args) in /_/src/Microsoft.TestPlatform.Common/ExtensionFramework/TestPluginCache.cs:line 514
   at System.Runtime.Loader.AssemblyLoadContext.GetFirstResolvedAssemblyFromResolvingEvent(AssemblyName assemblyName)
   at System.Runtime.Loader.AssemblyLoadContext.ResolveUsingEvent(AssemblyName assemblyName)
   at System.Runtime.Loader.AssemblyLoadContext.ResolveUsingResolvingEvent(IntPtr gchManagedAssemblyLoadContext, AssemblyName assemblyName)
TpTrace Warning: 0 : 6439, 1, 2025/06/06, 08:44:51.450, 931065228930041, vstest.console.dll, LoaderExceptions: System.IO.FileNotFoundException: Could not load file or assembly 'Microsoft.Bcl.AsyncInterfaces, Version=6.0.0.0, Culture=neutral, PublicKeyToken=cc7b13ffcd2ddd51'. The system cannot find the file specified.

File name: 'Microsoft.Bcl.AsyncInterfaces, Version=6.0.0.0, Culture=neutral, PublicKeyToken=cc7b13ffcd2ddd51'
TpTrace Information: 0 : 6439, 1, 2025/06/06, 08:44:51.450, 931065228947750, vstest.console.dll, AssemblyResolver.OnResolve: Microsoft.TestPlatform.Extensions.BlameDataCollector: Resolving assembly.
TpTrace Information: 0 : 6439, 1, 2025/06/06, 08:44:51.450, 931065228954916, vstest.console.dll, AssemblyResolver.OnResolve: Microsoft.TestPlatform.Extensions.BlameDataCollector: Searching in: '/usr/local/share/dotnet/sdk/9.0.300/Extensions'.
TpTrace Information: 0 : 6439, 1, 2025/06/06, 08:44:51.450, 931065229193833, vstest.console.dll, AssemblyResolver.OnResolve: Microsoft.TestPlatform.Extensions.BlameDataCollector: Loading assembly '/usr/local/share/dotnet/sdk/9.0.300/Extensions/Microsoft.TestPlatform.Extensions.BlameDataCollector.dll'.
TpTrace Information: 0 : 6439, 1, 2025/06/06, 08:44:51.450, 931065229325791, vstest.console.dll, AssemblyResolver.OnResolve: Resolved assembly: Microsoft.TestPlatform.Extensions.BlameDataCollector, from path: /usr/local/share/dotnet/sdk/9.0.300/Extensions/Microsoft.TestPlatform.Extensions.BlameDataCollector.dll
TpTrace Verbose: 0 : 6439, 1, 2025/06/06, 08:44:51.450, 931065229338625, vstest.console.dll, MetadataReaderExtensionsHelper: Discovering extensions inside assembly 'Microsoft.TestPlatform.Extensions.BlameDataCollector, Version=15.0.0.0, Culture=neutral, PublicKeyToken=b03f5f7f11d50a3a' file path '/usr/local/share/dotnet/sdk/9.0.300/Extensions/Microsoft.TestPlatform.Extensions.BlameDataCollector.dll'
TpTrace Information: 0 : 6439, 1, 2025/06/06, 08:44:51.450, 931065229552916, vstest.console.dll, AssemblyResolver.OnResolve: Microsoft.TestPlatform.TestHostRuntimeProvider: Resolving assembly.
TpTrace Information: 0 : 6439, 1, 2025/06/06, 08:44:51.450, 931065229562958, vstest.console.dll, AssemblyResolver.OnResolve: Microsoft.TestPlatform.TestHostRuntimeProvider: Searching in: '/usr/local/share/dotnet/sdk/9.0.300/Extensions'.
TpTrace Information: 0 : 6439, 1, 2025/06/06, 08:44:51.451, 931065229774708, vstest.console.dll, AssemblyResolver.OnResolve: Microsoft.TestPlatform.TestHostRuntimeProvider: Loading assembly '/usr/local/share/dotnet/sdk/9.0.300/Extensions/Microsoft.TestPlatform.TestHostRuntimeProvider.dll'.
TpTrace Information: 0 : 6439, 1, 2025/06/06, 08:44:51.451, 931065229863291, vstest.console.dll, AssemblyResolver.OnResolve: Resolved assembly: Microsoft.TestPlatform.TestHostRuntimeProvider, from path: /usr/local/share/dotnet/sdk/9.0.300/Extensions/Microsoft.TestPlatform.TestHostRuntimeProvider.dll
TpTrace Verbose: 0 : 6439, 1, 2025/06/06, 08:44:51.451, 931065229872791, vstest.console.dll, MetadataReaderExtensionsHelper: Discovering extensions inside assembly 'Microsoft.TestPlatform.TestHostRuntimeProvider, Version=15.0.0.0, Culture=neutral, PublicKeyToken=b03f5f7f11d50a3a' file path '/usr/local/share/dotnet/sdk/9.0.300/Extensions/Microsoft.TestPlatform.TestHostRuntimeProvider.dll'
TpTrace Information: 0 : 6439, 1, 2025/06/06, 08:44:51.451, 931065230219416, vstest.console.dll, GetTestExtensionFromType: Register extension with identifier data 'HostProvider://DefaultTestHost' and type 'Microsoft.VisualStudio.TestPlatform.CrossPlatEngine.Hosting.DefaultTestHostManager, Microsoft.TestPlatform.TestHostRuntimeProvider, Version=15.0.0.0, Culture=neutral, PublicKeyToken=b03f5f7f11d50a3a' inside file '/usr/local/share/dotnet/sdk/9.0.300/Extensions/Microsoft.TestPlatform.TestHostRuntimeProvider.dll'
TpTrace Information: 0 : 6439, 1, 2025/06/06, 08:44:51.451, 931065230297916, vstest.console.dll, GetTestExtensionFromType: Register extension with identifier data 'HostProvider://DotnetTestHost' and type 'Microsoft.VisualStudio.TestPlatform.CrossPlatEngine.Hosting.DotnetTestHostManager, Microsoft.TestPlatform.TestHostRuntimeProvider, Version=15.0.0.0, Culture=neutral, PublicKeyToken=b03f5f7f11d50a3a' inside file '/usr/local/share/dotnet/sdk/9.0.300/Extensions/Microsoft.TestPlatform.TestHostRuntimeProvider.dll'
TpTrace Information: 0 : 6439, 1, 2025/06/06, 08:44:51.451, 931065230309625, vstest.console.dll, AssemblyResolver.OnResolve: Microsoft.TestPlatform.Extensions.EventLogCollector: Resolving assembly.
TpTrace Information: 0 : 6439, 1, 2025/06/06, 08:44:51.451, 931065230315250, vstest.console.dll, AssemblyResolver.OnResolve: Microsoft.TestPlatform.Extensions.EventLogCollector: Searching in: '/usr/local/share/dotnet/sdk/9.0.300/Extensions'.
TpTrace Information: 0 : 6439, 1, 2025/06/06, 08:44:51.451, 931065230509166, vstest.console.dll, AssemblyResolver.OnResolve: Microsoft.TestPlatform.Extensions.EventLogCollector: Loading assembly '/usr/local/share/dotnet/sdk/9.0.300/Extensions/Microsoft.TestPlatform.Extensions.EventLogCollector.dll'.
TpTrace Information: 0 : 6439, 1, 2025/06/06, 08:44:51.451, 931065230553375, vstest.console.dll, AssemblyResolver.OnResolve: Resolved assembly: Microsoft.TestPlatform.Extensions.EventLogCollector, from path: /usr/local/share/dotnet/sdk/9.0.300/Extensions/Microsoft.TestPlatform.Extensions.EventLogCollector.dll
TpTrace Verbose: 0 : 6439, 1, 2025/06/06, 08:44:51.451, 931065230563791, vstest.console.dll, MetadataReaderExtensionsHelper: Discovering extensions inside assembly 'Microsoft.TestPlatform.Extensions.EventLogCollector, Version=15.0.0.0, Culture=neutral, PublicKeyToken=b03f5f7f11d50a3a' file path '/usr/local/share/dotnet/sdk/9.0.300/Extensions/Microsoft.TestPlatform.Extensions.EventLogCollector.dll'
TpTrace Information: 0 : 6439, 1, 2025/06/06, 08:44:51.452, 931065230905208, vstest.console.dll, AssemblyResolver.OnResolve: Microsoft.VisualStudio.TestPlatform.Extensions.Html.TestLogger: Resolving assembly.
TpTrace Information: 0 : 6439, 1, 2025/06/06, 08:44:51.452, 931065230916166, vstest.console.dll, AssemblyResolver.OnResolve: Microsoft.VisualStudio.TestPlatform.Extensions.Html.TestLogger: Searching in: '/usr/local/share/dotnet/sdk/9.0.300/Extensions'.
TpTrace Information: 0 : 6439, 1, 2025/06/06, 08:44:51.452, 931065230968625, vstest.console.dll, AssemblyResolver.OnResolve: Microsoft.VisualStudio.TestPlatform.Extensions.Html.TestLogger: Loading assembly '/usr/local/share/dotnet/sdk/9.0.300/Extensions/Microsoft.VisualStudio.TestPlatform.Extensions.Html.TestLogger.dll'.
TpTrace Information: 0 : 6439, 1, 2025/06/06, 08:44:51.452, 931065231051875, vstest.console.dll, AssemblyResolver.OnResolve: Resolved assembly: Microsoft.VisualStudio.TestPlatform.Extensions.Html.TestLogger, from path: /usr/local/share/dotnet/sdk/9.0.300/Extensions/Microsoft.VisualStudio.TestPlatform.Extensions.Html.TestLogger.dll
TpTrace Verbose: 0 : 6439, 1, 2025/06/06, 08:44:51.452, 931065231062041, vstest.console.dll, MetadataReaderExtensionsHelper: Discovering extensions inside assembly 'Microsoft.VisualStudio.TestPlatform.Extensions.Html.TestLogger, Version=15.0.0.0, Culture=neutral, PublicKeyToken=b03f5f7f11d50a3a' file path '/usr/local/share/dotnet/sdk/9.0.300/Extensions/Microsoft.VisualStudio.TestPlatform.Extensions.Html.TestLogger.dll'
TpTrace Verbose: 0 : 6439, 1, 2025/06/06, 08:44:51.452, 931065231246208, vstest.console.dll, TestPluginCache: Discovered the extensions using extension path ''.
TpTrace Verbose: 0 : 6439, 1, 2025/06/06, 08:44:51.452, 931065231255791, vstest.console.dll, TestPluginCache: Discoverers are ''.
TpTrace Verbose: 0 : 6439, 1, 2025/06/06, 08:44:51.452, 931065231263000, vstest.console.dll, TestPluginCache: Executors are ''.
TpTrace Verbose: 0 : 6439, 1, 2025/06/06, 08:44:51.452, 931065231267791, vstest.console.dll, TestPluginCache: Executors2 are ''.
TpTrace Verbose: 0 : 6439, 1, 2025/06/06, 08:44:51.452, 931065231272458, vstest.console.dll, TestPluginCache: Setting providers are ''.
TpTrace Verbose: 0 : 6439, 1, 2025/06/06, 08:44:51.452, 931065231276875, vstest.console.dll, TestPluginCache: Loggers are ''.
TpTrace Verbose: 0 : 6439, 1, 2025/06/06, 08:44:51.452, 931065231324416, vstest.console.dll, TestPluginCache: TestHosts are 'HostProvider://DefaultTestHost,HostProvider://DotnetTestHost'.
TpTrace Verbose: 0 : 6439, 1, 2025/06/06, 08:44:51.452, 931065231330291, vstest.console.dll, TestPluginCache: DataCollectors are ''.
TpTrace Information: 0 : 6439, 1, 2025/06/06, 08:44:51.457, 931065236112708, vstest.console.dll, RunTestsArgumentProcessor:Execute: Test run is starting.
TpTrace Verbose: 0 : 6439, 1, 2025/06/06, 08:44:51.457, 931065236129958, vstest.console.dll, RunTestsArgumentProcessor:Execute: Queuing Test run.
TpTrace Information: 0 : 6439, 1, 2025/06/06, 08:44:51.457, 931065236195541, vstest.console.dll, TestRequestManager.RunTests: run tests started.
TpTrace Information: 0 : 6439, 1, 2025/06/06, 08:44:51.457, 931065236627791, vstest.console.dll, AssemblyMetadataProvider.GetFrameworkName: Determined framework:'.NETCoreApp,Version=v9.0' for source: '/Users/adamziv/Desktop/UnknownProject/TBD/bin/Debug/net9.0/TBD.dll'
TpTrace Information: 0 : 6439, 1, 2025/06/06, 08:44:51.457, 931065236665708, vstest.console.dll, Determined framework for all sources: .NETCoreApp,Version=v9.0
TpTrace Verbose: 0 : 6439, 1, 2025/06/06, 08:44:51.458, 931065237255208, vstest.console.dll, TestRequestManager.UpdateRunSettingsIfRequired: Default architecture: ARM64 IsDefaultTargetArchitecture: True, Current process architecture: ARM64 OperatingSystem: OSX.
TpTrace Information: 0 : 6439, 1, 2025/06/06, 08:44:51.459, 931065237757666, vstest.console.dll, AssemblyMetadataProvider.GetArchitecture: Determined architecture:AnyCPU info for assembly: /Users/adamziv/Desktop/UnknownProject/TBD/bin/Debug/net9.0/TBD.dll
TpTrace Information: 0 : 6439, 1, 2025/06/06, 08:44:51.459, 931065237768000, vstest.console.dll, Determined platform for source '/Users/adamziv/Desktop/UnknownProject/TBD/bin/Debug/net9.0/TBD.dll' was AnyCPU and it will use the default plaform ARM64.
TpTrace Information: 0 : 6439, 1, 2025/06/06, 08:44:51.459, 931065237773541, vstest.console.dll, None of the sources provided any runnable platform, using the default platform: ARM64
TpTrace Information: 0 : 6439, 1, 2025/06/06, 08:44:51.459, 931065237815875, vstest.console.dll, Platform was updated to 'ARM64'.
TpTrace Information: 0 : 6439, 1, 2025/06/06, 08:44:51.459, 931065238377375, vstest.console.dll, Compatible sources list: 
TpTrace Information: 0 : 6439, 1, 2025/06/06, 08:44:51.459, 931065238391458, vstest.console.dll, /Users/adamziv/Desktop/UnknownProject/TBD/bin/Debug/net9.0/TBD.dll
TpTrace Information: 0 : 6439, 1, 2025/06/06, 08:44:51.460, 931065239140375, vstest.console.dll, InferRunSettingsHelper.IsTestSettingsEnabled: Unable to navigate to RunSettings/MSTest. Current node: RunSettings
TpTrace Information: 0 : 6439, 1, 2025/06/06, 08:44:51.460, 931065239297041, vstest.console.dll, AssemblyResolver.OnResolve: Microsoft.VisualStudio.TestPlatform.Fakes: Resolving assembly.
TpTrace Information: 0 : 6439, 1, 2025/06/06, 08:44:51.460, 931065239307666, vstest.console.dll, AssemblyResolver.OnResolve: Microsoft.VisualStudio.TestPlatform.Fakes: Searching in: '/usr/local/share/dotnet/sdk/9.0.300/Extensions'.
TpTrace Information: 0 : 6439, 1, 2025/06/06, 08:44:51.460, 931065239325250, vstest.console.dll, AssemblyResolver.OnResolve: Microsoft.VisualStudio.TestPlatform.Fakes: Assembly path does not exist: '/usr/local/share/dotnet/sdk/9.0.300/Extensions/Microsoft.VisualStudio.TestPlatform.Fakes.dll', returning.
TpTrace Information: 0 : 6439, 1, 2025/06/06, 08:44:51.460, 931065239333750, vstest.console.dll, AssemblyResolver.OnResolve: Microsoft.VisualStudio.TestPlatform.Fakes: Assembly path does not exist: '/usr/local/share/dotnet/sdk/9.0.300/Extensions/Microsoft.VisualStudio.TestPlatform.Fakes.exe', returning.
TpTrace Information: 0 : 6439, 1, 2025/06/06, 08:44:51.460, 931065239338833, vstest.console.dll, AssemblyResolver.OnResolve: Microsoft.VisualStudio.TestPlatform.Fakes: Searching in: '/usr/local/share/dotnet/sdk/9.0.300'.
TpTrace Information: 0 : 6439, 1, 2025/06/06, 08:44:51.460, 931065239346541, vstest.console.dll, AssemblyResolver.OnResolve: Microsoft.VisualStudio.TestPlatform.Fakes: Assembly path does not exist: '/usr/local/share/dotnet/sdk/9.0.300/Microsoft.VisualStudio.TestPlatform.Fakes.dll', returning.
TpTrace Information: 0 : 6439, 1, 2025/06/06, 08:44:51.460, 931065239354416, vstest.console.dll, AssemblyResolver.OnResolve: Microsoft.VisualStudio.TestPlatform.Fakes: Assembly path does not exist: '/usr/local/share/dotnet/sdk/9.0.300/Microsoft.VisualStudio.TestPlatform.Fakes.exe', returning.
TpTrace Information: 0 : 6439, 1, 2025/06/06, 08:44:51.460, 931065239360291, vstest.console.dll, AssemblyResolver.OnResolve: Microsoft.VisualStudio.TestPlatform.Fakes: Failed to load assembly.
TpTrace Information: 0 : 6439, 1, 2025/06/06, 08:44:51.460, 931065239457333, vstest.console.dll, Failed to load assembly Microsoft.VisualStudio.TestPlatform.Fakes, Version=17.0.0.0, Culture=neutral. Reason:System.IO.FileNotFoundException: Could not load file or assembly 'Microsoft.VisualStudio.TestPlatform.Fakes, Version=17.0.0.0, Culture=neutral, PublicKeyToken=null'. The system cannot find the file specified.

File name: 'Microsoft.VisualStudio.TestPlatform.Fakes, Version=17.0.0.0, Culture=neutral, PublicKeyToken=null'
   at System.Reflection.RuntimeAssembly.InternalLoad(AssemblyName assemblyName, StackCrawlMark& stackMark, AssemblyLoadContext assemblyLoadContext, RuntimeAssembly requestingAssembly, Boolean throwOnFileNotFound)
   at System.Reflection.Assembly.Load(AssemblyName assemblyRef)
   at Microsoft.VisualStudio.TestPlatform.Common.Utilities.FakesUtilities.LoadTestPlatformAssembly() in /_/src/Microsoft.TestPlatform.Common/Utilities/FakesUtilities.cs:line 273
TpTrace Verbose: 0 : 6439, 1, 2025/06/06, 08:44:51.462, 931065241250291, vstest.console.dll, TestEngine: Initializing Parallel Execution as MaxCpuCount is set to: 1
TpTrace Information: 0 : 6439, 1, 2025/06/06, 08:44:51.462, 931065241631666, vstest.console.dll, TestPluginManager.CreateTestExtension: Attempting to load test extension: Microsoft.VisualStudio.TestPlatform.CrossPlatEngine.Hosting.DefaultTestHostManager
TpTrace Information: 0 : 6439, 1, 2025/06/06, 08:44:51.463, 931065241705083, vstest.console.dll, TestPluginManager.CreateTestExtension: Attempting to load test extension: Microsoft.VisualStudio.TestPlatform.CrossPlatEngine.Hosting.DotnetTestHostManager
TpTrace Verbose: 0 : 6439, 1, 2025/06/06, 08:44:51.463, 931065241763541, vstest.console.dll, TestHostManagerCallbacks.ctor: Forwarding output is enabled.
TpTrace Information: 0 : 6439, 1, 2025/06/06, 08:44:51.463, 931065241870291, vstest.console.dll, InferRunSettingsHelper.IsTestSettingsEnabled: Unable to navigate to RunSettings/MSTest. Current node: RunSettings
TpTrace Verbose: 0 : 6439, 1, 2025/06/06, 08:44:51.463, 931065241981375, vstest.console.dll, ParallelOperationManager.ClearSlots: Clearing all slots. Slots should accept more work: True
TpTrace Verbose: 0 : 6439, 1, 2025/06/06, 08:44:51.463, 931065242139041, vstest.console.dll, ParallelOperationManager.SetOccupiedSlotCount: Setting slot counts AvailableSlotCount = 1, OccupiedSlotCount = 0.
TpTrace Verbose: 0 : 6439, 1, 2025/06/06, 08:44:51.463, 931065242263458, vstest.console.dll, Occupied slots:

TpTrace Verbose: 0 : 6439, 1, 2025/06/06, 08:44:51.464, 931065243514916, vstest.console.dll, TestEngine.GetExecutionManager: Chosen execution manager 'Microsoft.VisualStudio.TestPlatform.CrossPlatEngine.Client.Parallel.ParallelProxyExecutionManager, Microsoft.TestPlatform.CrossPlatEngine, Version=15.0.0.0, Culture=neutral, PublicKeyToken=b03f5f7f11d50a3a' ParallelLevel '1'.
TpTrace Verbose: 0 : 6439, 1, 2025/06/06, 08:44:51.464, 931065243546875, vstest.console.dll, TestPlatform.GetSkipDefaultAdapters: Not skipping default adapters SkipDefaultAdapters was false.
TpTrace Verbose: 0 : 6439, 1, 2025/06/06, 08:44:51.464, 931065243565625, vstest.console.dll, TestRunRequest.ExecuteAsync: Creating test run request.
TpTrace Verbose: 0 : 6439, 1, 2025/06/06, 08:44:51.465, 931065243745083, vstest.console.dll, TestRunRequest.ExecuteAsync: Starting.
TpTrace Information: 0 : 6439, 1, 2025/06/06, 08:44:51.465, 931065243995000, vstest.console.dll, TestRunRequest.ExecuteAsync: Starting run with settings:TestRunCriteria:
   KeepAlive=False,FrequencyOfRunStatsChangeEvent=10,RunStatsChangeEventTimeout=00:00:01.5000000,TestCaseFilter=,TestExecutorLauncher=
   Settingsxml=<RunSettings>
  <RunConfiguration>
    <ResultsDirectory>/Users/adamziv/Desktop/UnknownProject/TBD/TestResults</ResultsDirectory>
    <TargetPlatform>ARM64</TargetPlatform>
    <TargetFrameworkVersion>.NETCoreApp,Version=v9.0</TargetFrameworkVersion>
    <DesignMode>False</DesignMode>
    <CollectSourceInformation>False</CollectSourceInformation>
  </RunConfiguration>
  <LoggerRunSettings>
    <Loggers>
      <Logger friendlyName="Microsoft.TestPlatform.MSBuildLogger" assemblyQualifiedName="Microsoft.VisualStudio.TestPlatform.CommandLine.Internal.MSBuildLogger, vstest.console, Version=15.0.0.0, Culture=neutral, PublicKeyToken=b03f5f7f11d50a3a" codeBase="/usr/local/share/dotnet/sdk/9.0.300/vstest.console.dll" enabled="True">
        <Configuration>
          <Verbosity>minimal</Verbosity>
        </Configuration>
      </Logger>
    </Loggers>
  </LoggerRunSettings>
</RunSettings>

TpTrace Verbose: 0 : 6439, 1, 2025/06/06, 08:44:51.465, 931065244003625, vstest.console.dll, TestRunRequest.ExecuteAsync: Wait for the first run request is over.
TpTrace Verbose: 0 : 6439, 1, 2025/06/06, 08:44:51.465, 931065244061166, vstest.console.dll, MulticastDelegateUtilities.SafeInvoke: TestRun.TestRunStart: Invoking callbacks was skipped because there are no subscribers.
TpTrace Verbose: 0 : 6439, 1, 2025/06/06, 08:44:51.465, 931065244426458, vstest.console.dll, ParallelProxyExecutionManager: Start execution. Total sources: 1
TpTrace Verbose: 0 : 6439, 1, 2025/06/06, 08:44:51.465, 931065244532208, vstest.console.dll, ParallelOperationManager.StartWork: Starting adding 1 workloads.
TpTrace Verbose: 0 : 6439, 1, 2025/06/06, 08:44:51.465, 931065244553666, vstest.console.dll, ParallelOperationManager.ClearSlots: Clearing all slots. Slots should accept more work: True
TpTrace Verbose: 0 : 6439, 1, 2025/06/06, 08:44:51.465, 931065244575458, vstest.console.dll, ParallelOperationManager.SetOccupiedSlotCount: Setting slot counts AvailableSlotCount = 1, OccupiedSlotCount = 0.
TpTrace Verbose: 0 : 6439, 1, 2025/06/06, 08:44:51.465, 931065244582791, vstest.console.dll, Occupied slots:

TpTrace Verbose: 0 : 6439, 1, 2025/06/06, 08:44:51.466, 931065244929541, vstest.console.dll, TestHostManagerCallbacks.ctor: Forwarding output is enabled.
TpTrace Verbose: 0 : 6439, 1, 2025/06/06, 08:44:51.466, 931065244986291, vstest.console.dll, TestRequestSender is acting as server.
TpTrace Verbose: 0 : 6439, 1, 2025/06/06, 08:44:51.466, 931065245057250, vstest.console.dll, ParallelOperationManager.RunWorkInParallel: Adding 1 workload to slot, remaining workloads 0.
TpTrace Verbose: 0 : 6439, 1, 2025/06/06, 08:44:51.466, 931065245069375, vstest.console.dll, ParallelOperationManager.SetOccupiedSlotCount: Setting slot counts AvailableSlotCount = 0, OccupiedSlotCount = 1.
TpTrace Verbose: 0 : 6439, 1, 2025/06/06, 08:44:51.466, 931065245109250, vstest.console.dll, Occupied slots:
0: /Users/adamziv/Desktop/UnknownProject/TBD/bin/Debug/net9.0/TBD.dll
TpTrace Verbose: 0 : 6439, 1, 2025/06/06, 08:44:51.466, 931065245614958, vstest.console.dll, ParallelOperationManager.RunWorkInParallel: Started host in slot number 0 for work (source): /Users/adamziv/Desktop/UnknownProject/TBD/bin/Debug/net9.0/TBD.dll.
TpTrace Verbose: 0 : 6439, 1, 2025/06/06, 08:44:51.467, 931065245927333, vstest.console.dll, ParallelOperationManager.RunWorkInParallel: We started 1 work items, which is the max parallel level. Won't start more work.
TpTrace Verbose: 0 : 6439, 1, 2025/06/06, 08:44:51.467, 931065245953958, vstest.console.dll, ParallelOperationManager.RunWorkInParallel: We started 1 work items in here, returning True.
TpTrace Information: 0 : 6439, 1, 2025/06/06, 08:44:51.467, 931065245964708, vstest.console.dll, TestRunRequest.ExecuteAsync: Started.
TpTrace Verbose: 0 : 6439, 5, 2025/06/06, 08:44:51.467, 931065245966416, vstest.console.dll, ParallelProxyExecutionManager.StartTestRunOnConcurrentManager: Initializing uninitialized client. Started clients: 0
TpTrace Verbose: 0 : 6439, 5, 2025/06/06, 08:44:51.467, 931065245991875, vstest.console.dll, ParallelProxyExecutionManager.StartTestRunOnConcurrentManager: Initializing test run. Started clients: 0
TpTrace Verbose: 0 : 6439, 5, 2025/06/06, 08:44:51.467, 931065246022250, vstest.console.dll, ProxyExecutionManager: Test host is always Lazy initialize.
TpTrace Verbose: 0 : 6439, 5, 2025/06/06, 08:44:51.467, 931065246091000, vstest.console.dll, TestRequestSender.InitializeCommunication: initialize communication. 
TpTrace Verbose: 0 : 6439, 1, 2025/06/06, 08:44:51.467, 931065246205500, vstest.console.dll, TestRunRequest.WaitForCompletion: Waiting with timeout -1.
TpTrace Information: 0 : 6439, 5, 2025/06/06, 08:44:51.470, 931065248895208, vstest.console.dll, SocketServer.Start: Listening on endpoint : 127.0.0.1:49889
TpTrace Verbose: 0 : 6439, 5, 2025/06/06, 08:44:51.471, 931065250679250, vstest.console.dll, DotnetTestHostmanager.GetTestHostProcessStartInfo: Platform environment 'ARM64' target architecture 'ARM64' framework '.NETCoreApp,Version=v9.0' OS 'OSX'
TpTrace Verbose: 0 : 6439, 5, 2025/06/06, 08:44:51.472, 931065250730333, vstest.console.dll, DotnetTestHostmanager: Adding  --runtimeconfig "/Users/adamziv/Desktop/UnknownProject/TBD/bin/Debug/net9.0/TBD.runtimeconfig.json" in args
TpTrace Verbose: 0 : 6439, 5, 2025/06/06, 08:44:51.472, 931065250741125, vstest.console.dll, DotnetTestHostmanager: Adding  --depsfile "/Users/adamziv/Desktop/UnknownProject/TBD/bin/Debug/net9.0/TBD.deps.json" in args
TpTrace Information: 0 : 6439, 5, 2025/06/06, 08:44:51.472, 931065250764375, vstest.console.dll, AssemblyResolver.OnResolve: Microsoft.Extensions.DependencyModel: Resolving assembly.
TpTrace Information: 0 : 6439, 5, 2025/06/06, 08:44:51.472, 931065250773583, vstest.console.dll, AssemblyResolver.OnResolve: Microsoft.Extensions.DependencyModel: Searching in: '/usr/local/share/dotnet/sdk/9.0.300/Extensions'.
TpTrace Information: 0 : 6439, 5, 2025/06/06, 08:44:51.472, 931065250784875, vstest.console.dll, AssemblyResolver.OnResolve: Microsoft.Extensions.DependencyModel: Assembly path does not exist: '/usr/local/share/dotnet/sdk/9.0.300/Extensions/Microsoft.Extensions.DependencyModel.dll', returning.
TpTrace Information: 0 : 6439, 5, 2025/06/06, 08:44:51.472, 931065250794541, vstest.console.dll, AssemblyResolver.OnResolve: Microsoft.Extensions.DependencyModel: Assembly path does not exist: '/usr/local/share/dotnet/sdk/9.0.300/Extensions/Microsoft.Extensions.DependencyModel.exe', returning.
TpTrace Information: 0 : 6439, 5, 2025/06/06, 08:44:51.472, 931065250799375, vstest.console.dll, AssemblyResolver.OnResolve: Microsoft.Extensions.DependencyModel: Searching in: '/usr/local/share/dotnet/sdk/9.0.300'.
TpTrace Information: 0 : 6439, 5, 2025/06/06, 08:44:51.472, 931065251066583, vstest.console.dll, AssemblyResolver.OnResolve: Microsoft.Extensions.DependencyModel: Loading assembly '/usr/local/share/dotnet/sdk/9.0.300/Microsoft.Extensions.DependencyModel.dll'.
TpTrace Information: 0 : 6439, 5, 2025/06/06, 08:44:51.472, 931065251214458, vstest.console.dll, AssemblyResolver.OnResolve: Resolved assembly: Microsoft.Extensions.DependencyModel, from path: /usr/local/share/dotnet/sdk/9.0.300/Microsoft.Extensions.DependencyModel.dll
TpTrace Verbose: 0 : 6439, 5, 2025/06/06, 08:44:51.472, 931065251361583, vstest.console.dll, DotnetTestHostmanager: Runtimeconfig.dev.json /Users/adamziv/Desktop/UnknownProject/TBD/bin/Debug/net9.0/TBD.runtimeconfig.dev.json does not exist.
TpTrace Verbose: 0 : 6439, 5, 2025/06/06, 08:44:51.472, 931065251381250, vstest.console.dll, DotnetTestHostManager: Found testhost.dll in source directory: /Users/adamziv/Desktop/UnknownProject/TBD/bin/Debug/net9.0/testhost.dll.
TpTrace Verbose: 0 : 6439, 5, 2025/06/06, 08:44:51.472, 931065251400625, vstest.console.dll, DotnetTestHostmanager: Current process architetcure 'ARM64'
TpTrace Verbose: 0 : 6439, 5, 2025/06/06, 08:44:51.472, 931065251420416, vstest.console.dll, DotnetTestHostmanager.LaunchTestHostAsync: Compatible muxer architecture of running process 'ARM64' and target architecture 'ARM64'
TpTrace Verbose: 0 : 6439, 5, 2025/06/06, 08:44:51.472, 931065251427250, vstest.console.dll, DotnetTestHostmanager: Full path of testhost.dll is /Users/adamziv/Desktop/UnknownProject/TBD/bin/Debug/net9.0/testhost.dll
TpTrace Verbose: 0 : 6439, 5, 2025/06/06, 08:44:51.472, 931065251434750, vstest.console.dll, DotnetTestHostmanager: Full path of host exe is /usr/local/share/dotnet/dotnet
TpTrace Verbose: 0 : 6439, 5, 2025/06/06, 08:44:51.472, 931065251490375, vstest.console.dll, DotnetTestHostManager: Starting process '/usr/local/share/dotnet/dotnet' with command line 'exec --runtimeconfig "/Users/adamziv/Desktop/UnknownProject/TBD/bin/Debug/net9.0/TBD.runtimeconfig.json" --depsfile "/Users/adamziv/Desktop/UnknownProject/TBD/bin/Debug/net9.0/TBD.deps.json" "/Users/adamziv/Desktop/UnknownProject/TBD/bin/Debug/net9.0/testhost.dll" --port 49889 --endpoint 127.0.0.1:049889 --role client --parentprocessid 6439 --diag "/Users/adamziv/Desktop/UnknownProject/TBD/memorylog.host.25-06-06_08-44-51_47183_5.txt" --tracelevel 4 --telemetryoptedin false'
TpTrace Verbose: 0 : 6439, 5, 2025/06/06, 08:44:51.503, 931065282358125, vstest.console.dll, Test Runtime launched
TpTrace Verbose: 0 : 6439, 5, 2025/06/06, 08:44:51.503, 931065282456000, vstest.console.dll, MulticastDelegateUtilities.SafeInvoke: HostProviderEvents.OnHostLaunched: Invoking callback 1/1 for Microsoft.VisualStudio.TestPlatform.CrossPlatEngine.Client.ProxyOperationManager., took 0 ms.
TpTrace Verbose: 0 : 6439, 5, 2025/06/06, 08:44:51.503, 931065282583708, vstest.console.dll, TestRequestSender.WaitForRequestHandlerConnection: waiting for connection with timeout: 90000.
TpTrace Verbose: 0 : 6439, 5, 2025/06/06, 08:44:51.568, 931065346922750, vstest.console.dll, TestRequestSender.WaitForRequestHandlerConnection: waiting took 64 ms, with timeout 90000 ms, and result 0, which is success.
TpTrace Verbose: 0 : 6439, 11, 2025/06/06, 08:44:51.568, 931065346918916, vstest.console.dll, MulticastDelegateUtilities.SafeInvoke: SocketServer: ClientConnected: Invoking callback 1/1 for Microsoft.VisualStudio.TestPlatform.CommunicationUtilities.TestRequestSender., took 0 ms.
TpTrace Verbose: 0 : 6439, 11, 2025/06/06, 08:44:51.568, 931065346984416, vstest.console.dll, SocketServer.OnClientConnected: Client connected for endPoint: 127.0.0.1:49889, starting MessageLoopAsync:
TpTrace Verbose: 0 : 6439, 10, 2025/06/06, 08:44:51.568, 931065347220083, vstest.console.dll, TcpClientExtensions.MessageLoopAsync: Polling on remoteEndPoint: 127.0.0.1:49890 localEndPoint: 127.0.0.1:49889 after 0 ms
TpTrace Verbose: 0 : 6439, 5, 2025/06/06, 08:44:51.584, 931065362920333, vstest.console.dll, TestRequestSender.CheckVersionWithTestHost: Sending check version message: {"MessageType":"ProtocolVersion","Payload":7}
TpTrace Verbose: 0 : 6439, 10, 2025/06/06, 08:44:51.624, 931065402946333, vstest.console.dll, TcpClientExtensions.MessageLoopAsync: NotifyDataAvailable remoteEndPoint: 127.0.0.1:49890 localEndPoint: 127.0.0.1:49889
TpTrace Verbose: 0 : 6439, 10, 2025/06/06, 08:44:51.624, 931065403182083, vstest.console.dll, TestRequestSender.CheckVersionWithTestHost: onMessageReceived received message: (ProtocolVersion) -> {"MessageType":"ProtocolVersion","Payload":7}
TpTrace Verbose: 0 : 6439, 10, 2025/06/06, 08:44:51.626, 931065404716208, vstest.console.dll, MulticastDelegateUtilities.SafeInvoke: LengthPrefixCommunicationChannel: MessageReceived: Invoking callback 1/1 for Microsoft.VisualStudio.TestPlatform.CommunicationUtilities.TestRequestSender+<>c__DisplayClass29_0., took 1 ms.
TpTrace Verbose: 0 : 6439, 10, 2025/06/06, 08:44:51.626, 931065404746916, vstest.console.dll, TcpClientExtensions.MessageLoopAsync: Polling on remoteEndPoint: 127.0.0.1:49890 localEndPoint: 127.0.0.1:49889 after 57 ms
TpTrace Verbose: 0 : 6439, 5, 2025/06/06, 08:44:51.626, 931065404782500, vstest.console.dll, TestPluginCache.GetExtensionPaths: Filtered extension paths: 
TpTrace Verbose: 0 : 6439, 5, 2025/06/06, 08:44:51.626, 931065404809500, vstest.console.dll, TestPluginCache.GetExtensionPaths: Added default extension paths: /usr/local/share/dotnet/sdk/9.0.300/Extensions/Microsoft.VisualStudio.TestPlatform.Extensions.Trx.TestLogger.dll
/usr/local/share/dotnet/sdk/9.0.300/Extensions/Microsoft.Diagnostics.NETCore.Client.dll
/usr/local/share/dotnet/sdk/9.0.300/Extensions/Microsoft.TestPlatform.Extensions.BlameDataCollector.dll
/usr/local/share/dotnet/sdk/9.0.300/Extensions/Microsoft.TestPlatform.TestHostRuntimeProvider.dll
/usr/local/share/dotnet/sdk/9.0.300/Extensions/Microsoft.TestPlatform.Extensions.EventLogCollector.dll
/usr/local/share/dotnet/sdk/9.0.300/Extensions/Microsoft.VisualStudio.TestPlatform.Extensions.Html.TestLogger.dll
TpTrace Verbose: 0 : 6439, 5, 2025/06/06, 08:44:51.626, 931065404819166, vstest.console.dll, TestPluginCache.GetExtensionPaths: Added unfilterableExtensionPaths: 
TpTrace Verbose: 0 : 6439, 10, 2025/06/06, 08:44:51.626, 931065404992625, vstest.console.dll, TcpClientExtensions.MessageLoopAsync: NotifyDataAvailable remoteEndPoint: 127.0.0.1:49890 localEndPoint: 127.0.0.1:49889
TpTrace Verbose: 0 : 6439, 5, 2025/06/06, 08:44:51.627, 931065406636083, vstest.console.dll, TestRequestSender.InitializeExecution: Sending initialize execution with message: {"Version":7,"MessageType":"TestExecution.Initialize","Payload":["/Users/adamziv/Desktop/UnknownProject/TBD/bin/Debug/net9.0/NUnit3.TestAdapter.dll"]}
TpTrace Verbose: 0 : 6439, 5, 2025/06/06, 08:44:51.628, 931065406738916, vstest.console.dll, ParallelProxyExecutionManager.StartTestRunOnConcurrentManager: Execution starting. Started clients: 1
TpTrace Warning: 0 : 6439, 5, 2025/06/06, 08:44:51.628, 931065406917833, vstest.console.dll, InferRunSettingsHelper.MakeRunsettingsCompatible: Removing the following settings: TargetPlatform from RunSettings file. To use those settings please move to latest version of Microsoft.NET.Test.Sdk
TpTrace Verbose: 0 : 6439, 10, 2025/06/06, 08:44:51.628, 931065407199583, vstest.console.dll, TestRequestSender.OnExecutionMessageReceived: Received message: {"Version":7,"MessageType":"TestSession.Message","Payload":{"MessageLevel":0,"Message":"Logging TestHost Diagnostics in file: /Users/adamziv/Desktop/UnknownProject/TBD/memorylog.host.25-06-06_08-44-51_47183_5.txt"}}
TpTrace Verbose: 0 : 6439, 10, 2025/06/06, 08:44:51.629, 931065408446541, vstest.console.dll, TestRunRequest:SendTestRunMessage: Starting.
TpTrace Verbose: 0 : 6439, 10, 2025/06/06, 08:44:51.629, 931065408543875, vstest.console.dll, MulticastDelegateUtilities.SafeInvoke: TestRun.LogMessages: Invoking callback 1/1 for Microsoft.VisualStudio.TestPlatform.CommandLine.TestRunResultAggregator., took 0 ms.
TpTrace Information: 0 : 6439, 10, 2025/06/06, 08:44:51.629, 931065408555333, vstest.console.dll, TestRunRequest:SendTestRunMessage: Completed.
TpTrace Verbose: 0 : 6439, 10, 2025/06/06, 08:44:51.629, 931065408564416, vstest.console.dll, MulticastDelegateUtilities.SafeInvoke: LengthPrefixCommunicationChannel: MessageReceived: Invoking callback 1/1 for Microsoft.VisualStudio.TestPlatform.CommunicationUtilities.TestRequestSender+<>c__DisplayClass34_0., took 1 ms.
TpTrace Verbose: 0 : 6439, 10, 2025/06/06, 08:44:51.629, 931065408587875, vstest.console.dll, TcpClientExtensions.MessageLoopAsync: Polling on remoteEndPoint: 127.0.0.1:49890 localEndPoint: 127.0.0.1:49889 after 3 ms
TpTrace Verbose: 0 : 6439, 4, 2025/06/06, 08:44:51.630, 931065408694250, vstest.console.dll, MulticastDelegateUtilities.SafeInvoke: InternalTestLoggerEvents.SendTestRunMessage: Invoking callback 1/1 for Microsoft.VisualStudio.TestPlatform.CommandLine.Internal.MSBuildLogger., took 0 ms.
TpTrace Verbose: 0 : 6439, 5, 2025/06/06, 08:44:51.630, 931065409467708, vstest.console.dll, TestRequestSender.StartTestRun: Sending test run with message: {"Version":7,"MessageType":"TestExecution.StartWithSources","Payload":{"AdapterSourceMap":{"_none_":["/Users/adamziv/Desktop/UnknownProject/TBD/bin/Debug/net9.0/TBD.dll"]},"RunSettings":"<RunSettings>\n  <RunConfiguration>\n    <ResultsDirectory>/Users/adamziv/Desktop/UnknownProject/TBD/TestResults</ResultsDirectory>\n    <TargetFrameworkVersion>.NETCoreApp,Version=v9.0</TargetFrameworkVersion>\n    <DesignMode>False</DesignMode>\n    <CollectSourceInformation>False</CollectSourceInformation>\n  </RunConfiguration>\n  <LoggerRunSettings>\n    <Loggers>\n      <Logger friendlyName=\"Microsoft.TestPlatform.MSBuildLogger\" assemblyQualifiedName=\"Microsoft.VisualStudio.TestPlatform.CommandLine.Internal.MSBuildLogger, vstest.console, Version=15.0.0.0, Culture=neutral, PublicKeyToken=b03f5f7f11d50a3a\" codeBase=\"/usr/local/share/dotnet/sdk/9.0.300/vstest.console.dll\" enabled=\"True\">\n        <Configuration>\n          <Verbosity>minimal</Verbosity>\n        </Configuration>\n      </Logger>\n    </Loggers>\n  </LoggerRunSettings>\n</RunSettings>","TestExecutionContext":{"FrequencyOfRunStatsChangeEvent":10,"RunStatsChangeEventTimeout":"00:00:01.5000000","InIsolation":false,"KeepAlive":false,"AreTestCaseLevelEventsRequired":false,"IsDebug":false,"TestCaseFilter":null,"FilterOptions":null},"Package":null}}
TpTrace Verbose: 0 : 6439, 5, 2025/06/06, 08:44:51.630, 931065409523791, vstest.console.dll, ParallelProxyExecutionManager.StartTestRunOnConcurrentManager: Execution started. Started clients: 1
TpTrace Verbose: 0 : 6439, 10, 2025/06/06, 08:44:51.683, 931065462373166, vstest.console.dll, TcpClientExtensions.MessageLoopAsync: NotifyDataAvailable remoteEndPoint: 127.0.0.1:49890 localEndPoint: 127.0.0.1:49889
TpTrace Verbose: 0 : 6439, 10, 2025/06/06, 08:44:51.683, 931065462482708, vstest.console.dll, TestRequestSender.OnExecutionMessageReceived: Received message: {"Version":7,"MessageType":"TestSession.Message","Payload":{"MessageLevel":0,"Message":"NUnit Adapter 5.0.0.0: Test execution started"}}
TpTrace Verbose: 0 : 6439, 10, 2025/06/06, 08:44:51.683, 931065462593458, vstest.console.dll, TestRunRequest:SendTestRunMessage: Starting.
TpTrace Verbose: 0 : 6439, 10, 2025/06/06, 08:44:51.683, 931065462631416, vstest.console.dll, MulticastDelegateUtilities.SafeInvoke: TestRun.LogMessages: Invoking callback 1/1 for Microsoft.VisualStudio.TestPlatform.CommandLine.TestRunResultAggregator., took 0 ms.
TpTrace Information: 0 : 6439, 10, 2025/06/06, 08:44:51.683, 931065462639958, vstest.console.dll, TestRunRequest:SendTestRunMessage: Completed.
TpTrace Verbose: 0 : 6439, 10, 2025/06/06, 08:44:51.683, 931065462647333, vstest.console.dll, MulticastDelegateUtilities.SafeInvoke: LengthPrefixCommunicationChannel: MessageReceived: Invoking callback 1/1 for Microsoft.VisualStudio.TestPlatform.CommunicationUtilities.TestRequestSender+<>c__DisplayClass34_0., took 0 ms.
TpTrace Verbose: 0 : 6439, 10, 2025/06/06, 08:44:51.683, 931065462655166, vstest.console.dll, TcpClientExtensions.MessageLoopAsync: Polling on remoteEndPoint: 127.0.0.1:49890 localEndPoint: 127.0.0.1:49889 after 54 ms
TpTrace Verbose: 0 : 6439, 4, 2025/06/06, 08:44:51.683, 931065462685708, vstest.console.dll, MulticastDelegateUtilities.SafeInvoke: InternalTestLoggerEvents.SendTestRunMessage: Invoking callback 1/1 for Microsoft.VisualStudio.TestPlatform.CommandLine.Internal.MSBuildLogger., took 0 ms.
TpTrace Verbose: 0 : 6439, 10, 2025/06/06, 08:44:51.691, 931065470666250, vstest.console.dll, TcpClientExtensions.MessageLoopAsync: NotifyDataAvailable remoteEndPoint: 127.0.0.1:49890 localEndPoint: 127.0.0.1:49889
TpTrace Verbose: 0 : 6439, 10, 2025/06/06, 08:44:51.692, 931065470746791, vstest.console.dll, TestRequestSender.OnExecutionMessageReceived: Received message: {"Version":7,"MessageType":"TestSession.Message","Payload":{"MessageLevel":0,"Message":"Running all tests in /Users/adamziv/Desktop/UnknownProject/TBD/bin/Debug/net9.0/TBD.dll"}}
TpTrace Verbose: 0 : 6439, 10, 2025/06/06, 08:44:51.692, 931065470797000, vstest.console.dll, TestRunRequest:SendTestRunMessage: Starting.
TpTrace Verbose: 0 : 6439, 10, 2025/06/06, 08:44:51.692, 931065470816500, vstest.console.dll, MulticastDelegateUtilities.SafeInvoke: TestRun.LogMessages: Invoking callback 1/1 for Microsoft.VisualStudio.TestPlatform.CommandLine.TestRunResultAggregator., took 0 ms.
TpTrace Information: 0 : 6439, 10, 2025/06/06, 08:44:51.692, 931065470830500, vstest.console.dll, TestRunRequest:SendTestRunMessage: Completed.
TpTrace Verbose: 0 : 6439, 10, 2025/06/06, 08:44:51.692, 931065470838666, vstest.console.dll, MulticastDelegateUtilities.SafeInvoke: LengthPrefixCommunicationChannel: MessageReceived: Invoking callback 1/1 for Microsoft.VisualStudio.TestPlatform.CommunicationUtilities.TestRequestSender+<>c__DisplayClass34_0., took 0 ms.
TpTrace Verbose: 0 : 6439, 10, 2025/06/06, 08:44:51.692, 931065470846916, vstest.console.dll, TcpClientExtensions.MessageLoopAsync: Polling on remoteEndPoint: 127.0.0.1:49890 localEndPoint: 127.0.0.1:49889 after 8 ms
TpTrace Verbose: 0 : 6439, 4, 2025/06/06, 08:44:51.692, 931065470858541, vstest.console.dll, MulticastDelegateUtilities.SafeInvoke: InternalTestLoggerEvents.SendTestRunMessage: Invoking callback 1/1 for Microsoft.VisualStudio.TestPlatform.CommandLine.Internal.MSBuildLogger., took 0 ms.
TpTrace Verbose: 0 : 6439, 10, 2025/06/06, 08:44:51.743, 931065521786333, vstest.console.dll, TcpClientExtensions.MessageLoopAsync: NotifyDataAvailable remoteEndPoint: 127.0.0.1:49890 localEndPoint: 127.0.0.1:49889
TpTrace Verbose: 0 : 6439, 10, 2025/06/06, 08:44:51.743, 931065521897250, vstest.console.dll, TestRequestSender.OnExecutionMessageReceived: Received message: {"Version":7,"MessageType":"TestSession.Message","Payload":{"MessageLevel":0,"Message":"   NUnit3TestExecutor discovered 81 of 81 NUnit test cases using Current Discovery mode, Non-Explicit run"}}
TpTrace Verbose: 0 : 6439, 10, 2025/06/06, 08:44:51.743, 931065521961583, vstest.console.dll, TestRunRequest:SendTestRunMessage: Starting.
TpTrace Verbose: 0 : 6439, 10, 2025/06/06, 08:44:51.743, 931065521984166, vstest.console.dll, MulticastDelegateUtilities.SafeInvoke: TestRun.LogMessages: Invoking callback 1/1 for Microsoft.VisualStudio.TestPlatform.CommandLine.TestRunResultAggregator., took 0 ms.
TpTrace Information: 0 : 6439, 10, 2025/06/06, 08:44:51.743, 931065521991916, vstest.console.dll, TestRunRequest:SendTestRunMessage: Completed.
TpTrace Verbose: 0 : 6439, 10, 2025/06/06, 08:44:51.743, 931065522006791, vstest.console.dll, MulticastDelegateUtilities.SafeInvoke: LengthPrefixCommunicationChannel: MessageReceived: Invoking callback 1/1 for Microsoft.VisualStudio.TestPlatform.CommunicationUtilities.TestRequestSender+<>c__DisplayClass34_0., took 0 ms.
TpTrace Verbose: 0 : 6439, 10, 2025/06/06, 08:44:51.743, 931065522016500, vstest.console.dll, TcpClientExtensions.MessageLoopAsync: Polling on remoteEndPoint: 127.0.0.1:49890 localEndPoint: 127.0.0.1:49889 after 51 ms
TpTrace Verbose: 0 : 6439, 4, 2025/06/06, 08:44:51.743, 931065522023041, vstest.console.dll, MulticastDelegateUtilities.SafeInvoke: InternalTestLoggerEvents.SendTestRunMessage: Invoking callback 1/1 for Microsoft.VisualStudio.TestPlatform.CommandLine.Internal.MSBuildLogger., took 0 ms.
TpTrace Verbose: 0 : 6439, 10, 2025/06/06, 08:44:51.789, 931065568313958, vstest.console.dll, TcpClientExtensions.MessageLoopAsync: NotifyDataAvailable remoteEndPoint: 127.0.0.1:49890 localEndPoint: 127.0.0.1:49889
TpTrace Verbose: 0 : 6439, 10, 2025/06/06, 08:44:51.789, 931065568455666, vstest.console.dll, TestRequestSender.OnExecutionMessageReceived: Received message: {"Version":7,"MessageType":"TestExecution.StatsChange","Payload":{"NewTestResults":[{"TestCase":{"Id":"3ad7f6b2-6782-9348-1c18-c5d944261b4b","FullyQualifiedName":"TBD.TestProject.ScheduleTest.BasePay_Property_SetAndGet_WorksCorrectly","DisplayName":"BasePay_Property_SetAndGet_WorksCorrectly","ExecutorUri":"executor://NUnit3TestExecutor","Source":"/Users/adamziv/Desktop/UnknownProject/TBD/bin/Debug/net9.0/TBD.dll","CodeFilePath":null,"LineNumber":0,"Properties":[{"Key":{"Id":"NUnit.Seed","Label":"Seed","Category":"","Description":"","Attributes":0,"ValueType":"System.String"},"Value":"1578203854"}]},"Attachments":[],"Outcome":1,"ErrorMessage":null,"ErrorStackTrace":null,"DisplayName":"BasePay_Property_SetAndGet_WorksCorrectly","Messages":[],"ComputerName":"AdamZiv-2","Duration":"00:00:00.0022290","StartTime":"2025-06-06T13:44:51.75324+00:00","EndTime":"2025-06-06T13:44:51.75544+00:00","Properties":[{"Key":{"Id":"NUnit.Seed","Label":"Seed","Category":"","Description":"","Attributes":0,"ValueType":"System.String"},"Value":"1578203854"}]},{"TestCase":{"Id":"b87bcbe6-3b65-3b10-3147-d15c4f275173","FullyQualifiedName":"TBD.TestProject.ScheduleTest.Constructor_Default_SetsDefaults","DisplayName":"Constructor_Default_SetsDefaults","ExecutorUri":"executor://NUnit3TestExecutor","Source":"/Users/adamziv/Desktop/UnknownProject/TBD/bin/Debug/net9.0/TBD.dll","CodeFilePath":null,"LineNumber":0,"Properties":[{"Key":{"Id":"NUnit.Seed","Label":"Seed","Category":"","Description":"","Attributes":0,"ValueType":"System.String"},"Value":"883232717"}]},"Attachments":[],"Outcome":1,"ErrorMessage":null,"ErrorStackTrace":null,"DisplayName":"Constructor_Default_SetsDefaults","Messages":[],"ComputerName":"AdamZiv-2","Duration":"00:00:00.0005800","StartTime":"2025-06-06T13:44:51.755954+00:00","EndTime":"2025-06-06T13:44:51.756529+00:00","Properties":[{"Key":{"Id":"NUnit.Seed","Label":"Seed","Category":"","Description":"","Attributes":0,"ValueType":"System.String"},"Value":"883232717"}]},{"TestCase":{"Id":"426275ea-0a92-11b3-d4e5-8f1ed208657c","FullyQualifiedName":"TBD.TestProject.ScheduleTest.Constructor_WithUser_SetsUserProperties","DisplayName":"Constructor_WithUser_SetsUserProperties","ExecutorUri":"executor://NUnit3TestExecutor","Source":"/Users/adamziv/Desktop/UnknownProject/TBD/bin/Debug/net9.0/TBD.dll","CodeFilePath":null,"LineNumber":0,"Properties":[{"Key":{"Id":"NUnit.Seed","Label":"Seed","Category":"","Description":"","Attributes":0,"ValueType":"System.String"},"Value":"1199852086"}]},"Attachments":[],"Outcome":1,"ErrorMessage":null,"ErrorStackTrace":null,"DisplayName":"Constructor_WithUser_SetsUserProperties","Messages":[],"ComputerName":"AdamZiv-2","Duration":"00:00:00.0037910","StartTime":"2025-06-06T13:44:51.756565+00:00","EndTime":"2025-06-06T13:44:51.760356+00:00","Properties":[{"Key":{"Id":"NUnit.Seed","Label":"Seed","Category":"","Description":"","Attributes":0,"ValueType":"System.String"},"Value":"1199852086"}]},{"TestCase":{"Id":"9ef3d9c2-3754-0db2-7614-b08e42f3d866","FullyQualifiedName":"TBD.TestProject.ScheduleTest.DaysWorked_Get_DeserializesCorrectly","DisplayName":"DaysWorked_Get_DeserializesCorrectly","ExecutorUri":"executor://NUnit3TestExecutor","Source":"/Users/adamziv/Desktop/UnknownProject/TBD/bin/Debug/net9.0/TBD.dll","CodeFilePath":null,"LineNumber":0,"Properties":[{"Key":{"Id":"NUnit.Seed","Label":"Seed","Category":"","Description":"","Attributes":0,"ValueType":"System.String"},"Value":"266970555"}]},"Attachments":[],"Outcome":1,"ErrorMessage":null,"ErrorStackTrace":null,"DisplayName":"DaysWorked_Get_DeserializesCorrectly","Messages":[],"ComputerName":"AdamZiv-2","Duration":"00:00:00.0091039","StartTime":"2025-06-06T13:44:51.760365+00:00","EndTime":"2025-06-06T13:44:51.769468+00:00","Properties":[{"Key":{"Id":"NUnit.Seed","Label":"Seed","Category":"","Description":"","Attributes":0,"ValueType":"System.String"},"Value":"266970555"}]},{"TestCase":{"Id":"0deef15f-af51-8624-4213-5e9a0a80683a","FullyQualifiedName":"TBD.TestProject.ScheduleTest.DaysWorked_Get_WhenInvalidJson_ThrowsInvalidOperationException","DisplayName":"DaysWorked_Get_WhenInvalidJson_ThrowsInvalidOperationException","ExecutorUri":"executor://NUnit3TestExecutor","Source":"/Users/adamziv/Desktop/UnknownProject/TBD/bin/Debug/net9.0/TBD.dll","CodeFilePath":null,"LineNumber":0,"Properties":[{"Key":{"Id":"NUnit.Seed","Label":"Seed","Category":"","Description":"","Attributes":0,"ValueType":"System.String"},"Value":"395456433"}]},"Attachments":[],"Outcome":1,"ErrorMessage":null,"ErrorStackTrace":null,"DisplayName":"DaysWorked_Get_WhenInvalidJson_ThrowsInvalidOperationException","Messages":[],"ComputerName":"AdamZiv-2","Duration":"00:00:00.0027889","StartTime":"2025-06-06T13:44:51.769489+00:00","EndTime":"2025-06-06T13:44:51.772277+00:00","Properties":[{"Key":{"Id":"NUnit.Seed","Label":"Seed","Category":"","Description":"","Attributes":0,"ValueType":"System.String"},"Value":"395456433"}]},{"TestCase":{"Id":"94fa14e9-626c-351a-62f8-183ca4d92456","FullyQualifiedName":"TBD.TestProject.ScheduleTest.DaysWorked_Set_SerializesCorrectly","DisplayName":"DaysWorked_Set_SerializesCorrectly","ExecutorUri":"executor://NUnit3TestExecutor","Source":"/Users/adamziv/Desktop/UnknownProject/TBD/bin/Debug/net9.0/TBD.dll","CodeFilePath":null,"LineNumber":0,"Properties":[{"Key":{"Id":"NUnit.Seed","Label":"Seed","Category":"","Description":"","Attributes":0,"ValueType":"System.String"},"Value":"1238459380"}]},"Attachments":[],"Outcome":1,"ErrorMessage":null,"ErrorStackTrace":null,"DisplayName":"DaysWorked_Set_SerializesCorrectly","Messages":[],"ComputerName":"AdamZiv-2","Duration":"00:00:00.0012230","StartTime":"2025-06-06T13:44:51.772303+00:00","EndTime":"2025-06-06T13:44:51.773526+00:00","Properties":[{"Key":{"Id":"NUnit.Seed","Label":"Seed","Category":"","Description":"","Attributes":0,"ValueType":"System.String"},"Value":"1238459380"}]},{"TestCase":{"Id":"d1823cb0-ea33-103c-f358-7d765f732b3c","FullyQualifiedName":"TBD.TestProject.ScheduleTest.FullCalculation_EndToEnd_ReturnsExpectedTotalPay","DisplayName":"FullCalculation_EndToEnd_ReturnsExpectedTotalPay","ExecutorUri":"executor://NUnit3TestExecutor","Source":"/Users/adamziv/Desktop/UnknownProject/TBD/bin/Debug/net9.0/TBD.dll","CodeFilePath":null,"LineNumber":0,"Properties":[{"Key":{"Id":"NUnit.Seed","Label":"Seed","Category":"","Description":"","Attributes":0,"ValueType":"System.String"},"Value":"328155247"}]},"Attachments":[],"Outcome":1,"ErrorMessage":null,"ErrorStackTrace":null,"DisplayName":"FullCalculation_EndToEnd_ReturnsExpectedTotalPay","Messages":[],"ComputerName":"AdamZiv-2","Duration":"00:00:00.0009140","StartTime":"2025-06-06T13:44:51.773542+00:00","EndTime":"2025-06-06T13:44:51.774456+00:00","Properties":[{"Key":{"Id":"NUnit.Seed","Label":"Seed","Category":"","Description":"","Attributes":0,"ValueType":"System.String"},"Value":"328155247"}]},{"TestCase":{"Id":"88d0963c-0551-fcff-6b99-20652cca1746","FullyQualifiedName":"TBD.TestProject.ScheduleTest.Overtime_CorrectlyCalculates(41,1)","DisplayName":"Overtime_CorrectlyCalculates(41,1)","ExecutorUri":"executor://NUnit3TestExecutor","Source":"/Users/adamziv/Desktop/UnknownProject/TBD/bin/Debug/net9.0/TBD.dll","CodeFilePath":null,"LineNumber":0,"Properties":[{"Key":{"Id":"NUnit.Seed","Label":"Seed","Category":"","Description":"","Attributes":0,"ValueType":"System.String"},"Value":"240241355"}]},"Attachments":[],"Outcome":1,"ErrorMessage":null,"ErrorStackTrace":null,"DisplayName":"Overtime_CorrectlyCalculates(41,1)","Messages":[],"ComputerName":"AdamZiv-2","Duration":"00:00:00.0001570","StartTime":"2025-06-06T13:44:51.774497+00:00","EndTime":"2025-06-06T13:44:51.774653+00:00","Properties":[{"Key":{"Id":"NUnit.Seed","Label":"Seed","Category":"","Description":"","Attributes":0,"ValueType":"System.String"},"Value":"240241355"}]},{"TestCase":{"Id":"4ee51601-9441-e0f8-161c-f841ac0002fc","FullyQualifiedName":"TBD.TestProject.ScheduleTest.Overtime_CorrectlyCalculates(50,10)","DisplayName":"Overtime_CorrectlyCalculates(50,10)","ExecutorUri":"executor://NUnit3TestExecutor","Source":"/Users/adamziv/Desktop/UnknownProject/TBD/bin/Debug/net9.0/TBD.dll","CodeFilePath":null,"LineNumber":0,"Properties":[{"Key":{"Id":"NUnit.Seed","Label":"Seed","Category":"","Description":"","Attributes":0,"ValueType":"System.String"},"Value":"238430987"}]},"Attachments":[],"Outcome":1,"ErrorMessage":null,"ErrorStackTrace":null,"DisplayName":"Overtime_CorrectlyCalculates(50,10)","Messages":[],"ComputerName":"AdamZiv-2","Duration":"00:00:00.0001620","StartTime":"2025-06-06T13:44:51.774662+00:00","EndTime":"2025-06-06T13:44:51.774823+00:00","Properties":[{"Key":{"Id":"NUnit.Seed","Label":"Seed","Category":"","Description":"","Attributes":0,"ValueType":"System.String"},"Value":"238430987"}]}],"TestRunStatistics":{"ExecutedTests":9,"Stats":{"Passed":9}},"ActiveTests":[{"Id":"c8bcf98c-169c-3036-3a85-a12a45884e93","FullyQualifiedName":"TBD.TestProject.ScheduleTest.Overtime_CorrectlyCalculates(60,20)","DisplayName":"Overtime_CorrectlyCalculates(60,20)","ExecutorUri":"executor://NUnit3TestExecutor","Source":"/Users/adamziv/Desktop/UnknownProject/TBD/bin/Debug/net9.0/TBD.dll","CodeFilePath":null,"LineNumber":0,"Properties":[{"Key":{"Id":"NUnit.Seed","Label":"Seed","Category":"","Description":"","Attributes":0,"ValueType":"System.String"},"Value":"1259273285"}]}]}}
TpTrace Verbose: 0 : 6439, 10, 2025/06/06, 08:44:51.797, 931065576632666, vstest.console.dll, TestRunRequest:SendTestRunStatsChange: Starting.
TpTrace Verbose: 0 : 6439, 10, 2025/06/06, 08:44:51.798, 931065576697875, vstest.console.dll, InProgress is Overtime_CorrectlyCalculates(60,20)
TpTrace Verbose: 0 : 6439, 10, 2025/06/06, 08:44:51.798, 931065576759875, vstest.console.dll, MulticastDelegateUtilities.SafeInvoke: TestRun.RunStatsChanged: Invoking callbacks was skipped because there are no subscribers.
TpTrace Information: 0 : 6439, 10, 2025/06/06, 08:44:51.798, 931065576767833, vstest.console.dll, TestRunRequest:SendTestRunStatsChange: Completed.
TpTrace Verbose: 0 : 6439, 10, 2025/06/06, 08:44:51.798, 931065576776125, vstest.console.dll, MulticastDelegateUtilities.SafeInvoke: LengthPrefixCommunicationChannel: MessageReceived: Invoking callback 1/1 for Microsoft.VisualStudio.TestPlatform.CommunicationUtilities.TestRequestSender+<>c__DisplayClass34_0., took 8 ms.
TpTrace Verbose: 0 : 6439, 10, 2025/06/06, 08:44:51.798, 931065576786750, vstest.console.dll, TcpClientExtensions.MessageLoopAsync: Polling on remoteEndPoint: 127.0.0.1:49890 localEndPoint: 127.0.0.1:49889 after 54 ms
TpTrace Verbose: 0 : 6439, 10, 2025/06/06, 08:44:51.798, 931065576802750, vstest.console.dll, TcpClientExtensions.MessageLoopAsync: NotifyDataAvailable remoteEndPoint: 127.0.0.1:49890 localEndPoint: 127.0.0.1:49889
TpTrace Verbose: 0 : 6439, 4, 2025/06/06, 08:44:51.798, 931065576843750, vstest.console.dll, MulticastDelegateUtilities.SafeInvoke: InternalTestLoggerEvents.SendTestResult: Invoking callback 1/1 for Microsoft.VisualStudio.TestPlatform.CommandLine.Internal.MSBuildLogger., took 0 ms.
TpTrace Verbose: 0 : 6439, 10, 2025/06/06, 08:44:51.798, 931065576874750, vstest.console.dll, TestRequestSender.OnExecutionMessageReceived: Received message: {"Version":7,"MessageType":"TestExecution.StatsChange","Payload":{"NewTestResults":[{"TestCase":{"Id":"c8bcf98c-169c-3036-3a85-a12a45884e93","FullyQualifiedName":"TBD.TestProject.ScheduleTest.Overtime_CorrectlyCalculates(60,20)","DisplayName":"Overtime_CorrectlyCalculates(60,20)","ExecutorUri":"executor://NUnit3TestExecutor","Source":"/Users/adamziv/Desktop/UnknownProject/TBD/bin/Debug/net9.0/TBD.dll","CodeFilePath":null,"LineNumber":0,"Properties":[{"Key":{"Id":"NUnit.Seed","Label":"Seed","Category":"","Description":"","Attributes":0,"ValueType":"System.String"},"Value":"1259273285"}]},"Attachments":[],"Outcome":1,"ErrorMessage":null,"ErrorStackTrace":null,"DisplayName":"Overtime_CorrectlyCalculates(60,20)","Messages":[],"ComputerName":"AdamZiv-2","Duration":"00:00:00.0000110","StartTime":"2025-06-06T13:44:51.774839+00:00","EndTime":"2025-06-06T13:44:51.77485+00:00","Properties":[{"Key":{"Id":"NUnit.Seed","Label":"Seed","Category":"","Description":"","Attributes":0,"ValueType":"System.String"},"Value":"1259273285"}]},{"TestCase":{"Id":"6441f501-9d6e-2ccd-0646-f6168d7b5f7f","FullyQualifiedName":"TBD.TestProject.ScheduleTest.Overtime_CorrectlyCalculates(39.5d,0)","DisplayName":"Overtime_CorrectlyCalculates(39.5d,0)","ExecutorUri":"executor://NUnit3TestExecutor","Source":"/Users/adamziv/Desktop/UnknownProject/TBD/bin/Debug/net9.0/TBD.dll","CodeFilePath":null,"LineNumber":0,"Properties":[{"Key":{"Id":"NUnit.Seed","Label":"Seed","Category":"","Description":"","Attributes":0,"ValueType":"System.String"},"Value":"2022399266"}]},"Attachments":[],"Outcome":1,"ErrorMessage":null,"ErrorStackTrace":null,"DisplayName":"Overtime_CorrectlyCalculates(39.5d,0)","Messages":[],"ComputerName":"AdamZiv-2","Duration":"00:00:00.0000030","StartTime":"2025-06-06T13:44:51.774852+00:00","EndTime":"2025-06-06T13:44:51.774855+00:00","Properties":[{"Key":{"Id":"NUnit.Seed","Label":"Seed","Category":"","Description":"","Attributes":0,"ValueType":"System.String"},"Value":"2022399266"}]},{"TestCase":{"Id":"a2736778-bce7-d2db-0b7f-c0bcc7a97616","FullyQualifiedName":"TBD.TestProject.ScheduleTest.Overtime_CorrectlyCalculates(null,0)","DisplayName":"Overtime_CorrectlyCalculates(null,0)","ExecutorUri":"executor://NUnit3TestExecutor","Source":"/Users/adamziv/Desktop/UnknownProject/TBD/bin/Debug/net9.0/TBD.dll","CodeFilePath":null,"LineNumber":0,"Properties":[{"Key":{"Id":"NUnit.Seed","Label":"Seed","Category":"","Description":"","Attributes":0,"ValueType":"System.String"},"Value":"973236571"}]},"Attachments":[],"Outcome":1,"ErrorMessage":null,"ErrorStackTrace":null,"DisplayName":"Overtime_CorrectlyCalculates(null,0)","Messages":[],"ComputerName":"AdamZiv-2","Duration":"00:00:00.0000060","StartTime":"2025-06-06T13:44:51.774856+00:00","EndTime":"2025-06-06T13:44:51.774862+00:00","Properties":[{"Key":{"Id":"NUnit.Seed","Label":"Seed","Category":"","Description":"","Attributes":0,"ValueType":"System.String"},"Value":"973236571"}]},{"TestCase":{"Id":"7f8756a6-6621-4018-73d5-e15297f66a60","FullyQualifiedName":"TBD.TestProject.ScheduleTest.OvertimeRate_WhenNoOvertime_ReturnsZero","DisplayName":"OvertimeRate_WhenNoOvertime_ReturnsZero","ExecutorUri":"executor://NUnit3TestExecutor","Source":"/Users/adamziv/Desktop/UnknownProject/TBD/bin/Debug/net9.0/TBD.dll","CodeFilePath":null,"LineNumber":0,"Properties":[{"Key":{"Id":"NUnit.Seed","Label":"Seed","Category":"","Description":"","Attributes":0,"ValueType":"System.String"},"Value":"1754521824"}]},"Attachments":[],"Outcome":1,"ErrorMessage":null,"ErrorStackTrace":null,"DisplayName":"OvertimeRate_WhenNoOvertime_ReturnsZero","Messages":[],"ComputerName":"AdamZiv-2","Duration":"00:00:00.0002570","StartTime":"2025-06-06T13:44:51.775333+00:00","EndTime":"2025-06-06T13:44:51.77559+00:00","Properties":[{"Key":{"Id":"NUnit.Seed","Label":"Seed","Category":"","Description":"","Attributes":0,"ValueType":"System.String"},"Value":"1754521824"}]},{"TestCase":{"Id":"12209ced-c737-3b43-8e74-2334272504f7","FullyQualifiedName":"TBD.TestProject.ScheduleTest.OvertimeRate_WhenOvertimeExists_CalculatesCorrectly","DisplayName":"OvertimeRate_WhenOvertimeExists_CalculatesCorrectly","ExecutorUri":"executor://NUnit3TestExecutor","Source":"/Users/adamziv/Desktop/UnknownProject/TBD/bin/Debug/net9.0/TBD.dll","CodeFilePath":null,"LineNumber":0,"Properties":[{"Key":{"Id":"NUnit.Seed","Label":"Seed","Category":"","Description":"","Attributes":0,"ValueType":"System.String"},"Value":"1257552086"}]},"Attachments":[],"Outcome":1,"ErrorMessage":null,"ErrorStackTrace":null,"DisplayName":"OvertimeRate_WhenOvertimeExists_CalculatesCorrectly","Messages":[],"ComputerName":"AdamZiv-2","Duration":"00:00:00.0000490","StartTime":"2025-06-06T13:44:51.775595+00:00","EndTime":"2025-06-06T13:44:51.775644+00:00","Properties":[{"Key":{"Id":"NUnit.Seed","Label":"Seed","Category":"","Description":"","Attributes":0,"ValueType":"System.String"},"Value":"1257552086"}]},{"TestCase":{"Id":"87380615-0554-0e3a-22ba-fc9b416524ee","FullyQualifiedName":"TBD.TestProject.ScheduleTest.RecalculateTotalHours_CalculatesCorrectly","DisplayName":"RecalculateTotalHours_CalculatesCorrectly","ExecutorUri":"executor://NUnit3TestExecutor","Source":"/Users/adamziv/Desktop/UnknownProject/TBD/bin/Debug/net9.0/TBD.dll","CodeFilePath":null,"LineNumber":0,"Properties":[{"Key":{"Id":"NUnit.Seed","Label":"Seed","Category":"","Description":"","Attributes":0,"ValueType":"System.String"},"Value":"1114583379"}]},"Attachments":[],"Outcome":1,"ErrorMessage":null,"ErrorStackTrace":null,"DisplayName":"RecalculateTotalHours_CalculatesCorrectly","Messages":[],"ComputerName":"AdamZiv-2","Duration":"00:00:00.0000580","StartTime":"2025-06-06T13:44:51.775646+00:00","EndTime":"2025-06-06T13:44:51.775704+00:00","Properties":[{"Key":{"Id":"NUnit.Seed","Label":"Seed","Category":"","Description":"","Attributes":0,"ValueType":"System.String"},"Value":"1114583379"}]},{"TestCase":{"Id":"fd96290d-b0bb-a330-e8e5-26addbcbed01","FullyQualifiedName":"TBD.TestProject.ScheduleTest.RecalculateTotalHours_OverwritesExistingTotal","DisplayName":"RecalculateTotalHours_OverwritesExistingTotal","ExecutorUri":"executor://NUnit3TestExecutor","Source":"/Users/adamziv/Desktop/UnknownProject/TBD/bin/Debug/net9.0/TBD.dll","CodeFilePath":null,"LineNumber":0,"Properties":[{"Key":{"Id":"NUnit.Seed","Label":"Seed","Category":"","Description":"","Attributes":0,"ValueType":"System.String"},"Value":"79721528"}]},"Attachments":[],"Outcome":1,"ErrorMessage":null,"ErrorStackTrace":null,"DisplayName":"RecalculateTotalHours_OverwritesExistingTotal","Messages":[],"ComputerName":"AdamZiv-2","Duration":"00:00:00.0000590","StartTime":"2025-06-06T13:44:51.775706+00:00","EndTime":"2025-06-06T13:44:51.775765+00:00","Properties":[{"Key":{"Id":"NUnit.Seed","Label":"Seed","Category":"","Description":"","Attributes":0,"ValueType":"System.String"},"Value":"79721528"}]},{"TestCase":{"Id":"ddccaf23-9382-4425-f914-f983862346d6","FullyQualifiedName":"TBD.TestProject.ScheduleTest.TotalHoursWorked_Property_SetAndGet_WorksCorrectly","DisplayName":"TotalHoursWorked_Property_SetAndGet_WorksCorrectly","ExecutorUri":"executor://NUnit3TestExecutor","Source":"/Users/adamziv/Desktop/UnknownProject/TBD/bin/Debug/net9.0/TBD.dll","CodeFilePath":null,"LineNumber":0,"Properties":[{"Key":{"Id":"NUnit.Seed","Label":"Seed","Category":"","Description":"","Attributes":0,"ValueType":"System.String"},"Value":"964177997"}]},"Attachments":[],"Outcome":1,"ErrorMessage":null,"ErrorStackTrace":null,"DisplayName":"TotalHoursWorked_Property_SetAndGet_WorksCorrectly","Messages":[],"ComputerName":"AdamZiv-2","Duration":"00:00:00.0000400","StartTime":"2025-06-06T13:44:51.77577+00:00","EndTime":"2025-06-06T13:44:51.775809+00:00","Properties":[{"Key":{"Id":"NUnit.Seed","Label":"Seed","Category":"","Description":"","Attributes":0,"ValueType":"System.String"},"Value":"964177997"}]},{"TestCase":{"Id":"b2698ed7-657c-339a-d967-eb80f0329745","FullyQualifiedName":"TBD.TestProject.ScheduleTest.TotalPayComputed_WhenBasePayIsNull_ReturnsZero","DisplayName":"TotalPayComputed_WhenBasePayIsNull_ReturnsZero","ExecutorUri":"executor://NUnit3TestExecutor","Source":"/Users/adamziv/Desktop/UnknownProject/TBD/bin/Debug/net9.0/TBD.dll","CodeFilePath":null,"LineNumber":0,"Properties":[{"Key":{"Id":"NUnit.Seed","Label":"Seed","Category":"","Description":"","Attributes":0,"ValueType":"System.String"},"Value":"331886351"}]},"Attachments":[],"Outcome":1,"ErrorMessage":null,"ErrorStackTrace":null,"DisplayName":"TotalPayComputed_WhenBasePayIsNull_ReturnsZero","Messages":[],"ComputerName":"AdamZiv-2","Duration":"00:00:00.0001220","StartTime":"2025-06-06T13:44:51.775811+00:00","EndTime":"2025-06-06T13:44:51.775933+00:00","Properties":[{"Key":{"Id":"NUnit.Seed","Label":"Seed","Category":"","Description":"","Attributes":0,"ValueType":"System.String"},"Value":"331886351"}]}],"TestRunStatistics":{"ExecutedTests":18,"Stats":{"Passed":18}},"ActiveTests":[{"Id":"23061230-1d6a-c947-1e0d-5b4b84bab578","FullyQualifiedName":"TBD.TestProject.ScheduleTest.TotalPayComputed_WhenTotalHoursWorkedIsLessThanOrEqualTo40_ReturnsCorrectValue","DisplayName":"TotalPayComputed_WhenTotalHoursWorkedIsLessThanOrEqualTo40_ReturnsCorrectValue","ExecutorUri":"executor://NUnit3TestExecutor","Source":"/Users/adamziv/Desktop/UnknownProject/TBD/bin/Debug/net9.0/TBD.dll","CodeFilePath":null,"LineNumber":0,"Properties":[{"Key":{"Id":"NUnit.Seed","Label":"Seed","Category":"","Description":"","Attributes":0,"ValueType":"System.String"},"Value":"1835057057"}]}]}}
TpTrace Verbose: 0 : 6439, 4, 2025/06/06, 08:44:51.798, 931065577069416, vstest.console.dll, MulticastDelegateUtilities.SafeInvoke: InternalTestLoggerEvents.SendTestResult: Invoking callback 1/1 for Microsoft.VisualStudio.TestPlatform.CommandLine.Internal.MSBuildLogger., took 0 ms.
TpTrace Verbose: 0 : 6439, 4, 2025/06/06, 08:44:51.798, 931065577087583, vstest.console.dll, MulticastDelegateUtilities.SafeInvoke: InternalTestLoggerEvents.SendTestResult: Invoking callback 1/1 for Microsoft.VisualStudio.TestPlatform.CommandLine.Internal.MSBuildLogger., took 0 ms.
TpTrace Verbose: 0 : 6439, 4, 2025/06/06, 08:44:51.798, 931065577101458, vstest.console.dll, MulticastDelegateUtilities.SafeInvoke: InternalTestLoggerEvents.SendTestResult: Invoking callback 1/1 for Microsoft.VisualStudio.TestPlatform.CommandLine.Internal.MSBuildLogger., took 0 ms.
TpTrace Verbose: 0 : 6439, 4, 2025/06/06, 08:44:51.798, 931065577108625, vstest.console.dll, MulticastDelegateUtilities.SafeInvoke: InternalTestLoggerEvents.SendTestResult: Invoking callback 1/1 for Microsoft.VisualStudio.TestPlatform.CommandLine.Internal.MSBuildLogger., took 0 ms.
TpTrace Verbose: 0 : 6439, 4, 2025/06/06, 08:44:51.798, 931065577115291, vstest.console.dll, MulticastDelegateUtilities.SafeInvoke: InternalTestLoggerEvents.SendTestResult: Invoking callback 1/1 for Microsoft.VisualStudio.TestPlatform.CommandLine.Internal.MSBuildLogger., took 0 ms.
TpTrace Verbose: 0 : 6439, 4, 2025/06/06, 08:44:51.798, 931065577121541, vstest.console.dll, MulticastDelegateUtilities.SafeInvoke: InternalTestLoggerEvents.SendTestResult: Invoking callback 1/1 for Microsoft.VisualStudio.TestPlatform.CommandLine.Internal.MSBuildLogger., took 0 ms.
TpTrace Verbose: 0 : 6439, 4, 2025/06/06, 08:44:51.798, 931065577130833, vstest.console.dll, MulticastDelegateUtilities.SafeInvoke: InternalTestLoggerEvents.SendTestResult: Invoking callback 1/1 for Microsoft.VisualStudio.TestPlatform.CommandLine.Internal.MSBuildLogger., took 0 ms.
TpTrace Verbose: 0 : 6439, 4, 2025/06/06, 08:44:51.798, 931065577136916, vstest.console.dll, MulticastDelegateUtilities.SafeInvoke: InternalTestLoggerEvents.SendTestResult: Invoking callback 1/1 for Microsoft.VisualStudio.TestPlatform.CommandLine.Internal.MSBuildLogger., took 0 ms.
TpTrace Verbose: 0 : 6439, 10, 2025/06/06, 08:44:51.798, 931065577321166, vstest.console.dll, TestRunRequest:SendTestRunStatsChange: Starting.
TpTrace Verbose: 0 : 6439, 10, 2025/06/06, 08:44:51.798, 931065577337250, vstest.console.dll, InProgress is TotalPayComputed_WhenTotalHoursWorkedIsLessThanOrEqualTo40_ReturnsCorrectValue
TpTrace Verbose: 0 : 6439, 10, 2025/06/06, 08:44:51.798, 931065577350625, vstest.console.dll, MulticastDelegateUtilities.SafeInvoke: TestRun.RunStatsChanged: Invoking callbacks was skipped because there are no subscribers.
TpTrace Information: 0 : 6439, 10, 2025/06/06, 08:44:51.798, 931065577355875, vstest.console.dll, TestRunRequest:SendTestRunStatsChange: Completed.
TpTrace Verbose: 0 : 6439, 4, 2025/06/06, 08:44:51.798, 931065577356000, vstest.console.dll, MulticastDelegateUtilities.SafeInvoke: InternalTestLoggerEvents.SendTestResult: Invoking callback 1/1 for Microsoft.VisualStudio.TestPlatform.CommandLine.Internal.MSBuildLogger., took 0 ms.
TpTrace Verbose: 0 : 6439, 10, 2025/06/06, 08:44:51.798, 931065577361583, vstest.console.dll, MulticastDelegateUtilities.SafeInvoke: LengthPrefixCommunicationChannel: MessageReceived: Invoking callback 1/1 for Microsoft.VisualStudio.TestPlatform.CommunicationUtilities.TestRequestSender+<>c__DisplayClass34_0., took 0 ms.
TpTrace Verbose: 0 : 6439, 4, 2025/06/06, 08:44:51.798, 931065577371291, vstest.console.dll, MulticastDelegateUtilities.SafeInvoke: InternalTestLoggerEvents.SendTestResult: Invoking callback 1/1 for Microsoft.VisualStudio.TestPlatform.CommandLine.Internal.MSBuildLogger., took 0 ms.
TpTrace Verbose: 0 : 6439, 4, 2025/06/06, 08:44:51.798, 931065577408333, vstest.console.dll, MulticastDelegateUtilities.SafeInvoke: InternalTestLoggerEvents.SendTestResult: Invoking callback 1/1 for Microsoft.VisualStudio.TestPlatform.CommandLine.Internal.MSBuildLogger., took 0 ms.
TpTrace Verbose: 0 : 6439, 10, 2025/06/06, 08:44:51.798, 931065577380083, vstest.console.dll, TcpClientExtensions.MessageLoopAsync: Polling on remoteEndPoint: 127.0.0.1:49890 localEndPoint: 127.0.0.1:49889 after 0 ms
TpTrace Verbose: 0 : 6439, 4, 2025/06/06, 08:44:51.798, 931065577414833, vstest.console.dll, MulticastDelegateUtilities.SafeInvoke: InternalTestLoggerEvents.SendTestResult: Invoking callback 1/1 for Microsoft.VisualStudio.TestPlatform.CommandLine.Internal.MSBuildLogger., took 0 ms.
TpTrace Verbose: 0 : 6439, 4, 2025/06/06, 08:44:51.798, 931065577438541, vstest.console.dll, MulticastDelegateUtilities.SafeInvoke: InternalTestLoggerEvents.SendTestResult: Invoking callback 1/1 for Microsoft.VisualStudio.TestPlatform.CommandLine.Internal.MSBuildLogger., took 0 ms.
TpTrace Verbose: 0 : 6439, 4, 2025/06/06, 08:44:51.798, 931065577444750, vstest.console.dll, MulticastDelegateUtilities.SafeInvoke: InternalTestLoggerEvents.SendTestResult: Invoking callback 1/1 for Microsoft.VisualStudio.TestPlatform.CommandLine.Internal.MSBuildLogger., took 0 ms.
TpTrace Verbose: 0 : 6439, 4, 2025/06/06, 08:44:51.798, 931065577450166, vstest.console.dll, MulticastDelegateUtilities.SafeInvoke: InternalTestLoggerEvents.SendTestResult: Invoking callback 1/1 for Microsoft.VisualStudio.TestPlatform.CommandLine.Internal.MSBuildLogger., took 0 ms.
TpTrace Verbose: 0 : 6439, 4, 2025/06/06, 08:44:51.798, 931065577455375, vstest.console.dll, MulticastDelegateUtilities.SafeInvoke: InternalTestLoggerEvents.SendTestResult: Invoking callback 1/1 for Microsoft.VisualStudio.TestPlatform.CommandLine.Internal.MSBuildLogger., took 0 ms.
TpTrace Verbose: 0 : 6439, 4, 2025/06/06, 08:44:51.798, 931065577460625, vstest.console.dll, MulticastDelegateUtilities.SafeInvoke: InternalTestLoggerEvents.SendTestResult: Invoking callback 1/1 for Microsoft.VisualStudio.TestPlatform.CommandLine.Internal.MSBuildLogger., took 0 ms.
TpTrace Verbose: 0 : 6439, 10, 2025/06/06, 08:44:52.132, 931065911646083, vstest.console.dll, TcpClientExtensions.MessageLoopAsync: NotifyDataAvailable remoteEndPoint: 127.0.0.1:49890 localEndPoint: 127.0.0.1:49889
TpTrace Verbose: 0 : 6439, 10, 2025/06/06, 08:44:52.133, 931065911881125, vstest.console.dll, TestRequestSender.OnExecutionMessageReceived: Received message: {"Version":7,"MessageType":"TestExecution.StatsChange","Payload":{"NewTestResults":[{"TestCase":{"Id":"23061230-1d6a-c947-1e0d-5b4b84bab578","FullyQualifiedName":"TBD.TestProject.ScheduleTest.TotalPayComputed_WhenTotalHoursWorkedIsLessThanOrEqualTo40_ReturnsCorrectValue","DisplayName":"TotalPayComputed_WhenTotalHoursWorkedIsLessThanOrEqualTo40_ReturnsCorrectValue","ExecutorUri":"executor://NUnit3TestExecutor","Source":"/Users/adamziv/Desktop/UnknownProject/TBD/bin/Debug/net9.0/TBD.dll","CodeFilePath":null,"LineNumber":0,"Properties":[{"Key":{"Id":"NUnit.Seed","Label":"Seed","Category":"","Description":"","Attributes":0,"ValueType":"System.String"},"Value":"1835057057"}]},"Attachments":[],"Outcome":1,"ErrorMessage":null,"ErrorStackTrace":null,"DisplayName":"TotalPayComputed_WhenTotalHoursWorkedIsLessThanOrEqualTo40_ReturnsCorrectValue","Messages":[],"ComputerName":"AdamZiv-2","Duration":"00:00:00.0000590","StartTime":"2025-06-06T13:44:51.775934+00:00","EndTime":"2025-06-06T13:44:51.775993+00:00","Properties":[{"Key":{"Id":"NUnit.Seed","Label":"Seed","Category":"","Description":"","Attributes":0,"ValueType":"System.String"},"Value":"1835057057"}]},{"TestCase":{"Id":"f0b0cd3a-0260-6471-47b5-44386b056602","FullyQualifiedName":"TBD.TestProject.ScheduleTest.TotalPayComputed_WhenTotalHoursWorkedIsMoreThan40_ReturnsCorrectValue","DisplayName":"TotalPayComputed_WhenTotalHoursWorkedIsMoreThan40_ReturnsCorrectValue","ExecutorUri":"executor://NUnit3TestExecutor","Source":"/Users/adamziv/Desktop/UnknownProject/TBD/bin/Debug/net9.0/TBD.dll","CodeFilePath":null,"LineNumber":0,"Properties":[{"Key":{"Id":"NUnit.Seed","Label":"Seed","Category":"","Description":"","Attributes":0,"ValueType":"System.String"},"Value":"101344396"}]},"Attachments":[],"Outcome":1,"ErrorMessage":null,"ErrorStackTrace":null,"DisplayName":"TotalPayComputed_WhenTotalHoursWorkedIsMoreThan40_ReturnsCorrectValue","Messages":[],"ComputerName":"AdamZiv-2","Duration":"00:00:00.0000470","StartTime":"2025-06-06T13:44:51.775995+00:00","EndTime":"2025-06-06T13:44:51.776042+00:00","Properties":[{"Key":{"Id":"NUnit.Seed","Label":"Seed","Category":"","Description":"","Attributes":0,"ValueType":"System.String"},"Value":"101344396"}]},{"TestCase":{"Id":"eb55324d-80cd-5d85-b226-999f2317accb","FullyQualifiedName":"TBD.TestProject.UserAddressServiceTests.AddAsync_WithNullEntity_ThrowsException","DisplayName":"AddAsync_WithNullEntity_ThrowsException","ExecutorUri":"executor://NUnit3TestExecutor","Source":"/Users/adamziv/Desktop/UnknownProject/TBD/bin/Debug/net9.0/TBD.dll","CodeFilePath":null,"LineNumber":0,"Properties":[{"Key":{"Id":"NUnit.Seed","Label":"Seed","Category":"","Description":"","Attributes":0,"ValueType":"System.String"},"Value":"645546328"}]},"Attachments":[],"Outcome":1,"ErrorMessage":null,"ErrorStackTrace":null,"DisplayName":"AddAsync_WithNullEntity_ThrowsException","Messages":[],"ComputerName":"AdamZiv-2","Duration":"00:00:00.2610210","StartTime":"2025-06-06T13:44:51.776425+00:00","EndTime":"2025-06-06T13:44:52.037443+00:00","Properties":[{"Key":{"Id":"NUnit.Seed","Label":"Seed","Category":"","Description":"","Attributes":0,"ValueType":"System.String"},"Value":"645546328"}]},{"TestCase":{"Id":"0a298f51-03b3-49de-d738-78066c5a1339","FullyQualifiedName":"TBD.TestProject.UserAddressServiceTests.AddAsync_WithValidEntity_AddsEntityAndSavesChanges","DisplayName":"AddAsync_WithValidEntity_AddsEntityAndSavesChanges","ExecutorUri":"executor://NUnit3TestExecutor","Source":"/Users/adamziv/Desktop/UnknownProject/TBD/bin/Debug/net9.0/TBD.dll","CodeFilePath":null,"LineNumber":0,"Properties":[{"Key":{"Id":"NUnit.Seed","Label":"Seed","Category":"","Description":"","Attributes":0,"ValueType":"System.String"},"Value":"600423168"}]},"Attachments":[],"Outcome":1,"ErrorMessage":null,"ErrorStackTrace":null,"DisplayName":"AddAsync_WithValidEntity_AddsEntityAndSavesChanges","Messages":[],"ComputerName":"AdamZiv-2","Duration":"00:00:00.0122399","StartTime":"2025-06-06T13:44:52.037477+00:00","EndTime":"2025-06-06T13:44:52.049717+00:00","Properties":[{"Key":{"Id":"NUnit.Seed","Label":"Seed","Category":"","Description":"","Attributes":0,"ValueType":"System.String"},"Value":"600423168"}]},{"TestCase":{"Id":"b1412905-48c8-16a8-c557-61c3bec8196c","FullyQualifiedName":"TBD.TestProject.UserAddressServiceTests.AddRangeAsync_WithNullCollection_ThrowsException","DisplayName":"AddRangeAsync_WithNullCollection_ThrowsException","ExecutorUri":"executor://NUnit3TestExecutor","Source":"/Users/adamziv/Desktop/UnknownProject/TBD/bin/Debug/net9.0/TBD.dll","CodeFilePath":null,"LineNumber":0,"Properties":[{"Key":{"Id":"NUnit.Seed","Label":"Seed","Category":"","Description":"","Attributes":0,"ValueType":"System.String"},"Value":"940635666"}]},"Attachments":[],"Outcome":1,"ErrorMessage":null,"ErrorStackTrace":null,"DisplayName":"AddRangeAsync_WithNullCollection_ThrowsException","Messages":[],"ComputerName":"AdamZiv-2","Duration":"00:00:00.0047570","StartTime":"2025-06-06T13:44:52.049736+00:00","EndTime":"2025-06-06T13:44:52.054493+00:00","Properties":[{"Key":{"Id":"NUnit.Seed","Label":"Seed","Category":"","Description":"","Attributes":0,"ValueType":"System.String"},"Value":"940635666"}]},{"TestCase":{"Id":"f4ead9ee-99bd-8251-5933-bb67fd0fa438","FullyQualifiedName":"TBD.TestProject.UserAddressServiceTests.AddRangeAsync_WithValidEntities_AddsEntitiesAndSavesChanges","DisplayName":"AddRangeAsync_WithValidEntities_AddsEntitiesAndSavesChanges","ExecutorUri":"executor://NUnit3TestExecutor","Source":"/Users/adamziv/Desktop/UnknownProject/TBD/bin/Debug/net9.0/TBD.dll","CodeFilePath":null,"LineNumber":0,"Properties":[{"Key":{"Id":"NUnit.Seed","Label":"Seed","Category":"","Description":"","Attributes":0,"ValueType":"System.String"},"Value":"1338856087"}]},"Attachments":[],"Outcome":1,"ErrorMessage":null,"ErrorStackTrace":null,"DisplayName":"AddRangeAsync_WithValidEntities_AddsEntitiesAndSavesChanges","Messages":[],"ComputerName":"AdamZiv-2","Duration":"00:00:00.0373690","StartTime":"2025-06-06T13:44:52.054509+00:00","EndTime":"2025-06-06T13:44:52.091878+00:00","Properties":[{"Key":{"Id":"NUnit.Seed","Label":"Seed","Category":"","Description":"","Attributes":0,"ValueType":"System.String"},"Value":"1338856087"}]},{"TestCase":{"Id":"8f9d3102-b028-b9fb-8153-610f3d0c7ca5","FullyQualifiedName":"TBD.TestProject.UserAddressServiceTests.CompleteWorkflow_AddFindUpdateRemove_WorksCorrectly","DisplayName":"CompleteWorkflow_AddFindUpdateRemove_WorksCorrectly","ExecutorUri":"executor://NUnit3TestExecutor","Source":"/Users/adamziv/Desktop/UnknownProject/TBD/bin/Debug/net9.0/TBD.dll","CodeFilePath":null,"LineNumber":0,"Properties":[{"Key":{"Id":"NUnit.Seed","Label":"Seed","Category":"","Description":"","Attributes":0,"ValueType":"System.String"},"Value":"975344540"}]},"Attachments":[],"Outcome":1,"ErrorMessage":null,"ErrorStackTrace":null,"DisplayName":"CompleteWorkflow_AddFindUpdateRemove_WorksCorrectly","Messages":[],"ComputerName":"AdamZiv-2","Duration":"00:00:00.0342710","StartTime":"2025-06-06T13:44:52.091905+00:00","EndTime":"2025-06-06T13:44:52.126175+00:00","Properties":[{"Key":{"Id":"NUnit.Seed","Label":"Seed","Category":"","Description":"","Attributes":0,"ValueType":"System.String"},"Value":"975344540"}]},{"TestCase":{"Id":"a7ef976e-705b-2fdc-fcc5-e44799c1f6b8","FullyQualifiedName":"TBD.TestProject.UserAddressServiceTests.FindAsync_WithComplexExpression_ReturnsMatchingAddresses","DisplayName":"FindAsync_WithComplexExpression_ReturnsMatchingAddresses","ExecutorUri":"executor://NUnit3TestExecutor","Source":"/Users/adamziv/Desktop/UnknownProject/TBD/bin/Debug/net9.0/TBD.dll","CodeFilePath":null,"LineNumber":0,"Properties":[{"Key":{"Id":"NUnit.Seed","Label":"Seed","Category":"","Description":"","Attributes":0,"ValueType":"System.String"},"Value":"1277006719"}]},"Attachments":[],"Outcome":1,"ErrorMessage":null,"ErrorStackTrace":null,"DisplayName":"FindAsync_WithComplexExpression_ReturnsMatchingAddresses","Messages":[],"ComputerName":"AdamZiv-2","Duration":"00:00:00.0034160","StartTime":"2025-06-06T13:44:52.126232+00:00","EndTime":"2025-06-06T13:44:52.129649+00:00","Properties":[{"Key":{"Id":"NUnit.Seed","Label":"Seed","Category":"","Description":"","Attributes":0,"ValueType":"System.String"},"Value":"1277006719"}]},{"TestCase":{"Id":"412b49bd-cb78-c1e6-83ae-fba9d5aa278d","FullyQualifiedName":"TBD.TestProject.UserAddressServiceTests.FindAsync_WithNoMatches_ReturnsEmptyCollection","DisplayName":"FindAsync_WithNoMatches_ReturnsEmptyCollection","ExecutorUri":"executor://NUnit3TestExecutor","Source":"/Users/adamziv/Desktop/UnknownProject/TBD/bin/Debug/net9.0/TBD.dll","CodeFilePath":null,"LineNumber":0,"Properties":[{"Key":{"Id":"NUnit.Seed","Label":"Seed","Category":"","Description":"","Attributes":0,"ValueType":"System.String"},"Value":"1642223001"}]},"Attachments":[],"Outcome":1,"ErrorMessage":null,"ErrorStackTrace":null,"DisplayName":"FindAsync_WithNoMatches_ReturnsEmptyCollection","Messages":[],"ComputerName":"AdamZiv-2","Duration":"00:00:00.0027020","StartTime":"2025-06-06T13:44:52.129674+00:00","EndTime":"2025-06-06T13:44:52.132377+00:00","Properties":[{"Key":{"Id":"NUnit.Seed","Label":"Seed","Category":"","Description":"","Attributes":0,"ValueType":"System.String"},"Value":"1642223001"}]}],"TestRunStatistics":{"ExecutedTests":27,"Stats":{"Passed":27}},"ActiveTests":[{"Id":"4fba63d8-7fd5-6b97-1fdf-787698dc1a11","FullyQualifiedName":"TBD.TestProject.UserAddressServiceTests.FindAsync_WithValidExpression_ReturnsMatchingAddresses","DisplayName":"FindAsync_WithValidExpression_ReturnsMatchingAddresses","ExecutorUri":"executor://NUnit3TestExecutor","Source":"/Users/adamziv/Desktop/UnknownProject/TBD/bin/Debug/net9.0/TBD.dll","CodeFilePath":null,"LineNumber":0,"Properties":[{"Key":{"Id":"NUnit.Seed","Label":"Seed","Category":"","Description":"","Attributes":0,"ValueType":"System.String"},"Value":"302826146"}]}]}}
TpTrace Verbose: 0 : 6439, 10, 2025/06/06, 08:44:52.133, 931065912541375, vstest.console.dll, TestRunRequest:SendTestRunStatsChange: Starting.
TpTrace Verbose: 0 : 6439, 10, 2025/06/06, 08:44:52.133, 931065912560833, vstest.console.dll, InProgress is FindAsync_WithValidExpression_ReturnsMatchingAddresses
TpTrace Verbose: 0 : 6439, 10, 2025/06/06, 08:44:52.133, 931065912583875, vstest.console.dll, MulticastDelegateUtilities.SafeInvoke: TestRun.RunStatsChanged: Invoking callbacks was skipped because there are no subscribers.
TpTrace Information: 0 : 6439, 10, 2025/06/06, 08:44:52.133, 931065912596208, vstest.console.dll, TestRunRequest:SendTestRunStatsChange: Completed.
TpTrace Verbose: 0 : 6439, 10, 2025/06/06, 08:44:52.133, 931065912605208, vstest.console.dll, MulticastDelegateUtilities.SafeInvoke: LengthPrefixCommunicationChannel: MessageReceived: Invoking callback 1/1 for Microsoft.VisualStudio.TestPlatform.CommunicationUtilities.TestRequestSender+<>c__DisplayClass34_0., took 0 ms.
TpTrace Verbose: 0 : 6439, 4, 2025/06/06, 08:44:52.133, 931065912606041, vstest.console.dll, MulticastDelegateUtilities.SafeInvoke: InternalTestLoggerEvents.SendTestResult: Invoking callback 1/1 for Microsoft.VisualStudio.TestPlatform.CommandLine.Internal.MSBuildLogger., took 0 ms.
TpTrace Verbose: 0 : 6439, 10, 2025/06/06, 08:44:52.133, 931065912615625, vstest.console.dll, TcpClientExtensions.MessageLoopAsync: Polling on remoteEndPoint: 127.0.0.1:49890 localEndPoint: 127.0.0.1:49889 after 335 ms
TpTrace Verbose: 0 : 6439, 4, 2025/06/06, 08:44:52.133, 931065912638083, vstest.console.dll, MulticastDelegateUtilities.SafeInvoke: InternalTestLoggerEvents.SendTestResult: Invoking callback 1/1 for Microsoft.VisualStudio.TestPlatform.CommandLine.Internal.MSBuildLogger., took 0 ms.
TpTrace Verbose: 0 : 6439, 4, 2025/06/06, 08:44:52.133, 931065912653333, vstest.console.dll, MulticastDelegateUtilities.SafeInvoke: InternalTestLoggerEvents.SendTestResult: Invoking callback 1/1 for Microsoft.VisualStudio.TestPlatform.CommandLine.Internal.MSBuildLogger., took 0 ms.
TpTrace Verbose: 0 : 6439, 4, 2025/06/06, 08:44:52.133, 931065912662458, vstest.console.dll, MulticastDelegateUtilities.SafeInvoke: InternalTestLoggerEvents.SendTestResult: Invoking callback 1/1 for Microsoft.VisualStudio.TestPlatform.CommandLine.Internal.MSBuildLogger., took 0 ms.
TpTrace Verbose: 0 : 6439, 4, 2025/06/06, 08:44:52.133, 931065912670458, vstest.console.dll, MulticastDelegateUtilities.SafeInvoke: InternalTestLoggerEvents.SendTestResult: Invoking callback 1/1 for Microsoft.VisualStudio.TestPlatform.CommandLine.Internal.MSBuildLogger., took 0 ms.
TpTrace Verbose: 0 : 6439, 4, 2025/06/06, 08:44:52.133, 931065912677375, vstest.console.dll, MulticastDelegateUtilities.SafeInvoke: InternalTestLoggerEvents.SendTestResult: Invoking callback 1/1 for Microsoft.VisualStudio.TestPlatform.CommandLine.Internal.MSBuildLogger., took 0 ms.
TpTrace Verbose: 0 : 6439, 4, 2025/06/06, 08:44:52.133, 931065912684958, vstest.console.dll, MulticastDelegateUtilities.SafeInvoke: InternalTestLoggerEvents.SendTestResult: Invoking callback 1/1 for Microsoft.VisualStudio.TestPlatform.CommandLine.Internal.MSBuildLogger., took 0 ms.
TpTrace Verbose: 0 : 6439, 4, 2025/06/06, 08:44:52.134, 931065912698125, vstest.console.dll, MulticastDelegateUtilities.SafeInvoke: InternalTestLoggerEvents.SendTestResult: Invoking callback 1/1 for Microsoft.VisualStudio.TestPlatform.CommandLine.Internal.MSBuildLogger., took 0 ms.
TpTrace Verbose: 0 : 6439, 4, 2025/06/06, 08:44:52.134, 931065912705625, vstest.console.dll, MulticastDelegateUtilities.SafeInvoke: InternalTestLoggerEvents.SendTestResult: Invoking callback 1/1 for Microsoft.VisualStudio.TestPlatform.CommandLine.Internal.MSBuildLogger., took 0 ms.
TpTrace Verbose: 0 : 6439, 10, 2025/06/06, 08:44:52.152, 931065931674375, vstest.console.dll, TcpClientExtensions.MessageLoopAsync: NotifyDataAvailable remoteEndPoint: 127.0.0.1:49890 localEndPoint: 127.0.0.1:49889
TpTrace Verbose: 0 : 6439, 10, 2025/06/06, 08:44:52.153, 931065931825583, vstest.console.dll, TestRequestSender.OnExecutionMessageReceived: Received message: {"Version":7,"MessageType":"TestExecution.StatsChange","Payload":{"NewTestResults":[{"TestCase":{"Id":"4fba63d8-7fd5-6b97-1fdf-787698dc1a11","FullyQualifiedName":"TBD.TestProject.UserAddressServiceTests.FindAsync_WithValidExpression_ReturnsMatchingAddresses","DisplayName":"FindAsync_WithValidExpression_ReturnsMatchingAddresses","ExecutorUri":"executor://NUnit3TestExecutor","Source":"/Users/adamziv/Desktop/UnknownProject/TBD/bin/Debug/net9.0/TBD.dll","CodeFilePath":null,"LineNumber":0,"Properties":[{"Key":{"Id":"NUnit.Seed","Label":"Seed","Category":"","Description":"","Attributes":0,"ValueType":"System.String"},"Value":"302826146"}]},"Attachments":[],"Outcome":1,"ErrorMessage":null,"ErrorStackTrace":null,"DisplayName":"FindAsync_WithValidExpression_ReturnsMatchingAddresses","Messages":[],"ComputerName":"AdamZiv-2","Duration":"00:00:00.0028340","StartTime":"2025-06-06T13:44:52.132393+00:00","EndTime":"2025-06-06T13:44:52.135227+00:00","Properties":[{"Key":{"Id":"NUnit.Seed","Label":"Seed","Category":"","Description":"","Attributes":0,"ValueType":"System.String"},"Value":"302826146"}]},{"TestCase":{"Id":"28a2d143-bb74-8661-4423-7229b0c469b3","FullyQualifiedName":"TBD.TestProject.UserAddressServiceTests.GetAllAsync_ReturnsAllAddresses","DisplayName":"GetAllAsync_ReturnsAllAddresses","ExecutorUri":"executor://NUnit3TestExecutor","Source":"/Users/adamziv/Desktop/UnknownProject/TBD/bin/Debug/net9.0/TBD.dll","CodeFilePath":null,"LineNumber":0,"Properties":[{"Key":{"Id":"NUnit.Seed","Label":"Seed","Category":"","Description":"","Attributes":0,"ValueType":"System.String"},"Value":"629751645"}]},"Attachments":[],"Outcome":1,"ErrorMessage":null,"ErrorStackTrace":null,"DisplayName":"GetAllAsync_ReturnsAllAddresses","Messages":[],"ComputerName":"AdamZiv-2","Duration":"00:00:00.0065610","StartTime":"2025-06-06T13:44:52.13525+00:00","EndTime":"2025-06-06T13:44:52.141811+00:00","Properties":[{"Key":{"Id":"NUnit.Seed","Label":"Seed","Category":"","Description":"","Attributes":0,"ValueType":"System.String"},"Value":"629751645"}]},{"TestCase":{"Id":"4758d533-74ba-6b7e-496d-5209bfb35aed","FullyQualifiedName":"TBD.TestProject.UserAddressServiceTests.GetAllAsync_WithEmptyDatabase_ReturnsEmptyCollection","DisplayName":"GetAllAsync_WithEmptyDatabase_ReturnsEmptyCollection","ExecutorUri":"executor://NUnit3TestExecutor","Source":"/Users/adamziv/Desktop/UnknownProject/TBD/bin/Debug/net9.0/TBD.dll","CodeFilePath":null,"LineNumber":0,"Properties":[{"Key":{"Id":"NUnit.Seed","Label":"Seed","Category":"","Description":"","Attributes":0,"ValueType":"System.String"},"Value":"1875374972"}]},"Attachments":[],"Outcome":1,"ErrorMessage":null,"ErrorStackTrace":null,"DisplayName":"GetAllAsync_WithEmptyDatabase_ReturnsEmptyCollection","Messages":[],"ComputerName":"AdamZiv-2","Duration":"00:00:00.0032280","StartTime":"2025-06-06T13:44:52.141847+00:00","EndTime":"2025-06-06T13:44:52.145075+00:00","Properties":[{"Key":{"Id":"NUnit.Seed","Label":"Seed","Category":"","Description":"","Attributes":0,"ValueType":"System.String"},"Value":"1875374972"}]},{"TestCase":{"Id":"9ec6cd51-4e88-dce8-250a-b1a7411b8620","FullyQualifiedName":"TBD.TestProject.UserAddressServiceTests.GetByIdAsync_WithEmptyGuid_ReturnsNull","DisplayName":"GetByIdAsync_WithEmptyGuid_ReturnsNull","ExecutorUri":"executor://NUnit3TestExecutor","Source":"/Users/adamziv/Desktop/UnknownProject/TBD/bin/Debug/net9.0/TBD.dll","CodeFilePath":null,"LineNumber":0,"Properties":[{"Key":{"Id":"NUnit.Seed","Label":"Seed","Category":"","Description":"","Attributes":0,"ValueType":"System.String"},"Value":"1076422549"}]},"Attachments":[],"Outcome":1,"ErrorMessage":null,"ErrorStackTrace":null,"DisplayName":"GetByIdAsync_WithEmptyGuid_ReturnsNull","Messages":[],"ComputerName":"AdamZiv-2","Duration":"00:00:00.0005830","StartTime":"2025-06-06T13:44:52.145096+00:00","EndTime":"2025-06-06T13:44:52.145679+00:00","Properties":[{"Key":{"Id":"NUnit.Seed","Label":"Seed","Category":"","Description":"","Attributes":0,"ValueType":"System.String"},"Value":"1076422549"}]},{"TestCase":{"Id":"7e43fd59-b31f-7eb9-06d2-9ed1d151cf85","FullyQualifiedName":"TBD.TestProject.UserAddressServiceTests.GetByIdAsync_WithInvalidId_ReturnsNull","DisplayName":"GetByIdAsync_WithInvalidId_ReturnsNull","ExecutorUri":"executor://NUnit3TestExecutor","Source":"/Users/adamziv/Desktop/UnknownProject/TBD/bin/Debug/net9.0/TBD.dll","CodeFilePath":null,"LineNumber":0,"Properties":[{"Key":{"Id":"NUnit.Seed","Label":"Seed","Category":"","Description":"","Attributes":0,"ValueType":"System.String"},"Value":"121585829"}]},"Attachments":[],"Outcome":1,"ErrorMessage":null,"ErrorStackTrace":null,"DisplayName":"GetByIdAsync_WithInvalidId_ReturnsNull","Messages":[],"ComputerName":"AdamZiv-2","Duration":"00:00:00.0004650","StartTime":"2025-06-06T13:44:52.145684+00:00","EndTime":"2025-06-06T13:44:52.146148+00:00","Properties":[{"Key":{"Id":"NUnit.Seed","Label":"Seed","Category":"","Description":"","Attributes":0,"ValueType":"System.String"},"Value":"121585829"}]},{"TestCase":{"Id":"08750a1c-7129-eef0-bffe-fe83bfce9a27","FullyQualifiedName":"TBD.TestProject.UserAddressServiceTests.GetByIdAsync_WithValidId_ReturnsUserAddress","DisplayName":"GetByIdAsync_WithValidId_ReturnsUserAddress","ExecutorUri":"executor://NUnit3TestExecutor","Source":"/Users/adamziv/Desktop/UnknownProject/TBD/bin/Debug/net9.0/TBD.dll","CodeFilePath":null,"LineNumber":0,"Properties":[{"Key":{"Id":"NUnit.Seed","Label":"Seed","Category":"","Description":"","Attributes":0,"ValueType":"System.String"},"Value":"617619705"}]},"Attachments":[],"Outcome":1,"ErrorMessage":null,"ErrorStackTrace":null,"DisplayName":"GetByIdAsync_WithValidId_ReturnsUserAddress","Messages":[],"ComputerName":"AdamZiv-2","Duration":"00:00:00.0008110","StartTime":"2025-06-06T13:44:52.146176+00:00","EndTime":"2025-06-06T13:44:52.146987+00:00","Properties":[{"Key":{"Id":"NUnit.Seed","Label":"Seed","Category":"","Description":"","Attributes":0,"ValueType":"System.String"},"Value":"617619705"}]},{"TestCase":{"Id":"f6f6944f-4698-75dc-97d7-4517db184e3d","FullyQualifiedName":"TBD.TestProject.UserAddressServiceTests.GetByUserAddressAsync_WithMatchingAddress1_ReturnsUserAddress","DisplayName":"GetByUserAddressAsync_WithMatchingAddress1_ReturnsUserAddress","ExecutorUri":"executor://NUnit3TestExecutor","Source":"/Users/adamziv/Desktop/UnknownProject/TBD/bin/Debug/net9.0/TBD.dll","CodeFilePath":null,"LineNumber":0,"Properties":[{"Key":{"Id":"NUnit.Seed","Label":"Seed","Category":"","Description":"","Attributes":0,"ValueType":"System.String"},"Value":"235434716"}]},"Attachments":[],"Outcome":1,"ErrorMessage":null,"ErrorStackTrace":null,"DisplayName":"GetByUserAddressAsync_WithMatchingAddress1_ReturnsUserAddress","Messages":[],"ComputerName":"AdamZiv-2","Duration":"00:00:00.0031620","StartTime":"2025-06-06T13:44:52.147003+00:00","EndTime":"2025-06-06T13:44:52.150165+00:00","Properties":[{"Key":{"Id":"NUnit.Seed","Label":"Seed","Category":"","Description":"","Attributes":0,"ValueType":"System.String"},"Value":"235434716"}]},{"TestCase":{"Id":"5321b1c7-a16b-f8ae-205b-52e26d667862","FullyQualifiedName":"TBD.TestProject.UserAddressServiceTests.GetByUserAddressAsync_WithMatchingAddress2_ReturnsUserAddress","DisplayName":"GetByUserAddressAsync_WithMatchingAddress2_ReturnsUserAddress","ExecutorUri":"executor://NUnit3TestExecutor","Source":"/Users/adamziv/Desktop/UnknownProject/TBD/bin/Debug/net9.0/TBD.dll","CodeFilePath":null,"LineNumber":0,"Properties":[{"Key":{"Id":"NUnit.Seed","Label":"Seed","Category":"","Description":"","Attributes":0,"ValueType":"System.String"},"Value":"236874187"}]},"Attachments":[],"Outcome":1,"ErrorMessage":null,"ErrorStackTrace":null,"DisplayName":"GetByUserAddressAsync_WithMatchingAddress2_ReturnsUserAddress","Messages":[],"ComputerName":"AdamZiv-2","Duration":"00:00:00.0006240","StartTime":"2025-06-06T13:44:52.150181+00:00","EndTime":"2025-06-06T13:44:52.150805+00:00","Properties":[{"Key":{"Id":"NUnit.Seed","Label":"Seed","Category":"","Description":"","Attributes":0,"ValueType":"System.String"},"Value":"236874187"}]},{"TestCase":{"Id":"ef5b3d37-84b2-94d3-f9ce-48bb8b7f1e26","FullyQualifiedName":"TBD.TestProject.UserAddressServiceTests.GetByUserAddressAsync_WithNoMatch_ThrowsInvalidOperationException","DisplayName":"GetByUserAddressAsync_WithNoMatch_ThrowsInvalidOperationException","ExecutorUri":"executor://NUnit3TestExecutor","Source":"/Users/adamziv/Desktop/UnknownProject/TBD/bin/Debug/net9.0/TBD.dll","CodeFilePath":null,"LineNumber":0,"Properties":[{"Key":{"Id":"NUnit.Seed","Label":"Seed","Category":"","Description":"","Attributes":0,"ValueType":"System.String"},"Value":"177400997"}]},"Attachments":[],"Outcome":1,"ErrorMessage":null,"ErrorStackTrace":null,"DisplayName":"GetByUserAddressAsync_WithNoMatch_ThrowsInvalidOperationException","Messages":[],"ComputerName":"AdamZiv-2","Duration":"00:00:00.0006230","StartTime":"2025-06-06T13:44:52.150821+00:00","EndTime":"2025-06-06T13:44:52.151444+00:00","Properties":[{"Key":{"Id":"NUnit.Seed","Label":"Seed","Category":"","Description":"","Attributes":0,"ValueType":"System.String"},"Value":"177400997"}]}],"TestRunStatistics":{"ExecutedTests":36,"Stats":{"Passed":36}},"ActiveTests":[{"Id":"27f5a7a1-e9fd-d570-8178-e672f906a5d5","FullyQualifiedName":"TBD.TestProject.UserAddressServiceTests.GroupByCityAsync_WithEmptyDatabase_ThrowsCityGroupingNotAvailableException","DisplayName":"GroupByCityAsync_WithEmptyDatabase_ThrowsCityGroupingNotAvailableException","ExecutorUri":"executor://NUnit3TestExecutor","Source":"/Users/adamziv/Desktop/UnknownProject/TBD/bin/Debug/net9.0/TBD.dll","CodeFilePath":null,"LineNumber":0,"Properties":[{"Key":{"Id":"NUnit.Seed","Label":"Seed","Category":"","Description":"","Attributes":0,"ValueType":"System.String"},"Value":"2066380527"}]}]}}
TpTrace Verbose: 0 : 6439, 10, 2025/06/06, 08:44:52.153, 931065932647875, vstest.console.dll, TestRunRequest:SendTestRunStatsChange: Starting.
TpTrace Verbose: 0 : 6439, 10, 2025/06/06, 08:44:52.153, 931065932665208, vstest.console.dll, InProgress is GroupByCityAsync_WithEmptyDatabase_ThrowsCityGroupingNotAvailableException
TpTrace Verbose: 0 : 6439, 10, 2025/06/06, 08:44:52.153, 931065932687000, vstest.console.dll, MulticastDelegateUtilities.SafeInvoke: TestRun.RunStatsChanged: Invoking callbacks was skipped because there are no subscribers.
TpTrace Information: 0 : 6439, 10, 2025/06/06, 08:44:52.154, 931065932700916, vstest.console.dll, TestRunRequest:SendTestRunStatsChange: Completed.
TpTrace Verbose: 0 : 6439, 10, 2025/06/06, 08:44:52.154, 931065932714666, vstest.console.dll, MulticastDelegateUtilities.SafeInvoke: LengthPrefixCommunicationChannel: MessageReceived: Invoking callback 1/1 for Microsoft.VisualStudio.TestPlatform.CommunicationUtilities.TestRequestSender+<>c__DisplayClass34_0., took 0 ms.
TpTrace Verbose: 0 : 6439, 10, 2025/06/06, 08:44:52.154, 931065932733375, vstest.console.dll, TcpClientExtensions.MessageLoopAsync: Polling on remoteEndPoint: 127.0.0.1:49890 localEndPoint: 127.0.0.1:49889 after 20 ms
TpTrace Verbose: 0 : 6439, 4, 2025/06/06, 08:44:52.154, 931065932711333, vstest.console.dll, MulticastDelegateUtilities.SafeInvoke: InternalTestLoggerEvents.SendTestResult: Invoking callback 1/1 for Microsoft.VisualStudio.TestPlatform.CommandLine.Internal.MSBuildLogger., took 0 ms.
TpTrace Verbose: 0 : 6439, 4, 2025/06/06, 08:44:52.154, 931065932759083, vstest.console.dll, MulticastDelegateUtilities.SafeInvoke: InternalTestLoggerEvents.SendTestResult: Invoking callback 1/1 for Microsoft.VisualStudio.TestPlatform.CommandLine.Internal.MSBuildLogger., took 0 ms.
TpTrace Verbose: 0 : 6439, 4, 2025/06/06, 08:44:52.154, 931065932771541, vstest.console.dll, MulticastDelegateUtilities.SafeInvoke: InternalTestLoggerEvents.SendTestResult: Invoking callback 1/1 for Microsoft.VisualStudio.TestPlatform.CommandLine.Internal.MSBuildLogger., took 0 ms.
TpTrace Verbose: 0 : 6439, 4, 2025/06/06, 08:44:52.154, 931065932799291, vstest.console.dll, MulticastDelegateUtilities.SafeInvoke: InternalTestLoggerEvents.SendTestResult: Invoking callback 1/1 for Microsoft.VisualStudio.TestPlatform.CommandLine.Internal.MSBuildLogger., took 0 ms.
TpTrace Verbose: 0 : 6439, 4, 2025/06/06, 08:44:52.154, 931065932812083, vstest.console.dll, MulticastDelegateUtilities.SafeInvoke: InternalTestLoggerEvents.SendTestResult: Invoking callback 1/1 for Microsoft.VisualStudio.TestPlatform.CommandLine.Internal.MSBuildLogger., took 0 ms.
TpTrace Verbose: 0 : 6439, 4, 2025/06/06, 08:44:52.154, 931065932832041, vstest.console.dll, MulticastDelegateUtilities.SafeInvoke: InternalTestLoggerEvents.SendTestResult: Invoking callback 1/1 for Microsoft.VisualStudio.TestPlatform.CommandLine.Internal.MSBuildLogger., took 0 ms.
TpTrace Verbose: 0 : 6439, 4, 2025/06/06, 08:44:52.154, 931065932848875, vstest.console.dll, MulticastDelegateUtilities.SafeInvoke: InternalTestLoggerEvents.SendTestResult: Invoking callback 1/1 for Microsoft.VisualStudio.TestPlatform.CommandLine.Internal.MSBuildLogger., took 0 ms.
TpTrace Verbose: 0 : 6439, 4, 2025/06/06, 08:44:52.154, 931065932861000, vstest.console.dll, MulticastDelegateUtilities.SafeInvoke: InternalTestLoggerEvents.SendTestResult: Invoking callback 1/1 for Microsoft.VisualStudio.TestPlatform.CommandLine.Internal.MSBuildLogger., took 0 ms.
TpTrace Verbose: 0 : 6439, 4, 2025/06/06, 08:44:52.154, 931065932876791, vstest.console.dll, MulticastDelegateUtilities.SafeInvoke: InternalTestLoggerEvents.SendTestResult: Invoking callback 1/1 for Microsoft.VisualStudio.TestPlatform.CommandLine.Internal.MSBuildLogger., took 0 ms.
TpTrace Verbose: 0 : 6439, 10, 2025/06/06, 08:44:52.169, 931065947715166, vstest.console.dll, TcpClientExtensions.MessageLoopAsync: NotifyDataAvailable remoteEndPoint: 127.0.0.1:49890 localEndPoint: 127.0.0.1:49889
TpTrace Verbose: 0 : 6439, 10, 2025/06/06, 08:44:52.169, 931065947882875, vstest.console.dll, TestRequestSender.OnExecutionMessageReceived: Received message: {"Version":7,"MessageType":"TestExecution.StatsChange","Payload":{"NewTestResults":[{"TestCase":{"Id":"27f5a7a1-e9fd-d570-8178-e672f906a5d5","FullyQualifiedName":"TBD.TestProject.UserAddressServiceTests.GroupByCityAsync_WithEmptyDatabase_ThrowsCityGroupingNotAvailableException","DisplayName":"GroupByCityAsync_WithEmptyDatabase_ThrowsCityGroupingNotAvailableException","ExecutorUri":"executor://NUnit3TestExecutor","Source":"/Users/adamziv/Desktop/UnknownProject/TBD/bin/Debug/net9.0/TBD.dll","CodeFilePath":null,"LineNumber":0,"Properties":[{"Key":{"Id":"NUnit.Seed","Label":"Seed","Category":"","Description":"","Attributes":0,"ValueType":"System.String"},"Value":"2066380527"}]},"Attachments":[],"Outcome":1,"ErrorMessage":null,"ErrorStackTrace":null,"DisplayName":"GroupByCityAsync_WithEmptyDatabase_ThrowsCityGroupingNotAvailableException","Messages":[],"ComputerName":"AdamZiv-2","Duration":"00:00:00.0011450","StartTime":"2025-06-06T13:44:52.15146+00:00","EndTime":"2025-06-06T13:44:52.152605+00:00","Properties":[{"Key":{"Id":"NUnit.Seed","Label":"Seed","Category":"","Description":"","Attributes":0,"ValueType":"System.String"},"Value":"2066380527"}]},{"TestCase":{"Id":"e8954048-1f4b-46cc-0a46-4ac457ad75cb","FullyQualifiedName":"TBD.TestProject.UserAddressServiceTests.GroupByCityAsync_WithValidData_ReturnsGroupedByCity","DisplayName":"GroupByCityAsync_WithValidData_ReturnsGroupedByCity","ExecutorUri":"executor://NUnit3TestExecutor","Source":"/Users/adamziv/Desktop/UnknownProject/TBD/bin/Debug/net9.0/TBD.dll","CodeFilePath":null,"LineNumber":0,"Properties":[{"Key":{"Id":"NUnit.Seed","Label":"Seed","Category":"","Description":"","Attributes":0,"ValueType":"System.String"},"Value":"2101961793"}]},"Attachments":[],"Outcome":1,"ErrorMessage":null,"ErrorStackTrace":null,"DisplayName":"GroupByCityAsync_WithValidData_ReturnsGroupedByCity","Messages":[],"ComputerName":"AdamZiv-2","Duration":"00:00:00.0007510","StartTime":"2025-06-06T13:44:52.152609+00:00","EndTime":"2025-06-06T13:44:52.15336+00:00","Properties":[{"Key":{"Id":"NUnit.Seed","Label":"Seed","Category":"","Description":"","Attributes":0,"ValueType":"System.String"},"Value":"2101961793"}]},{"TestCase":{"Id":"44411afb-8dd5-33ec-0d5a-9e5574df1817","FullyQualifiedName":"TBD.TestProject.UserAddressServiceTests.GroupByUserStateAsync_WithEmptyDatabase_ThrowsUserStateGroupException","DisplayName":"GroupByUserStateAsync_WithEmptyDatabase_ThrowsUserStateGroupException","ExecutorUri":"executor://NUnit3TestExecutor","Source":"/Users/adamziv/Desktop/UnknownProject/TBD/bin/Debug/net9.0/TBD.dll","CodeFilePath":null,"LineNumber":0,"Properties":[{"Key":{"Id":"NUnit.Seed","Label":"Seed","Category":"","Description":"","Attributes":0,"ValueType":"System.String"},"Value":"1245935569"}]},"Attachments":[],"Outcome":1,"ErrorMessage":null,"ErrorStackTrace":null,"DisplayName":"GroupByUserStateAsync_WithEmptyDatabase_ThrowsUserStateGroupException","Messages":[],"ComputerName":"AdamZiv-2","Duration":"00:00:00.0009240","StartTime":"2025-06-06T13:44:52.153382+00:00","EndTime":"2025-06-06T13:44:52.154306+00:00","Properties":[{"Key":{"Id":"NUnit.Seed","Label":"Seed","Category":"","Description":"","Attributes":0,"ValueType":"System.String"},"Value":"1245935569"}]},{"TestCase":{"Id":"f09b6e58-4412-cf9d-be0a-a2b244e51645","FullyQualifiedName":"TBD.TestProject.UserAddressServiceTests.GroupByUserStateAsync_WithValidData_ReturnsGroupedByState","DisplayName":"GroupByUserStateAsync_WithValidData_ReturnsGroupedByState","ExecutorUri":"executor://NUnit3TestExecutor","Source":"/Users/adamziv/Desktop/UnknownProject/TBD/bin/Debug/net9.0/TBD.dll","CodeFilePath":null,"LineNumber":0,"Properties":[{"Key":{"Id":"NUnit.Seed","Label":"Seed","Category":"","Description":"","Attributes":0,"ValueType":"System.String"},"Value":"1060516774"}]},"Attachments":[],"Outcome":1,"ErrorMessage":null,"ErrorStackTrace":null,"DisplayName":"GroupByUserStateAsync_WithValidData_ReturnsGroupedByState","Messages":[],"ComputerName":"AdamZiv-2","Duration":"00:00:00.0005920","StartTime":"2025-06-06T13:44:52.154321+00:00","EndTime":"2025-06-06T13:44:52.154913+00:00","Properties":[{"Key":{"Id":"NUnit.Seed","Label":"Seed","Category":"","Description":"","Attributes":0,"ValueType":"System.String"},"Value":"1060516774"}]},{"TestCase":{"Id":"7bb587a1-f816-6e74-4073-61790614cddb","FullyQualifiedName":"TBD.TestProject.UserAddressServiceTests.GroupByZipCodeAsync_WithEmptyDatabase_ReturnsEmptyList","DisplayName":"GroupByZipCodeAsync_WithEmptyDatabase_ReturnsEmptyList","ExecutorUri":"executor://NUnit3TestExecutor","Source":"/Users/adamziv/Desktop/UnknownProject/TBD/bin/Debug/net9.0/TBD.dll","CodeFilePath":null,"LineNumber":0,"Properties":[{"Key":{"Id":"NUnit.Seed","Label":"Seed","Category":"","Description":"","Attributes":0,"ValueType":"System.String"},"Value":"885930435"}]},"Attachments":[],"Outcome":1,"ErrorMessage":null,"ErrorStackTrace":null,"DisplayName":"GroupByZipCodeAsync_WithEmptyDatabase_ReturnsEmptyList","Messages":[],"ComputerName":"AdamZiv-2","Duration":"00:00:00.0008840","StartTime":"2025-06-06T13:44:52.154927+00:00","EndTime":"2025-06-06T13:44:52.155811+00:00","Properties":[{"Key":{"Id":"NUnit.Seed","Label":"Seed","Category":"","Description":"","Attributes":0,"ValueType":"System.String"},"Value":"885930435"}]},{"TestCase":{"Id":"9f781be9-e097-05cb-8c3d-904c40b430ce","FullyQualifiedName":"TBD.TestProject.UserAddressServiceTests.GroupByZipCodeAsync_WithValidData_ReturnsGroupedByZipCode","DisplayName":"GroupByZipCodeAsync_WithValidData_ReturnsGroupedByZipCode","ExecutorUri":"executor://NUnit3TestExecutor","Source":"/Users/adamziv/Desktop/UnknownProject/TBD/bin/Debug/net9.0/TBD.dll","CodeFilePath":null,"LineNumber":0,"Properties":[{"Key":{"Id":"NUnit.Seed","Label":"Seed","Category":"","Description":"","Attributes":0,"ValueType":"System.String"},"Value":"548894706"}]},"Attachments":[],"Outcome":1,"ErrorMessage":null,"ErrorStackTrace":null,"DisplayName":"GroupByZipCodeAsync_WithValidData_ReturnsGroupedByZipCode","Messages":[],"ComputerName":"AdamZiv-2","Duration":"00:00:00.0103710","StartTime":"2025-06-06T13:44:52.155826+00:00","EndTime":"2025-06-06T13:44:52.166197+00:00","Properties":[{"Key":{"Id":"NUnit.Seed","Label":"Seed","Category":"","Description":"","Attributes":0,"ValueType":"System.String"},"Value":"548894706"}]},{"TestCase":{"Id":"dd11a9b7-e99e-d4f9-505e-b3b02058fb7d","FullyQualifiedName":"TBD.TestProject.UserAddressServiceTests.RemoveAsync_WithNullEntity_ThrowsException","DisplayName":"RemoveAsync_WithNullEntity_ThrowsException","ExecutorUri":"executor://NUnit3TestExecutor","Source":"/Users/adamziv/Desktop/UnknownProject/TBD/bin/Debug/net9.0/TBD.dll","CodeFilePath":null,"LineNumber":0,"Properties":[{"Key":{"Id":"NUnit.Seed","Label":"Seed","Category":"","Description":"","Attributes":0,"ValueType":"System.String"},"Value":"1402442887"}]},"Attachments":[],"Outcome":1,"ErrorMessage":null,"ErrorStackTrace":null,"DisplayName":"RemoveAsync_WithNullEntity_ThrowsException","Messages":[],"ComputerName":"AdamZiv-2","Duration":"00:00:00.0007069","StartTime":"2025-06-06T13:44:52.166232+00:00","EndTime":"2025-06-06T13:44:52.16694+00:00","Properties":[{"Key":{"Id":"NUnit.Seed","Label":"Seed","Category":"","Description":"","Attributes":0,"ValueType":"System.String"},"Value":"1402442887"}]},{"TestCase":{"Id":"1f9da09d-bd11-ca64-a15a-12f92b861435","FullyQualifiedName":"TBD.TestProject.UserAddressServiceTests.RemoveAsync_WithValidEntity_RemovesEntityAndSavesChanges","DisplayName":"RemoveAsync_WithValidEntity_RemovesEntityAndSavesChanges","ExecutorUri":"executor://NUnit3TestExecutor","Source":"/Users/adamziv/Desktop/UnknownProject/TBD/bin/Debug/net9.0/TBD.dll","CodeFilePath":null,"LineNumber":0,"Properties":[{"Key":{"Id":"NUnit.Seed","Label":"Seed","Category":"","Description":"","Attributes":0,"ValueType":"System.String"},"Value":"291260562"}]},"Attachments":[],"Outcome":1,"ErrorMessage":null,"ErrorStackTrace":null,"DisplayName":"RemoveAsync_WithValidEntity_RemovesEntityAndSavesChanges","Messages":[],"ComputerName":"AdamZiv-2","Duration":"00:00:00.0009200","StartTime":"2025-06-06T13:44:52.166957+00:00","EndTime":"2025-06-06T13:44:52.167877+00:00","Properties":[{"Key":{"Id":"NUnit.Seed","Label":"Seed","Category":"","Description":"","Attributes":0,"ValueType":"System.String"},"Value":"291260562"}]},{"TestCase":{"Id":"2b13e54d-eee1-b90d-fa62-ccb40112d89c","FullyQualifiedName":"TBD.TestProject.UserAddressServiceTests.UpdateAsync_WithNullEntity_ThrowsException","DisplayName":"UpdateAsync_WithNullEntity_ThrowsException","ExecutorUri":"executor://NUnit3TestExecutor","Source":"/Users/adamziv/Desktop/UnknownProject/TBD/bin/Debug/net9.0/TBD.dll","CodeFilePath":null,"LineNumber":0,"Properties":[{"Key":{"Id":"NUnit.Seed","Label":"Seed","Category":"","Description":"","Attributes":0,"ValueType":"System.String"},"Value":"2036155099"}]},"Attachments":[],"Outcome":1,"ErrorMessage":null,"ErrorStackTrace":null,"DisplayName":"UpdateAsync_WithNullEntity_ThrowsException","Messages":[],"ComputerName":"AdamZiv-2","Duration":"00:00:00.0005990","StartTime":"2025-06-06T13:44:52.167893+00:00","EndTime":"2025-06-06T13:44:52.168492+00:00","Properties":[{"Key":{"Id":"NUnit.Seed","Label":"Seed","Category":"","Description":"","Attributes":0,"ValueType":"System.String"},"Value":"2036155099"}]}],"TestRunStatistics":{"ExecutedTests":45,"Stats":{"Passed":45}},"ActiveTests":[{"Id":"12b7100e-542e-c647-7938-5ac724cf8a19","FullyQualifiedName":"TBD.TestProject.UserAddressServiceTests.UpdateAsync_WithValidEntity_UpdatesEntityAndSavesChanges","DisplayName":"UpdateAsync_WithValidEntity_UpdatesEntityAndSavesChanges","ExecutorUri":"executor://NUnit3TestExecutor","Source":"/Users/adamziv/Desktop/UnknownProject/TBD/bin/Debug/net9.0/TBD.dll","CodeFilePath":null,"LineNumber":0,"Properties":[{"Key":{"Id":"NUnit.Seed","Label":"Seed","Category":"","Description":"","Attributes":0,"ValueType":"System.String"},"Value":"696093133"}]}]}}
TpTrace Verbose: 0 : 6439, 10, 2025/06/06, 08:44:52.169, 931065948500375, vstest.console.dll, TestRunRequest:SendTestRunStatsChange: Starting.
TpTrace Verbose: 0 : 6439, 10, 2025/06/06, 08:44:52.169, 931065948514250, vstest.console.dll, InProgress is UpdateAsync_WithValidEntity_UpdatesEntityAndSavesChanges
TpTrace Verbose: 0 : 6439, 10, 2025/06/06, 08:44:52.169, 931065948537750, vstest.console.dll, MulticastDelegateUtilities.SafeInvoke: TestRun.RunStatsChanged: Invoking callbacks was skipped because there are no subscribers.
TpTrace Information: 0 : 6439, 10, 2025/06/06, 08:44:52.169, 931065948544541, vstest.console.dll, TestRunRequest:SendTestRunStatsChange: Completed.
TpTrace Verbose: 0 : 6439, 10, 2025/06/06, 08:44:52.169, 931065948552125, vstest.console.dll, MulticastDelegateUtilities.SafeInvoke: LengthPrefixCommunicationChannel: MessageReceived: Invoking callback 1/1 for Microsoft.VisualStudio.TestPlatform.CommunicationUtilities.TestRequestSender+<>c__DisplayClass34_0., took 0 ms.
TpTrace Verbose: 0 : 6439, 10, 2025/06/06, 08:44:52.169, 931065948563333, vstest.console.dll, TcpClientExtensions.MessageLoopAsync: Polling on remoteEndPoint: 127.0.0.1:49890 localEndPoint: 127.0.0.1:49889 after 15 ms
TpTrace Verbose: 0 : 6439, 4, 2025/06/06, 08:44:52.169, 931065948560583, vstest.console.dll, MulticastDelegateUtilities.SafeInvoke: InternalTestLoggerEvents.SendTestResult: Invoking callback 1/1 for Microsoft.VisualStudio.TestPlatform.CommandLine.Internal.MSBuildLogger., took 0 ms.
TpTrace Verbose: 0 : 6439, 4, 2025/06/06, 08:44:52.169, 931065948588041, vstest.console.dll, MulticastDelegateUtilities.SafeInvoke: InternalTestLoggerEvents.SendTestResult: Invoking callback 1/1 for Microsoft.VisualStudio.TestPlatform.CommandLine.Internal.MSBuildLogger., took 0 ms.
TpTrace Verbose: 0 : 6439, 4, 2025/06/06, 08:44:52.169, 931065948598791, vstest.console.dll, MulticastDelegateUtilities.SafeInvoke: InternalTestLoggerEvents.SendTestResult: Invoking callback 1/1 for Microsoft.VisualStudio.TestPlatform.CommandLine.Internal.MSBuildLogger., took 0 ms.
TpTrace Verbose: 0 : 6439, 4, 2025/06/06, 08:44:52.169, 931065948608083, vstest.console.dll, MulticastDelegateUtilities.SafeInvoke: InternalTestLoggerEvents.SendTestResult: Invoking callback 1/1 for Microsoft.VisualStudio.TestPlatform.CommandLine.Internal.MSBuildLogger., took 0 ms.
TpTrace Verbose: 0 : 6439, 4, 2025/06/06, 08:44:52.169, 931065948622375, vstest.console.dll, MulticastDelegateUtilities.SafeInvoke: InternalTestLoggerEvents.SendTestResult: Invoking callback 1/1 for Microsoft.VisualStudio.TestPlatform.CommandLine.Internal.MSBuildLogger., took 0 ms.
TpTrace Verbose: 0 : 6439, 4, 2025/06/06, 08:44:52.169, 931065948631291, vstest.console.dll, MulticastDelegateUtilities.SafeInvoke: InternalTestLoggerEvents.SendTestResult: Invoking callback 1/1 for Microsoft.VisualStudio.TestPlatform.CommandLine.Internal.MSBuildLogger., took 0 ms.
TpTrace Verbose: 0 : 6439, 4, 2025/06/06, 08:44:52.169, 931065948638500, vstest.console.dll, MulticastDelegateUtilities.SafeInvoke: InternalTestLoggerEvents.SendTestResult: Invoking callback 1/1 for Microsoft.VisualStudio.TestPlatform.CommandLine.Internal.MSBuildLogger., took 0 ms.
TpTrace Verbose: 0 : 6439, 4, 2025/06/06, 08:44:52.169, 931065948645041, vstest.console.dll, MulticastDelegateUtilities.SafeInvoke: InternalTestLoggerEvents.SendTestResult: Invoking callback 1/1 for Microsoft.VisualStudio.TestPlatform.CommandLine.Internal.MSBuildLogger., took 0 ms.
TpTrace Verbose: 0 : 6439, 4, 2025/06/06, 08:44:52.169, 931065948656125, vstest.console.dll, MulticastDelegateUtilities.SafeInvoke: InternalTestLoggerEvents.SendTestResult: Invoking callback 1/1 for Microsoft.VisualStudio.TestPlatform.CommandLine.Internal.MSBuildLogger., took 0 ms.
TpTrace Verbose: 0 : 6439, 10, 2025/06/06, 08:44:52.205, 931065983778875, vstest.console.dll, TcpClientExtensions.MessageLoopAsync: NotifyDataAvailable remoteEndPoint: 127.0.0.1:49890 localEndPoint: 127.0.0.1:49889
TpTrace Verbose: 0 : 6439, 10, 2025/06/06, 08:44:52.205, 931065983955250, vstest.console.dll, TestRequestSender.OnExecutionMessageReceived: Received message: {"Version":7,"MessageType":"TestExecution.StatsChange","Payload":{"NewTestResults":[{"TestCase":{"Id":"12b7100e-542e-c647-7938-5ac724cf8a19","FullyQualifiedName":"TBD.TestProject.UserAddressServiceTests.UpdateAsync_WithValidEntity_UpdatesEntityAndSavesChanges","DisplayName":"UpdateAsync_WithValidEntity_UpdatesEntityAndSavesChanges","ExecutorUri":"executor://NUnit3TestExecutor","Source":"/Users/adamziv/Desktop/UnknownProject/TBD/bin/Debug/net9.0/TBD.dll","CodeFilePath":null,"LineNumber":0,"Properties":[{"Key":{"Id":"NUnit.Seed","Label":"Seed","Category":"","Description":"","Attributes":0,"ValueType":"System.String"},"Value":"696093133"}]},"Attachments":[],"Outcome":1,"ErrorMessage":null,"ErrorStackTrace":null,"DisplayName":"UpdateAsync_WithValidEntity_UpdatesEntityAndSavesChanges","Messages":[],"ComputerName":"AdamZiv-2","Duration":"00:00:00.0006980","StartTime":"2025-06-06T13:44:52.168508+00:00","EndTime":"2025-06-06T13:44:52.169207+00:00","Properties":[{"Key":{"Id":"NUnit.Seed","Label":"Seed","Category":"","Description":"","Attributes":0,"ValueType":"System.String"},"Value":"696093133"}]},{"TestCase":{"Id":"fdaf7276-8d75-cc69-0021-c5d8de08962f","FullyQualifiedName":"TBD.TestProject.UserAddressServiceTests.UpdateUserAddress_WithEmptyGuid_ThrowsArgumentNullException","DisplayName":"UpdateUserAddress_WithEmptyGuid_ThrowsArgumentNullException","ExecutorUri":"executor://NUnit3TestExecutor","Source":"/Users/adamziv/Desktop/UnknownProject/TBD/bin/Debug/net9.0/TBD.dll","CodeFilePath":null,"LineNumber":0,"Properties":[{"Key":{"Id":"NUnit.Seed","Label":"Seed","Category":"","Description":"","Attributes":0,"ValueType":"System.String"},"Value":"1710725149"}]},"Attachments":[],"Outcome":1,"ErrorMessage":null,"ErrorStackTrace":null,"DisplayName":"UpdateUserAddress_WithEmptyGuid_ThrowsArgumentNullException","Messages":[],"ComputerName":"AdamZiv-2","Duration":"00:00:00.0048840","StartTime":"2025-06-06T13:44:52.169223+00:00","EndTime":"2025-06-06T13:44:52.174107+00:00","Properties":[{"Key":{"Id":"NUnit.Seed","Label":"Seed","Category":"","Description":"","Attributes":0,"ValueType":"System.String"},"Value":"1710725149"}]},{"TestCase":{"Id":"3b32e476-ac6c-a38d-47d8-344a92e4c532","FullyQualifiedName":"TBD.TestProject.UserAddressServiceTests.UpdateUserAddress_WithNonExistentAddress_ThrowsArgumentNullException","DisplayName":"UpdateUserAddress_WithNonExistentAddress_ThrowsArgumentNullException","ExecutorUri":"executor://NUnit3TestExecutor","Source":"/Users/adamziv/Desktop/UnknownProject/TBD/bin/Debug/net9.0/TBD.dll","CodeFilePath":null,"LineNumber":0,"Properties":[{"Key":{"Id":"NUnit.Seed","Label":"Seed","Category":"","Description":"","Attributes":0,"ValueType":"System.String"},"Value":"1056668423"}]},"Attachments":[],"Outcome":1,"ErrorMessage":null,"ErrorStackTrace":null,"DisplayName":"UpdateUserAddress_WithNonExistentAddress_ThrowsArgumentNullException","Messages":[],"ComputerName":"AdamZiv-2","Duration":"00:00:00.0010080","StartTime":"2025-06-06T13:44:52.174125+00:00","EndTime":"2025-06-06T13:44:52.175133+00:00","Properties":[{"Key":{"Id":"NUnit.Seed","Label":"Seed","Category":"","Description":"","Attributes":0,"ValueType":"System.String"},"Value":"1056668423"}]},{"TestCase":{"Id":"7a863633-fa4d-fa31-20e3-f770d61ace52","FullyQualifiedName":"TBD.TestProject.UserAddressServiceTests.UpdateUserAddress_WithNonExistentUser_ThrowsArgumentException","DisplayName":"UpdateUserAddress_WithNonExistentUser_ThrowsArgumentException","ExecutorUri":"executor://NUnit3TestExecutor","Source":"/Users/adamziv/Desktop/UnknownProject/TBD/bin/Debug/net9.0/TBD.dll","CodeFilePath":null,"LineNumber":0,"Properties":[{"Key":{"Id":"NUnit.Seed","Label":"Seed","Category":"","Description":"","Attributes":0,"ValueType":"System.String"},"Value":"1894021898"}]},"Attachments":[],"Outcome":1,"ErrorMessage":null,"ErrorStackTrace":null,"DisplayName":"UpdateUserAddress_WithNonExistentUser_ThrowsArgumentException","Messages":[],"ComputerName":"AdamZiv-2","Duration":"00:00:00.0016250","StartTime":"2025-06-06T13:44:52.175149+00:00","EndTime":"2025-06-06T13:44:52.176773+00:00","Properties":[{"Key":{"Id":"NUnit.Seed","Label":"Seed","Category":"","Description":"","Attributes":0,"ValueType":"System.String"},"Value":"1894021898"}]},{"TestCase":{"Id":"2a4a4e72-c770-675a-39f2-4a69c247281e","FullyQualifiedName":"TBD.TestProject.UserAddressServiceTests.UpdateUserAddress_WithValidRequest_UpdatesAndReturnsAddress","DisplayName":"UpdateUserAddress_WithValidRequest_UpdatesAndReturnsAddress","ExecutorUri":"executor://NUnit3TestExecutor","Source":"/Users/adamziv/Desktop/UnknownProject/TBD/bin/Debug/net9.0/TBD.dll","CodeFilePath":null,"LineNumber":0,"Properties":[{"Key":{"Id":"NUnit.Seed","Label":"Seed","Category":"","Description":"","Attributes":0,"ValueType":"System.String"},"Value":"812914756"}]},"Attachments":[],"Outcome":1,"ErrorMessage":null,"ErrorStackTrace":null,"DisplayName":"UpdateUserAddress_WithValidRequest_UpdatesAndReturnsAddress","Messages":[],"ComputerName":"AdamZiv-2","Duration":"00:00:00.0037040","StartTime":"2025-06-06T13:44:52.176789+00:00","EndTime":"2025-06-06T13:44:52.180493+00:00","Properties":[{"Key":{"Id":"NUnit.Seed","Label":"Seed","Category":"","Description":"","Attributes":0,"ValueType":"System.String"},"Value":"812914756"}]},{"TestCase":{"Id":"e3858449-157c-2f3a-1984-4ee54804492d","FullyQualifiedName":"TBD.TestProject.UserServiceTest.CreateUserAsync_WhenPasswordAlreadyHashed_DoesNotCreateUser","DisplayName":"CreateUserAsync_WhenPasswordAlreadyHashed_DoesNotCreateUser","ExecutorUri":"executor://NUnit3TestExecutor","Source":"/Users/adamziv/Desktop/UnknownProject/TBD/bin/Debug/net9.0/TBD.dll","CodeFilePath":null,"LineNumber":0,"Properties":[{"Key":{"Id":"NUnit.Seed","Label":"Seed","Category":"","Description":"","Attributes":0,"ValueType":"System.String"},"Value":"960735603"}]},"Attachments":[],"Outcome":2,"ErrorMessage":"Moq.MockException : \nExpected invocation on the mock should never have been performed, but was 1 times: r => r.AddAsync(It.IsAny<User>())\n\nPerformed invocations:\n\n   Mock<IUserRepository:1> (r):\n\n      IUserRepository.AddAsync(User)\n","ErrorStackTrace":"   at Moq.Mock.Verify(Mock mock, LambdaExpression expression, Times times, String failMessage) in /_/src/Moq/Mock.cs:line 332\n   at Moq.Mock`1.Verify[TResult](Expression`1 expression, Func`1 times) in /_/src/Moq/Mock`1.cs:line 840\n   at TBD.TestProject.UserServiceTest.CreateUserAsync_WhenPasswordAlreadyHashed_DoesNotCreateUser() in /Users/adamziv/Desktop/UnknownProject/TBD/TestProject/UserTest.cs:line 369\n   at NUnit.Framework.Internal.TaskAwaitAdapter.GenericAdapter`1.GetResult()\n   at NUnit.Framework.Internal.AsyncToSyncAdapter.Await[TResult](TestExecutionContext context, Func`1 invoke)\n   at NUnit.Framework.Internal.AsyncToSyncAdapter.Await(TestExecutionContext context, Func`1 invoke)\n   at NUnit.Framework.Internal.Commands.TestMethodCommand.RunTestMethod(TestExecutionContext context)\n   at NUnit.Framework.Internal.Commands.TestMethodCommand.Execute(TestExecutionContext context)\n   at NUnit.Framework.Internal.Commands.BeforeAndAfterTestCommand.<>c__DisplayClass1_0.<Execute>b__0()\n   at NUnit.Framework.Internal.Commands.DelegatingTestCommand.RunTestMethodInThreadAbortSafeZone(TestExecutionContext context, Action action)\n","DisplayName":"CreateUserAsync_WhenPasswordAlreadyHashed_DoesNotCreateUser","Messages":[],"ComputerName":"AdamZiv-2","Duration":"00:00:00.0227730","StartTime":"2025-06-06T13:44:52.180562+00:00","EndTime":"2025-06-06T13:44:52.203334+00:00","Properties":[{"Key":{"Id":"NUnit.Seed","Label":"Seed","Category":"","Description":"","Attributes":0,"ValueType":"System.String"},"Value":"960735603"}]},{"TestCase":{"Id":"45687e75-149d-e450-4390-b1dc469c8192","FullyQualifiedName":"TBD.TestProject.UserServiceTest.CreateUserAsync_WhenPasswordInvalid_ThrowsArgumentException(null)","DisplayName":"CreateUserAsync_WhenPasswordInvalid_ThrowsArgumentException(null)","ExecutorUri":"executor://NUnit3TestExecutor","Source":"/Users/adamziv/Desktop/UnknownProject/TBD/bin/Debug/net9.0/TBD.dll","CodeFilePath":null,"LineNumber":0,"Properties":[{"Key":{"Id":"NUnit.Seed","Label":"Seed","Category":"","Description":"","Attributes":0,"ValueType":"System.String"},"Value":"346763186"}]},"Attachments":[],"Outcome":1,"ErrorMessage":null,"ErrorStackTrace":null,"DisplayName":"CreateUserAsync_WhenPasswordInvalid_ThrowsArgumentException(null)","Messages":[],"ComputerName":"AdamZiv-2","Duration":"00:00:00.0007159","StartTime":"2025-06-06T13:44:52.203424+00:00","EndTime":"2025-06-06T13:44:52.20414+00:00","Properties":[{"Key":{"Id":"NUnit.Seed","Label":"Seed","Category":"","Description":"","Attributes":0,"ValueType":"System.String"},"Value":"346763186"}]},{"TestCase":{"Id":"1871c9e6-6920-5110-a114-b47d3f7e1bbf","FullyQualifiedName":"TBD.TestProject.UserServiceTest.CreateUserAsync_WhenPasswordInvalid_ThrowsArgumentException(\"\")","DisplayName":"CreateUserAsync_WhenPasswordInvalid_ThrowsArgumentException(\"\")","ExecutorUri":"executor://NUnit3TestExecutor","Source":"/Users/adamziv/Desktop/UnknownProject/TBD/bin/Debug/net9.0/TBD.dll","CodeFilePath":null,"LineNumber":0,"Properties":[{"Key":{"Id":"NUnit.Seed","Label":"Seed","Category":"","Description":"","Attributes":0,"ValueType":"System.String"},"Value":"1663822418"}]},"Attachments":[],"Outcome":1,"ErrorMessage":null,"ErrorStackTrace":null,"DisplayName":"CreateUserAsync_WhenPasswordInvalid_ThrowsArgumentException(\"\")","Messages":[],"ComputerName":"AdamZiv-2","Duration":"00:00:00.0001940","StartTime":"2025-06-06T13:44:52.204145+00:00","EndTime":"2025-06-06T13:44:52.204339+00:00","Properties":[{"Key":{"Id":"NUnit.Seed","Label":"Seed","Category":"","Description":"","Attributes":0,"ValueType":"System.String"},"Value":"1663822418"}]},{"TestCase":{"Id":"994966e7-5e3a-697b-81c9-ba9e4c39dd04","FullyQualifiedName":"TBD.TestProject.UserServiceTest.CreateUserAsync_WhenPasswordInvalid_ThrowsArgumentException(\"   \")","DisplayName":"CreateUserAsync_WhenPasswordInvalid_ThrowsArgumentException(\"   \")","ExecutorUri":"executor://NUnit3TestExecutor","Source":"/Users/adamziv/Desktop/UnknownProject/TBD/bin/Debug/net9.0/TBD.dll","CodeFilePath":null,"LineNumber":0,"Properties":[{"Key":{"Id":"NUnit.Seed","Label":"Seed","Category":"","Description":"","Attributes":0,"ValueType":"System.String"},"Value":"360332173"}]},"Attachments":[],"Outcome":1,"ErrorMessage":null,"ErrorStackTrace":null,"DisplayName":"CreateUserAsync_WhenPasswordInvalid_ThrowsArgumentException(\"   \")","Messages":[],"ComputerName":"AdamZiv-2","Duration":"00:00:00.0001410","StartTime":"2025-06-06T13:44:52.204342+00:00","EndTime":"2025-06-06T13:44:52.204483+00:00","Properties":[{"Key":{"Id":"NUnit.Seed","Label":"Seed","Category":"","Description":"","Attributes":0,"ValueType":"System.String"},"Value":"360332173"}]}],"TestRunStatistics":{"ExecutedTests":54,"Stats":{"Passed":53,"Failed":1}},"ActiveTests":[{"Id":"05986e67-2135-bf04-d2f9-f1d46dfab02e","FullyQualifiedName":"TBD.TestProject.UserServiceTest.CreateUserAsync_WhenPasswordNotHashed_HashesPasswordAndCreatesUser","DisplayName":"CreateUserAsync_WhenPasswordNotHashed_HashesPasswordAndCreatesUser","ExecutorUri":"executor://NUnit3TestExecutor","Source":"/Users/adamziv/Desktop/UnknownProject/TBD/bin/Debug/net9.0/TBD.dll","CodeFilePath":null,"LineNumber":0,"Properties":[{"Key":{"Id":"NUnit.Seed","Label":"Seed","Category":"","Description":"","Attributes":0,"ValueType":"System.String"},"Value":"397052729"}]}]}}
TpTrace Verbose: 0 : 6439, 10, 2025/06/06, 08:44:52.205, 931065984506375, vstest.console.dll, TestRunRequest:SendTestRunStatsChange: Starting.
TpTrace Verbose: 0 : 6439, 10, 2025/06/06, 08:44:52.205, 931065984520041, vstest.console.dll, InProgress is CreateUserAsync_WhenPasswordNotHashed_HashesPasswordAndCreatesUser
TpTrace Verbose: 0 : 6439, 10, 2025/06/06, 08:44:52.205, 931065984543541, vstest.console.dll, MulticastDelegateUtilities.SafeInvoke: TestRun.RunStatsChanged: Invoking callbacks was skipped because there are no subscribers.
TpTrace Information: 0 : 6439, 10, 2025/06/06, 08:44:52.205, 931065984552041, vstest.console.dll, TestRunRequest:SendTestRunStatsChange: Completed.
TpTrace Verbose: 0 : 6439, 10, 2025/06/06, 08:44:52.205, 931065984559708, vstest.console.dll, MulticastDelegateUtilities.SafeInvoke: LengthPrefixCommunicationChannel: MessageReceived: Invoking callback 1/1 for Microsoft.VisualStudio.TestPlatform.CommunicationUtilities.TestRequestSender+<>c__DisplayClass34_0., took 0 ms.
TpTrace Verbose: 0 : 6439, 4, 2025/06/06, 08:44:52.205, 931065984557833, vstest.console.dll, MulticastDelegateUtilities.SafeInvoke: InternalTestLoggerEvents.SendTestResult: Invoking callback 1/1 for Microsoft.VisualStudio.TestPlatform.CommandLine.Internal.MSBuildLogger., took 0 ms.
TpTrace Verbose: 0 : 6439, 4, 2025/06/06, 08:44:52.205, 931065984591125, vstest.console.dll, MulticastDelegateUtilities.SafeInvoke: InternalTestLoggerEvents.SendTestResult: Invoking callback 1/1 for Microsoft.VisualStudio.TestPlatform.CommandLine.Internal.MSBuildLogger., took 0 ms.
TpTrace Verbose: 0 : 6439, 10, 2025/06/06, 08:44:52.205, 931065984568000, vstest.console.dll, TcpClientExtensions.MessageLoopAsync: Polling on remoteEndPoint: 127.0.0.1:49890 localEndPoint: 127.0.0.1:49889 after 35 ms
TpTrace Verbose: 0 : 6439, 4, 2025/06/06, 08:44:52.205, 931065984604625, vstest.console.dll, MulticastDelegateUtilities.SafeInvoke: InternalTestLoggerEvents.SendTestResult: Invoking callback 1/1 for Microsoft.VisualStudio.TestPlatform.CommandLine.Internal.MSBuildLogger., took 0 ms.
TpTrace Verbose: 0 : 6439, 4, 2025/06/06, 08:44:52.205, 931065984619583, vstest.console.dll, MulticastDelegateUtilities.SafeInvoke: InternalTestLoggerEvents.SendTestResult: Invoking callback 1/1 for Microsoft.VisualStudio.TestPlatform.CommandLine.Internal.MSBuildLogger., took 0 ms.
TpTrace Verbose: 0 : 6439, 4, 2025/06/06, 08:44:52.205, 931065984628250, vstest.console.dll, MulticastDelegateUtilities.SafeInvoke: InternalTestLoggerEvents.SendTestResult: Invoking callback 1/1 for Microsoft.VisualStudio.TestPlatform.CommandLine.Internal.MSBuildLogger., took 0 ms.
TpTrace Verbose: 0 : 6439, 4, 2025/06/06, 08:44:52.212, 931065991257333, vstest.console.dll, MulticastDelegateUtilities.SafeInvoke: InternalTestLoggerEvents.SendTestResult: Invoking callback 1/1 for Microsoft.VisualStudio.TestPlatform.CommandLine.Internal.MSBuildLogger., took 6 ms.
TpTrace Verbose: 0 : 6439, 4, 2025/06/06, 08:44:52.212, 931065991291583, vstest.console.dll, MulticastDelegateUtilities.SafeInvoke: InternalTestLoggerEvents.SendTestResult: Invoking callback 1/1 for Microsoft.VisualStudio.TestPlatform.CommandLine.Internal.MSBuildLogger., took 0 ms.
TpTrace Verbose: 0 : 6439, 4, 2025/06/06, 08:44:52.212, 931065991302708, vstest.console.dll, MulticastDelegateUtilities.SafeInvoke: InternalTestLoggerEvents.SendTestResult: Invoking callback 1/1 for Microsoft.VisualStudio.TestPlatform.CommandLine.Internal.MSBuildLogger., took 0 ms.
TpTrace Verbose: 0 : 6439, 4, 2025/06/06, 08:44:52.212, 931065991313125, vstest.console.dll, MulticastDelegateUtilities.SafeInvoke: InternalTestLoggerEvents.SendTestResult: Invoking callback 1/1 for Microsoft.VisualStudio.TestPlatform.CommandLine.Internal.MSBuildLogger., took 0 ms.
TpTrace Verbose: 0 : 6439, 10, 2025/06/06, 08:44:52.224, 931066002863791, vstest.console.dll, TcpClientExtensions.MessageLoopAsync: NotifyDataAvailable remoteEndPoint: 127.0.0.1:49890 localEndPoint: 127.0.0.1:49889
TpTrace Verbose: 0 : 6439, 10, 2025/06/06, 08:44:52.224, 931066003001500, vstest.console.dll, TestRequestSender.OnExecutionMessageReceived: Received message: {"Version":7,"MessageType":"TestExecution.StatsChange","Payload":{"NewTestResults":[{"TestCase":{"Id":"05986e67-2135-bf04-d2f9-f1d46dfab02e","FullyQualifiedName":"TBD.TestProject.UserServiceTest.CreateUserAsync_WhenPasswordNotHashed_HashesPasswordAndCreatesUser","DisplayName":"CreateUserAsync_WhenPasswordNotHashed_HashesPasswordAndCreatesUser","ExecutorUri":"executor://NUnit3TestExecutor","Source":"/Users/adamziv/Desktop/UnknownProject/TBD/bin/Debug/net9.0/TBD.dll","CodeFilePath":null,"LineNumber":0,"Properties":[{"Key":{"Id":"NUnit.Seed","Label":"Seed","Category":"","Description":"","Attributes":0,"ValueType":"System.String"},"Value":"397052729"}]},"Attachments":[],"Outcome":1,"ErrorMessage":null,"ErrorStackTrace":null,"DisplayName":"CreateUserAsync_WhenPasswordNotHashed_HashesPasswordAndCreatesUser","Messages":[],"ComputerName":"AdamZiv-2","Duration":"00:00:00.0037620","StartTime":"2025-06-06T13:44:52.204506+00:00","EndTime":"2025-06-06T13:44:52.208268+00:00","Properties":[{"Key":{"Id":"NUnit.Seed","Label":"Seed","Category":"","Description":"","Attributes":0,"ValueType":"System.String"},"Value":"397052729"}]},{"TestCase":{"Id":"9b095d20-c53b-1161-fe68-9e356b9d518d","FullyQualifiedName":"TBD.TestProject.UserServiceTest.CreateUserAsync_WhenUserDtoIsNull_ThrowsArgumentNullException","DisplayName":"CreateUserAsync_WhenUserDtoIsNull_ThrowsArgumentNullException","ExecutorUri":"executor://NUnit3TestExecutor","Source":"/Users/adamziv/Desktop/UnknownProject/TBD/bin/Debug/net9.0/TBD.dll","CodeFilePath":null,"LineNumber":0,"Properties":[{"Key":{"Id":"NUnit.Seed","Label":"Seed","Category":"","Description":"","Attributes":0,"ValueType":"System.String"},"Value":"232600627"}]},"Attachments":[],"Outcome":2,"ErrorMessage":"  Assert.That(caughtException, expression)\n  Expected: <System.ArgumentNullException>\n  But was:  <System.NullReferenceException: Object reference not set to an instance of an object.\n   at TBD.UserModule.Services.UserService.CreateUserAsync(UserDto userDto) in /Users/adamziv/Desktop/UnknownProject/TBD/UserModule/Services/UserService.cs:line 58\n   at TBD.TestProject.UserServiceTest.<CreateUserAsync_WhenUserDtoIsNull_ThrowsArgumentNullException>b__23_0() in /Users/adamziv/Desktop/UnknownProject/TBD/TestProject/UserTest.cs:line 400\n   at NUnit.Framework.Internal.TaskAwaitAdapter.GenericAdapter`1.GetResult()\n   at NUnit.Framework.Internal.AsyncToSyncAdapter.Await[TResult](TestExecutionContext context, Func`1 invoke)\n   at NUnit.Framework.Internal.AsyncToSyncAdapter.Await(TestExecutionContext context, Func`1 invoke)\n   at NUnit.Framework.Assert.ThrowsAsync(IResolveConstraint expression, AsyncTestDelegate code, String message, Object[] args)>\n","ErrorStackTrace":"   at TBD.TestProject.UserServiceTest.CreateUserAsync_WhenUserDtoIsNull_ThrowsArgumentNullException() in /Users/adamziv/Desktop/UnknownProject/TBD/TestProject/UserTest.cs:line 399\n\n1)    at TBD.TestProject.UserServiceTest.CreateUserAsync_WhenUserDtoIsNull_ThrowsArgumentNullException() in /Users/adamziv/Desktop/UnknownProject/TBD/TestProject/UserTest.cs:line 399\n\n","DisplayName":"CreateUserAsync_WhenUserDtoIsNull_ThrowsArgumentNullException","Messages":[],"ComputerName":"AdamZiv-2","Duration":"00:00:00.0084870","StartTime":"2025-06-06T13:44:52.208293+00:00","EndTime":"2025-06-06T13:44:52.21678+00:00","Properties":[{"Key":{"Id":"NUnit.Seed","Label":"Seed","Category":"","Description":"","Attributes":0,"ValueType":"System.String"},"Value":"232600627"}]},{"TestCase":{"Id":"275da1ab-6f3e-ba49-8387-cbd16d111577","FullyQualifiedName":"TBD.TestProject.UserServiceTest.DeleteUserAsync_WhenGuidEmpty_ThrowsArgumentException","DisplayName":"DeleteUserAsync_WhenGuidEmpty_ThrowsArgumentException","ExecutorUri":"executor://NUnit3TestExecutor","Source":"/Users/adamziv/Desktop/UnknownProject/TBD/bin/Debug/net9.0/TBD.dll","CodeFilePath":null,"LineNumber":0,"Properties":[{"Key":{"Id":"NUnit.Seed","Label":"Seed","Category":"","Description":"","Attributes":0,"ValueType":"System.String"},"Value":"535280745"}]},"Attachments":[],"Outcome":2,"ErrorMessage":"  Assert.That(caughtException, expression)\n  Expected: <System.ArgumentException>\n  But was:  null\n","ErrorStackTrace":"   at TBD.TestProject.UserServiceTest.DeleteUserAsync_WhenGuidEmpty_ThrowsArgumentException() in /Users/adamziv/Desktop/UnknownProject/TBD/TestProject/UserTest.cs:line 471\n\n1)    at TBD.TestProject.UserServiceTest.DeleteUserAsync_WhenGuidEmpty_ThrowsArgumentException() in /Users/adamziv/Desktop/UnknownProject/TBD/TestProject/UserTest.cs:line 471\n\n","DisplayName":"DeleteUserAsync_WhenGuidEmpty_ThrowsArgumentException","Messages":[],"ComputerName":"AdamZiv-2","Duration":"00:00:00.0007739","StartTime":"2025-06-06T13:44:52.216799+00:00","EndTime":"2025-06-06T13:44:52.217574+00:00","Properties":[{"Key":{"Id":"NUnit.Seed","Label":"Seed","Category":"","Description":"","Attributes":0,"ValueType":"System.String"},"Value":"535280745"}]},{"TestCase":{"Id":"1cca85cd-23e2-f1a5-4cfe-05ef2acf5805","FullyQualifiedName":"TBD.TestProject.UserServiceTest.DeleteUserAsync_WhenUserExists_GetsAndRemovesUser","DisplayName":"DeleteUserAsync_WhenUserExists_GetsAndRemovesUser","ExecutorUri":"executor://NUnit3TestExecutor","Source":"/Users/adamziv/Desktop/UnknownProject/TBD/bin/Debug/net9.0/TBD.dll","CodeFilePath":null,"LineNumber":0,"Properties":[{"Key":{"Id":"NUnit.Seed","Label":"Seed","Category":"","Description":"","Attributes":0,"ValueType":"System.String"},"Value":"1376137372"}]},"Attachments":[],"Outcome":1,"ErrorMessage":null,"ErrorStackTrace":null,"DisplayName":"DeleteUserAsync_WhenUserExists_GetsAndRemovesUser","Messages":[],"ComputerName":"AdamZiv-2","Duration":"00:00:00.0021679","StartTime":"2025-06-06T13:44:52.21759+00:00","EndTime":"2025-06-06T13:44:52.219758+00:00","Properties":[{"Key":{"Id":"NUnit.Seed","Label":"Seed","Category":"","Description":"","Attributes":0,"ValueType":"System.String"},"Value":"1376137372"}]},{"TestCase":{"Id":"f721842a-835e-0417-f1f1-52eb4282248f","FullyQualifiedName":"TBD.TestProject.UserServiceTest.DeleteUserAsync_WhenUserNotFound_ThrowsNullReferenceException","DisplayName":"DeleteUserAsync_WhenUserNotFound_ThrowsNullReferenceException","ExecutorUri":"executor://NUnit3TestExecutor","Source":"/Users/adamziv/Desktop/UnknownProject/TBD/bin/Debug/net9.0/TBD.dll","CodeFilePath":null,"LineNumber":0,"Properties":[{"Key":{"Id":"NUnit.Seed","Label":"Seed","Category":"","Description":"","Attributes":0,"ValueType":"System.String"},"Value":"344788222"}]},"Attachments":[],"Outcome":2,"ErrorMessage":"  Assert.That(caughtException, expression)\n  Expected: <System.NullReferenceException>\n  But was:  null\n","ErrorStackTrace":"   at TBD.TestProject.UserServiceTest.DeleteUserAsync_WhenUserNotFound_ThrowsNullReferenceException() in /Users/adamziv/Desktop/UnknownProject/TBD/TestProject/UserTest.cs:line 461\n\n1)    at TBD.TestProject.UserServiceTest.DeleteUserAsync_WhenUserNotFound_ThrowsNullReferenceException() in /Users/adamziv/Desktop/UnknownProject/TBD/TestProject/UserTest.cs:line 461\n\n","DisplayName":"DeleteUserAsync_WhenUserNotFound_ThrowsNullReferenceException","Messages":[],"ComputerName":"AdamZiv-2","Duration":"00:00:00.0006110","StartTime":"2025-06-06T13:44:52.219776+00:00","EndTime":"2025-06-06T13:44:52.220387+00:00","Properties":[{"Key":{"Id":"NUnit.Seed","Label":"Seed","Category":"","Description":"","Attributes":0,"ValueType":"System.String"},"Value":"344788222"}]},{"TestCase":{"Id":"66e47033-2b94-dfa7-0f58-c02c7f7cf1a4","FullyQualifiedName":"TBD.TestProject.UserServiceTest.GetAllUsersAsync_WhenNoUsers_ReturnsEmptyCollection","DisplayName":"GetAllUsersAsync_WhenNoUsers_ReturnsEmptyCollection","ExecutorUri":"executor://NUnit3TestExecutor","Source":"/Users/adamziv/Desktop/UnknownProject/TBD/bin/Debug/net9.0/TBD.dll","CodeFilePath":null,"LineNumber":0,"Properties":[{"Key":{"Id":"NUnit.Seed","Label":"Seed","Category":"","Description":"","Attributes":0,"ValueType":"System.String"},"Value":"803991227"}]},"Attachments":[],"Outcome":1,"ErrorMessage":null,"ErrorStackTrace":null,"DisplayName":"GetAllUsersAsync_WhenNoUsers_ReturnsEmptyCollection","Messages":[],"ComputerName":"AdamZiv-2","Duration":"00:00:00.0010980","StartTime":"2025-06-06T13:44:52.220402+00:00","EndTime":"2025-06-06T13:44:52.221499+00:00","Properties":[{"Key":{"Id":"NUnit.Seed","Label":"Seed","Category":"","Description":"","Attributes":0,"ValueType":"System.String"},"Value":"803991227"}]},{"TestCase":{"Id":"6853045f-a812-703f-23c2-663c2254697b","FullyQualifiedName":"TBD.TestProject.UserServiceTest.GetAllUsersAsync_WhenUsersExist_ReturnsAllMappedUserDtos","DisplayName":"GetAllUsersAsync_WhenUsersExist_ReturnsAllMappedUserDtos","ExecutorUri":"executor://NUnit3TestExecutor","Source":"/Users/adamziv/Desktop/UnknownProject/TBD/bin/Debug/net9.0/TBD.dll","CodeFilePath":null,"LineNumber":0,"Properties":[{"Key":{"Id":"NUnit.Seed","Label":"Seed","Category":"","Description":"","Attributes":0,"ValueType":"System.String"},"Value":"1060894646"}]},"Attachments":[],"Outcome":1,"ErrorMessage":null,"ErrorStackTrace":null,"DisplayName":"GetAllUsersAsync_WhenUsersExist_ReturnsAllMappedUserDtos","Messages":[],"ComputerName":"AdamZiv-2","Duration":"00:00:00.0012270","StartTime":"2025-06-06T13:44:52.221516+00:00","EndTime":"2025-06-06T13:44:52.222743+00:00","Properties":[{"Key":{"Id":"NUnit.Seed","Label":"Seed","Category":"","Description":"","Attributes":0,"ValueType":"System.String"},"Value":"1060894646"}]},{"TestCase":{"Id":"db2dd180-e201-d2ba-74d6-0c4686012349","FullyQualifiedName":"TBD.TestProject.UserServiceTest.GetUserByEmailAsync_WhenEmailInvalid_ThrowsArgumentException(null)","DisplayName":"GetUserByEmailAsync_WhenEmailInvalid_ThrowsArgumentException(null)","ExecutorUri":"executor://NUnit3TestExecutor","Source":"/Users/adamziv/Desktop/UnknownProject/TBD/bin/Debug/net9.0/TBD.dll","CodeFilePath":null,"LineNumber":0,"Properties":[{"Key":{"Id":"NUnit.Seed","Label":"Seed","Category":"","Description":"","Attributes":0,"ValueType":"System.String"},"Value":"2018637882"}]},"Attachments":[],"Outcome":2,"ErrorMessage":"  Assert.That(caughtException, expression)\n  Expected: <System.ArgumentException>\n  But was:  null\n","ErrorStackTrace":"   at TBD.TestProject.UserServiceTest.GetUserByEmailAsync_WhenEmailInvalid_ThrowsArgumentException(String invalidEmail) in /Users/adamziv/Desktop/UnknownProject/TBD/TestProject/UserTest.cs:line 157\n\n1)    at TBD.TestProject.UserServiceTest.GetUserByEmailAsync_WhenEmailInvalid_ThrowsArgumentException(String invalidEmail) in /Users/adamziv/Desktop/UnknownProject/TBD/TestProject/UserTest.cs:line 157\n\n","DisplayName":"GetUserByEmailAsync_WhenEmailInvalid_ThrowsArgumentException(null)","Messages":[],"ComputerName":"AdamZiv-2","Duration":"00:00:00.0006020","StartTime":"2025-06-06T13:44:52.222767+00:00","EndTime":"2025-06-06T13:44:52.223369+00:00","Properties":[{"Key":{"Id":"NUnit.Seed","Label":"Seed","Category":"","Description":"","Attributes":0,"ValueType":"System.String"},"Value":"2018637882"}]},{"TestCase":{"Id":"8a3289f3-f445-1184-ebcb-575ffdfa9f61","FullyQualifiedName":"TBD.TestProject.UserServiceTest.GetUserByEmailAsync_WhenEmailInvalid_ThrowsArgumentException(\"\")","DisplayName":"GetUserByEmailAsync_WhenEmailInvalid_ThrowsArgumentException(\"\")","ExecutorUri":"executor://NUnit3TestExecutor","Source":"/Users/adamziv/Desktop/UnknownProject/TBD/bin/Debug/net9.0/TBD.dll","CodeFilePath":null,"LineNumber":0,"Properties":[{"Key":{"Id":"NUnit.Seed","Label":"Seed","Category":"","Description":"","Attributes":0,"ValueType":"System.String"},"Value":"1989648418"}]},"Attachments":[],"Outcome":2,"ErrorMessage":"  Assert.That(caughtException, expression)\n  Expected: <System.ArgumentException>\n  But was:  null\n","ErrorStackTrace":"   at TBD.TestProject.UserServiceTest.GetUserByEmailAsync_WhenEmailInvalid_ThrowsArgumentException(String invalidEmail) in /Users/adamziv/Desktop/UnknownProject/TBD/TestProject/UserTest.cs:line 157\n   at InvokeStub_UserServiceTest.GetUserByEmailAsync_WhenEmailInvalid_ThrowsArgumentException(Object, Span`1)\n\n1)    at TBD.TestProject.UserServiceTest.GetUserByEmailAsync_WhenEmailInvalid_ThrowsArgumentException(String invalidEmail) in /Users/adamziv/Desktop/UnknownProject/TBD/TestProject/UserTest.cs:line 157\n   at InvokeStub_UserServiceTest.GetUserByEmailAsync_WhenEmailInvalid_ThrowsArgumentException(Object, Span`1)\n\n","DisplayName":"GetUserByEmailAsync_WhenEmailInvalid_ThrowsArgumentException(\"\")","Messages":[],"ComputerName":"AdamZiv-2","Duration":"00:00:00.0002470","StartTime":"2025-06-06T13:44:52.223384+00:00","EndTime":"2025-06-06T13:44:52.223631+00:00","Properties":[{"Key":{"Id":"NUnit.Seed","Label":"Seed","Category":"","Description":"","Attributes":0,"ValueType":"System.String"},"Value":"1989648418"}]}],"TestRunStatistics":{"ExecutedTests":63,"Stats":{"Passed":57,"Failed":6}},"ActiveTests":[{"Id":"cf56d015-bc75-46bf-8ca2-f09868f96137","FullyQualifiedName":"TBD.TestProject.UserServiceTest.GetUserByEmailAsync_WhenEmailInvalid_ThrowsArgumentException(\"   \")","DisplayName":"GetUserByEmailAsync_WhenEmailInvalid_ThrowsArgumentException(\"   \")","ExecutorUri":"executor://NUnit3TestExecutor","Source":"/Users/adamziv/Desktop/UnknownProject/TBD/bin/Debug/net9.0/TBD.dll","CodeFilePath":null,"LineNumber":0,"Properties":[{"Key":{"Id":"NUnit.Seed","Label":"Seed","Category":"","Description":"","Attributes":0,"ValueType":"System.String"},"Value":"2077480072"}]}]}}
TpTrace Verbose: 0 : 6439, 10, 2025/06/06, 08:44:52.224, 931066003588500, vstest.console.dll, TestRunRequest:SendTestRunStatsChange: Starting.
TpTrace Verbose: 0 : 6439, 10, 2025/06/06, 08:44:52.224, 931066003600916, vstest.console.dll, InProgress is GetUserByEmailAsync_WhenEmailInvalid_ThrowsArgumentException("   ")
TpTrace Verbose: 0 : 6439, 10, 2025/06/06, 08:44:52.224, 931066003616458, vstest.console.dll, MulticastDelegateUtilities.SafeInvoke: TestRun.RunStatsChanged: Invoking callbacks was skipped because there are no subscribers.
TpTrace Information: 0 : 6439, 10, 2025/06/06, 08:44:52.224, 931066003622625, vstest.console.dll, TestRunRequest:SendTestRunStatsChange: Completed.
TpTrace Verbose: 0 : 6439, 10, 2025/06/06, 08:44:52.224, 931066003631125, vstest.console.dll, MulticastDelegateUtilities.SafeInvoke: LengthPrefixCommunicationChannel: MessageReceived: Invoking callback 1/1 for Microsoft.VisualStudio.TestPlatform.CommunicationUtilities.TestRequestSender+<>c__DisplayClass34_0., took 0 ms.
TpTrace Verbose: 0 : 6439, 10, 2025/06/06, 08:44:52.224, 931066003639333, vstest.console.dll, TcpClientExtensions.MessageLoopAsync: Polling on remoteEndPoint: 127.0.0.1:49890 localEndPoint: 127.0.0.1:49889 after 19 ms
TpTrace Verbose: 0 : 6439, 4, 2025/06/06, 08:44:52.224, 931066003637166, vstest.console.dll, MulticastDelegateUtilities.SafeInvoke: InternalTestLoggerEvents.SendTestResult: Invoking callback 1/1 for Microsoft.VisualStudio.TestPlatform.CommandLine.Internal.MSBuildLogger., took 0 ms.
TpTrace Verbose: 0 : 6439, 4, 2025/06/06, 08:44:52.225, 931066003714125, vstest.console.dll, MulticastDelegateUtilities.SafeInvoke: InternalTestLoggerEvents.SendTestResult: Invoking callback 1/1 for Microsoft.VisualStudio.TestPlatform.CommandLine.Internal.MSBuildLogger., took 0 ms.
TpTrace Verbose: 0 : 6439, 4, 2025/06/06, 08:44:52.225, 931066003749208, vstest.console.dll, MulticastDelegateUtilities.SafeInvoke: InternalTestLoggerEvents.SendTestResult: Invoking callback 1/1 for Microsoft.VisualStudio.TestPlatform.CommandLine.Internal.MSBuildLogger., took 0 ms.
TpTrace Verbose: 0 : 6439, 4, 2025/06/06, 08:44:52.225, 931066003761000, vstest.console.dll, MulticastDelegateUtilities.SafeInvoke: InternalTestLoggerEvents.SendTestResult: Invoking callback 1/1 for Microsoft.VisualStudio.TestPlatform.CommandLine.Internal.MSBuildLogger., took 0 ms.
TpTrace Verbose: 0 : 6439, 4, 2025/06/06, 08:44:52.225, 931066003784166, vstest.console.dll, MulticastDelegateUtilities.SafeInvoke: InternalTestLoggerEvents.SendTestResult: Invoking callback 1/1 for Microsoft.VisualStudio.TestPlatform.CommandLine.Internal.MSBuildLogger., took 0 ms.
TpTrace Verbose: 0 : 6439, 4, 2025/06/06, 08:44:52.225, 931066003794000, vstest.console.dll, MulticastDelegateUtilities.SafeInvoke: InternalTestLoggerEvents.SendTestResult: Invoking callback 1/1 for Microsoft.VisualStudio.TestPlatform.CommandLine.Internal.MSBuildLogger., took 0 ms.
TpTrace Verbose: 0 : 6439, 4, 2025/06/06, 08:44:52.225, 931066003801458, vstest.console.dll, MulticastDelegateUtilities.SafeInvoke: InternalTestLoggerEvents.SendTestResult: Invoking callback 1/1 for Microsoft.VisualStudio.TestPlatform.CommandLine.Internal.MSBuildLogger., took 0 ms.
TpTrace Verbose: 0 : 6439, 4, 2025/06/06, 08:44:52.225, 931066003821375, vstest.console.dll, MulticastDelegateUtilities.SafeInvoke: InternalTestLoggerEvents.SendTestResult: Invoking callback 1/1 for Microsoft.VisualStudio.TestPlatform.CommandLine.Internal.MSBuildLogger., took 0 ms.
TpTrace Verbose: 0 : 6439, 4, 2025/06/06, 08:44:52.225, 931066003848208, vstest.console.dll, MulticastDelegateUtilities.SafeInvoke: InternalTestLoggerEvents.SendTestResult: Invoking callback 1/1 for Microsoft.VisualStudio.TestPlatform.CommandLine.Internal.MSBuildLogger., took 0 ms.
TpTrace Verbose: 0 : 6439, 10, 2025/06/06, 08:44:52.230, 931066008940083, vstest.console.dll, TcpClientExtensions.MessageLoopAsync: NotifyDataAvailable remoteEndPoint: 127.0.0.1:49890 localEndPoint: 127.0.0.1:49889
TpTrace Verbose: 0 : 6439, 10, 2025/06/06, 08:44:52.230, 931066009068916, vstest.console.dll, TestRequestSender.OnExecutionMessageReceived: Received message: {"Version":7,"MessageType":"TestExecution.StatsChange","Payload":{"NewTestResults":[{"TestCase":{"Id":"cf56d015-bc75-46bf-8ca2-f09868f96137","FullyQualifiedName":"TBD.TestProject.UserServiceTest.GetUserByEmailAsync_WhenEmailInvalid_ThrowsArgumentException(\"   \")","DisplayName":"GetUserByEmailAsync_WhenEmailInvalid_ThrowsArgumentException(\"   \")","ExecutorUri":"executor://NUnit3TestExecutor","Source":"/Users/adamziv/Desktop/UnknownProject/TBD/bin/Debug/net9.0/TBD.dll","CodeFilePath":null,"LineNumber":0,"Properties":[{"Key":{"Id":"NUnit.Seed","Label":"Seed","Category":"","Description":"","Attributes":0,"ValueType":"System.String"},"Value":"2077480072"}]},"Attachments":[],"Outcome":2,"ErrorMessage":"  Assert.That(caughtException, expression)\n  Expected: <System.ArgumentException>\n  But was:  null\n","ErrorStackTrace":"   at TBD.TestProject.UserServiceTest.GetUserByEmailAsync_WhenEmailInvalid_ThrowsArgumentException(String invalidEmail) in /Users/adamziv/Desktop/UnknownProject/TBD/TestProject/UserTest.cs:line 157\n   at InvokeStub_UserServiceTest.GetUserByEmailAsync_WhenEmailInvalid_ThrowsArgumentException(Object, Span`1)\n\n1)    at TBD.TestProject.UserServiceTest.GetUserByEmailAsync_WhenEmailInvalid_ThrowsArgumentException(String invalidEmail) in /Users/adamziv/Desktop/UnknownProject/TBD/TestProject/UserTest.cs:line 157\n   at InvokeStub_UserServiceTest.GetUserByEmailAsync_WhenEmailInvalid_ThrowsArgumentException(Object, Span`1)\n\n","DisplayName":"GetUserByEmailAsync_WhenEmailInvalid_ThrowsArgumentException(\"   \")","Messages":[],"ComputerName":"AdamZiv-2","Duration":"00:00:00.0001780","StartTime":"2025-06-06T13:44:52.223645+00:00","EndTime":"2025-06-06T13:44:52.223823+00:00","Properties":[{"Key":{"Id":"NUnit.Seed","Label":"Seed","Category":"","Description":"","Attributes":0,"ValueType":"System.String"},"Value":"2077480072"}]},{"TestCase":{"Id":"14a77c6a-042e-8aa0-4845-98dfc0c331e5","FullyQualifiedName":"TBD.TestProject.UserServiceTest.GetUserByEmailAsync_WhenUserExists_ReturnsMappedUserDto","DisplayName":"GetUserByEmailAsync_WhenUserExists_ReturnsMappedUserDto","ExecutorUri":"executor://NUnit3TestExecutor","Source":"/Users/adamziv/Desktop/UnknownProject/TBD/bin/Debug/net9.0/TBD.dll","CodeFilePath":null,"LineNumber":0,"Properties":[{"Key":{"Id":"NUnit.Seed","Label":"Seed","Category":"","Description":"","Attributes":0,"ValueType":"System.String"},"Value":"1618255481"}]},"Attachments":[],"Outcome":1,"ErrorMessage":null,"ErrorStackTrace":null,"DisplayName":"GetUserByEmailAsync_WhenUserExists_ReturnsMappedUserDto","Messages":[],"ComputerName":"AdamZiv-2","Duration":"00:00:00.0006550","StartTime":"2025-06-06T13:44:52.223831+00:00","EndTime":"2025-06-06T13:44:52.224487+00:00","Properties":[{"Key":{"Id":"NUnit.Seed","Label":"Seed","Category":"","Description":"","Attributes":0,"ValueType":"System.String"},"Value":"1618255481"}]},{"TestCase":{"Id":"e00c7870-4c96-1b30-9391-a8f69c02f974","FullyQualifiedName":"TBD.TestProject.UserServiceTest.GetUserByEmailAsync_WhenUserNotFound_ReturnsNull","DisplayName":"GetUserByEmailAsync_WhenUserNotFound_ReturnsNull","ExecutorUri":"executor://NUnit3TestExecutor","Source":"/Users/adamziv/Desktop/UnknownProject/TBD/bin/Debug/net9.0/TBD.dll","CodeFilePath":null,"LineNumber":0,"Properties":[{"Key":{"Id":"NUnit.Seed","Label":"Seed","Category":"","Description":"","Attributes":0,"ValueType":"System.String"},"Value":"1647767742"}]},"Attachments":[],"Outcome":1,"ErrorMessage":null,"ErrorStackTrace":null,"DisplayName":"GetUserByEmailAsync_WhenUserNotFound_ReturnsNull","Messages":[],"ComputerName":"AdamZiv-2","Duration":"00:00:00.0003470","StartTime":"2025-06-06T13:44:52.224507+00:00","EndTime":"2025-06-06T13:44:52.224854+00:00","Properties":[{"Key":{"Id":"NUnit.Seed","Label":"Seed","Category":"","Description":"","Attributes":0,"ValueType":"System.String"},"Value":"1647767742"}]},{"TestCase":{"Id":"4ae18762-3228-7332-a75d-cbd0be1f4498","FullyQualifiedName":"TBD.TestProject.UserServiceTest.GetUserByIdAsync_WhenGuidEmpty_ThrowsArgumentException","DisplayName":"GetUserByIdAsync_WhenGuidEmpty_ThrowsArgumentException","ExecutorUri":"executor://NUnit3TestExecutor","Source":"/Users/adamziv/Desktop/UnknownProject/TBD/bin/Debug/net9.0/TBD.dll","CodeFilePath":null,"LineNumber":0,"Properties":[{"Key":{"Id":"NUnit.Seed","Label":"Seed","Category":"","Description":"","Attributes":0,"ValueType":"System.String"},"Value":"1051214269"}]},"Attachments":[],"Outcome":2,"ErrorMessage":"  Assert.That(caughtException, expression)\n  Expected: <System.ArgumentException>\n  But was:  null\n","ErrorStackTrace":"   at TBD.TestProject.UserServiceTest.GetUserByIdAsync_WhenGuidEmpty_ThrowsArgumentException() in /Users/adamziv/Desktop/UnknownProject/TBD/TestProject/UserTest.cs:line 103\n\n1)    at TBD.TestProject.UserServiceTest.GetUserByIdAsync_WhenGuidEmpty_ThrowsArgumentException() in /Users/adamziv/Desktop/UnknownProject/TBD/TestProject/UserTest.cs:line 103\n\n","DisplayName":"GetUserByIdAsync_WhenGuidEmpty_ThrowsArgumentException","Messages":[],"ComputerName":"AdamZiv-2","Duration":"00:00:00.0005330","StartTime":"2025-06-06T13:44:52.224873+00:00","EndTime":"2025-06-06T13:44:52.225406+00:00","Properties":[{"Key":{"Id":"NUnit.Seed","Label":"Seed","Category":"","Description":"","Attributes":0,"ValueType":"System.String"},"Value":"1051214269"}]},{"TestCase":{"Id":"d5d7c3e9-707c-3bb6-bfd1-0bba5caed3da","FullyQualifiedName":"TBD.TestProject.UserServiceTest.GetUserByIdAsync_WhenUserExists_ReturnsMappedUserDto","DisplayName":"GetUserByIdAsync_WhenUserExists_ReturnsMappedUserDto","ExecutorUri":"executor://NUnit3TestExecutor","Source":"/Users/adamziv/Desktop/UnknownProject/TBD/bin/Debug/net9.0/TBD.dll","CodeFilePath":null,"LineNumber":0,"Properties":[{"Key":{"Id":"NUnit.Seed","Label":"Seed","Category":"","Description":"","Attributes":0,"ValueType":"System.String"},"Value":"2139899039"}]},"Attachments":[],"Outcome":1,"ErrorMessage":null,"ErrorStackTrace":null,"DisplayName":"GetUserByIdAsync_WhenUserExists_ReturnsMappedUserDto","Messages":[],"ComputerName":"AdamZiv-2","Duration":"00:00:00.0010529","StartTime":"2025-06-06T13:44:52.225421+00:00","EndTime":"2025-06-06T13:44:52.226474+00:00","Properties":[{"Key":{"Id":"NUnit.Seed","Label":"Seed","Category":"","Description":"","Attributes":0,"ValueType":"System.String"},"Value":"2139899039"}]},{"TestCase":{"Id":"7807ce77-9ba5-2347-c077-e82c8ecf9c42","FullyQualifiedName":"TBD.TestProject.UserServiceTest.GetUserByIdAsync_WhenUserNotFound_ReturnsNull","DisplayName":"GetUserByIdAsync_WhenUserNotFound_ReturnsNull","ExecutorUri":"executor://NUnit3TestExecutor","Source":"/Users/adamziv/Desktop/UnknownProject/TBD/bin/Debug/net9.0/TBD.dll","CodeFilePath":null,"LineNumber":0,"Properties":[{"Key":{"Id":"NUnit.Seed","Label":"Seed","Category":"","Description":"","Attributes":0,"ValueType":"System.String"},"Value":"1294953076"}]},"Attachments":[],"Outcome":2,"ErrorMessage":"Moq.MockException : \nExpected invocation on the mock should never have been performed, but was 1 times: m => m.Map<UserDto>(It.IsAny<User>())\n\nPerformed invocations:\n\n   Mock<IMapper:49> (m):\n\n      IMapperBase.Map<UserDto>(null)\n","ErrorStackTrace":"   at Moq.Mock.Verify(Mock mock, LambdaExpression expression, Times times, String failMessage) in /_/src/Moq/Mock.cs:line 332\n   at Moq.Mock`1.Verify[TResult](Expression`1 expression, Func`1 times) in /_/src/Moq/Mock`1.cs:line 840\n   at TBD.TestProject.UserServiceTest.GetUserByIdAsync_WhenUserNotFound_ReturnsNull() in /Users/adamziv/Desktop/UnknownProject/TBD/TestProject/UserTest.cs:line 96\n   at NUnit.Framework.Internal.TaskAwaitAdapter.GenericAdapter`1.GetResult()\n   at NUnit.Framework.Internal.AsyncToSyncAdapter.Await[TResult](TestExecutionContext context, Func`1 invoke)\n   at NUnit.Framework.Internal.AsyncToSyncAdapter.Await(TestExecutionContext context, Func`1 invoke)\n   at NUnit.Framework.Internal.Commands.TestMethodCommand.RunTestMethod(TestExecutionContext context)\n   at NUnit.Framework.Internal.Commands.TestMethodCommand.Execute(TestExecutionContext context)\n   at NUnit.Framework.Internal.Commands.BeforeAndAfterTestCommand.<>c__DisplayClass1_0.<Execute>b__0()\n   at NUnit.Framework.Internal.Commands.DelegatingTestCommand.RunTestMethodInThreadAbortSafeZone(TestExecutionContext context, Action action)\n","DisplayName":"GetUserByIdAsync_WhenUserNotFound_ReturnsNull","Messages":[],"ComputerName":"AdamZiv-2","Duration":"00:00:00.0008160","StartTime":"2025-06-06T13:44:52.226487+00:00","EndTime":"2025-06-06T13:44:52.227303+00:00","Properties":[{"Key":{"Id":"NUnit.Seed","Label":"Seed","Category":"","Description":"","Attributes":0,"ValueType":"System.String"},"Value":"1294953076"}]},{"TestCase":{"Id":"1b86006c-87aa-0979-203c-7d29e97e7ac9","FullyQualifiedName":"TBD.TestProject.UserServiceTest.GetUserByUsernameAsync_WhenUserExists_ReturnsMappedUserDto","DisplayName":"GetUserByUsernameAsync_WhenUserExists_ReturnsMappedUserDto","ExecutorUri":"executor://NUnit3TestExecutor","Source":"/Users/adamziv/Desktop/UnknownProject/TBD/bin/Debug/net9.0/TBD.dll","CodeFilePath":null,"LineNumber":0,"Properties":[{"Key":{"Id":"NUnit.Seed","Label":"Seed","Category":"","Description":"","Attributes":0,"ValueType":"System.String"},"Value":"123992100"}]},"Attachments":[],"Outcome":1,"ErrorMessage":null,"ErrorStackTrace":null,"DisplayName":"GetUserByUsernameAsync_WhenUserExists_ReturnsMappedUserDto","Messages":[],"ComputerName":"AdamZiv-2","Duration":"00:00:00.0007970","StartTime":"2025-06-06T13:44:52.227318+00:00","EndTime":"2025-06-06T13:44:52.228115+00:00","Properties":[{"Key":{"Id":"NUnit.Seed","Label":"Seed","Category":"","Description":"","Attributes":0,"ValueType":"System.String"},"Value":"123992100"}]},{"TestCase":{"Id":"052af195-d054-38bb-2151-20c304607ea7","FullyQualifiedName":"TBD.TestProject.UserServiceTest.GetUserByUsernameAsync_WhenUserNotFound_ReturnsNull","DisplayName":"GetUserByUsernameAsync_WhenUserNotFound_ReturnsNull","ExecutorUri":"executor://NUnit3TestExecutor","Source":"/Users/adamziv/Desktop/UnknownProject/TBD/bin/Debug/net9.0/TBD.dll","CodeFilePath":null,"LineNumber":0,"Properties":[{"Key":{"Id":"NUnit.Seed","Label":"Seed","Category":"","Description":"","Attributes":0,"ValueType":"System.String"},"Value":"587556303"}]},"Attachments":[],"Outcome":1,"ErrorMessage":null,"ErrorStackTrace":null,"DisplayName":"GetUserByUsernameAsync_WhenUserNotFound_ReturnsNull","Messages":[],"ComputerName":"AdamZiv-2","Duration":"00:00:00.0002670","StartTime":"2025-06-06T13:44:52.228135+00:00","EndTime":"2025-06-06T13:44:52.228403+00:00","Properties":[{"Key":{"Id":"NUnit.Seed","Label":"Seed","Category":"","Description":"","Attributes":0,"ValueType":"System.String"},"Value":"587556303"}]},{"TestCase":{"Id":"2725b7cb-b2fe-8bfd-8f36-c1d6cc57bd0c","FullyQualifiedName":"TBD.TestProject.UserServiceTest.GetUsersAsync_WhenNoUsers_ReturnsEmptyResult","DisplayName":"GetUsersAsync_WhenNoUsers_ReturnsEmptyResult","ExecutorUri":"executor://NUnit3TestExecutor","Source":"/Users/adamziv/Desktop/UnknownProject/TBD/bin/Debug/net9.0/TBD.dll","CodeFilePath":null,"LineNumber":0,"Properties":[{"Key":{"Id":"NUnit.Seed","Label":"Seed","Category":"","Description":"","Attributes":0,"ValueType":"System.String"},"Value":"934050203"}]},"Attachments":[],"Outcome":1,"ErrorMessage":null,"ErrorStackTrace":null,"DisplayName":"GetUsersAsync_WhenNoUsers_ReturnsEmptyResult","Messages":[],"ComputerName":"AdamZiv-2","Duration":"00:00:00.0013610","StartTime":"2025-06-06T13:44:52.228418+00:00","EndTime":"2025-06-06T13:44:52.229779+00:00","Properties":[{"Key":{"Id":"NUnit.Seed","Label":"Seed","Category":"","Description":"","Attributes":0,"ValueType":"System.String"},"Value":"934050203"}]}],"TestRunStatistics":{"ExecutedTests":72,"Stats":{"Passed":63,"Failed":9}},"ActiveTests":[{"Id":"17cb95ba-577d-5caa-2b32-fb345b3bd69b","FullyQualifiedName":"TBD.TestProject.UserServiceTest.GetUsersAsync_WithInvalidParameters_UsesDefaultValues(-1,10,1,50)","DisplayName":"GetUsersAsync_WithInvalidParameters_UsesDefaultValues(-1,10,1,50)","ExecutorUri":"executor://NUnit3TestExecutor","Source":"/Users/adamziv/Desktop/UnknownProject/TBD/bin/Debug/net9.0/TBD.dll","CodeFilePath":null,"LineNumber":0,"Properties":[{"Key":{"Id":"NUnit.Seed","Label":"Seed","Category":"","Description":"","Attributes":0,"ValueType":"System.String"},"Value":"506407036"}]}]}}
TpTrace Verbose: 0 : 6439, 10, 2025/06/06, 08:44:52.230, 931066009583250, vstest.console.dll, TestRunRequest:SendTestRunStatsChange: Starting.
TpTrace Verbose: 0 : 6439, 10, 2025/06/06, 08:44:52.230, 931066009595458, vstest.console.dll, InProgress is GetUsersAsync_WithInvalidParameters_UsesDefaultValues(-1,10,1,50)
TpTrace Verbose: 0 : 6439, 10, 2025/06/06, 08:44:52.230, 931066009611458, vstest.console.dll, MulticastDelegateUtilities.SafeInvoke: TestRun.RunStatsChanged: Invoking callbacks was skipped because there are no subscribers.
TpTrace Information: 0 : 6439, 10, 2025/06/06, 08:44:52.230, 931066009620041, vstest.console.dll, TestRunRequest:SendTestRunStatsChange: Completed.
TpTrace Verbose: 0 : 6439, 10, 2025/06/06, 08:44:52.230, 931066009628166, vstest.console.dll, MulticastDelegateUtilities.SafeInvoke: LengthPrefixCommunicationChannel: MessageReceived: Invoking callback 1/1 for Microsoft.VisualStudio.TestPlatform.CommunicationUtilities.TestRequestSender+<>c__DisplayClass34_0., took 0 ms.
TpTrace Verbose: 0 : 6439, 10, 2025/06/06, 08:44:52.230, 931066009640833, vstest.console.dll, TcpClientExtensions.MessageLoopAsync: Polling on remoteEndPoint: 127.0.0.1:49890 localEndPoint: 127.0.0.1:49889 after 5 ms
TpTrace Verbose: 0 : 6439, 4, 2025/06/06, 08:44:52.230, 931066009666083, vstest.console.dll, MulticastDelegateUtilities.SafeInvoke: InternalTestLoggerEvents.SendTestResult: Invoking callback 1/1 for Microsoft.VisualStudio.TestPlatform.CommandLine.Internal.MSBuildLogger., took 0 ms.
TpTrace Verbose: 0 : 6439, 4, 2025/06/06, 08:44:52.230, 931066009683666, vstest.console.dll, MulticastDelegateUtilities.SafeInvoke: InternalTestLoggerEvents.SendTestResult: Invoking callback 1/1 for Microsoft.VisualStudio.TestPlatform.CommandLine.Internal.MSBuildLogger., took 0 ms.
TpTrace Verbose: 0 : 6439, 4, 2025/06/06, 08:44:52.230, 931066009695750, vstest.console.dll, MulticastDelegateUtilities.SafeInvoke: InternalTestLoggerEvents.SendTestResult: Invoking callback 1/1 for Microsoft.VisualStudio.TestPlatform.CommandLine.Internal.MSBuildLogger., took 0 ms.
TpTrace Verbose: 0 : 6439, 4, 2025/06/06, 08:44:52.231, 931066009723083, vstest.console.dll, MulticastDelegateUtilities.SafeInvoke: InternalTestLoggerEvents.SendTestResult: Invoking callback 1/1 for Microsoft.VisualStudio.TestPlatform.CommandLine.Internal.MSBuildLogger., took 0 ms.
TpTrace Verbose: 0 : 6439, 4, 2025/06/06, 08:44:52.231, 931066009732833, vstest.console.dll, MulticastDelegateUtilities.SafeInvoke: InternalTestLoggerEvents.SendTestResult: Invoking callback 1/1 for Microsoft.VisualStudio.TestPlatform.CommandLine.Internal.MSBuildLogger., took 0 ms.
TpTrace Verbose: 0 : 6439, 4, 2025/06/06, 08:44:52.231, 931066009762833, vstest.console.dll, MulticastDelegateUtilities.SafeInvoke: InternalTestLoggerEvents.SendTestResult: Invoking callback 1/1 for Microsoft.VisualStudio.TestPlatform.CommandLine.Internal.MSBuildLogger., took 0 ms.
TpTrace Verbose: 0 : 6439, 4, 2025/06/06, 08:44:52.231, 931066009771541, vstest.console.dll, MulticastDelegateUtilities.SafeInvoke: InternalTestLoggerEvents.SendTestResult: Invoking callback 1/1 for Microsoft.VisualStudio.TestPlatform.CommandLine.Internal.MSBuildLogger., took 0 ms.
TpTrace Verbose: 0 : 6439, 4, 2025/06/06, 08:44:52.231, 931066009779458, vstest.console.dll, MulticastDelegateUtilities.SafeInvoke: InternalTestLoggerEvents.SendTestResult: Invoking callback 1/1 for Microsoft.VisualStudio.TestPlatform.CommandLine.Internal.MSBuildLogger., took 0 ms.
TpTrace Verbose: 0 : 6439, 4, 2025/06/06, 08:44:52.231, 931066009786666, vstest.console.dll, MulticastDelegateUtilities.SafeInvoke: InternalTestLoggerEvents.SendTestResult: Invoking callback 1/1 for Microsoft.VisualStudio.TestPlatform.CommandLine.Internal.MSBuildLogger., took 0 ms.
TpTrace Verbose: 0 : 6439, 10, 2025/06/06, 08:44:52.242, 931066021030000, vstest.console.dll, TcpClientExtensions.MessageLoopAsync: NotifyDataAvailable remoteEndPoint: 127.0.0.1:49890 localEndPoint: 127.0.0.1:49889
TpTrace Verbose: 0 : 6439, 10, 2025/06/06, 08:44:52.242, 931066021091708, vstest.console.dll, TestRequestSender.OnExecutionMessageReceived: Received message: {"Version":7,"MessageType":"TestSession.Message","Payload":{"MessageLevel":0,"Message":"NUnit Adapter 5.0.0.0: Test execution complete"}}
TpTrace Verbose: 0 : 6439, 10, 2025/06/06, 08:44:52.242, 931066021143333, vstest.console.dll, TestRunRequest:SendTestRunMessage: Starting.
TpTrace Verbose: 0 : 6439, 10, 2025/06/06, 08:44:52.242, 931066021164166, vstest.console.dll, MulticastDelegateUtilities.SafeInvoke: TestRun.LogMessages: Invoking callback 1/1 for Microsoft.VisualStudio.TestPlatform.CommandLine.TestRunResultAggregator., took 0 ms.
TpTrace Information: 0 : 6439, 10, 2025/06/06, 08:44:52.242, 931066021170625, vstest.console.dll, TestRunRequest:SendTestRunMessage: Completed.
TpTrace Verbose: 0 : 6439, 10, 2025/06/06, 08:44:52.242, 931066021177125, vstest.console.dll, MulticastDelegateUtilities.SafeInvoke: LengthPrefixCommunicationChannel: MessageReceived: Invoking callback 1/1 for Microsoft.VisualStudio.TestPlatform.CommunicationUtilities.TestRequestSender+<>c__DisplayClass34_0., took 0 ms.
TpTrace Verbose: 0 : 6439, 10, 2025/06/06, 08:44:52.242, 931066021184833, vstest.console.dll, TcpClientExtensions.MessageLoopAsync: Polling on remoteEndPoint: 127.0.0.1:49890 localEndPoint: 127.0.0.1:49889 after 11 ms
TpTrace Verbose: 0 : 6439, 4, 2025/06/06, 08:44:52.242, 931066021203000, vstest.console.dll, MulticastDelegateUtilities.SafeInvoke: InternalTestLoggerEvents.SendTestRunMessage: Invoking callback 1/1 for Microsoft.VisualStudio.TestPlatform.CommandLine.Internal.MSBuildLogger., took 0 ms.
TpTrace Verbose: 0 : 6439, 10, 2025/06/06, 08:44:52.247, 931066025935250, vstest.console.dll, TcpClientExtensions.MessageLoopAsync: NotifyDataAvailable remoteEndPoint: 127.0.0.1:49890 localEndPoint: 127.0.0.1:49889
TpTrace Verbose: 0 : 6439, 10, 2025/06/06, 08:44:52.247, 931066026043083, vstest.console.dll, TestRequestSender.OnExecutionMessageReceived: Received message: {"Version":7,"MessageType":"TestExecution.Completed","Payload":{"TestRunCompleteArgs":{"TestRunStatistics":{"ExecutedTests":81,"Stats":{"Passed":69,"Failed":12}},"IsCanceled":false,"IsAborted":false,"Error":null,"AttachmentSets":[],"InvokedDataCollectors":[],"ElapsedTimeInRunningTests":"00:00:00.5662641","Metrics":{},"DiscoveredExtensions":{"TestDiscoverers":["NUnit.VisualStudio.TestAdapter.NUnit3TestDiscoverer, NUnit3.TestAdapter, Version=5.0.0.0, Culture=neutral, PublicKeyToken=4cb40d35494691ac"],"TestExecutors":["executor://NUnit3TestExecutor"],"TestExecutors2":[],"TestSettingsProviders":[]}},"LastRunTests":{"NewTestResults":[{"TestCase":{"Id":"17cb95ba-577d-5caa-2b32-fb345b3bd69b","FullyQualifiedName":"TBD.TestProject.UserServiceTest.GetUsersAsync_WithInvalidParameters_UsesDefaultValues(-1,10,1,50)","DisplayName":"GetUsersAsync_WithInvalidParameters_UsesDefaultValues(-1,10,1,50)","ExecutorUri":"executor://NUnit3TestExecutor","Source":"/Users/adamziv/Desktop/UnknownProject/TBD/bin/Debug/net9.0/TBD.dll","CodeFilePath":null,"LineNumber":0,"Properties":[{"Key":{"Id":"NUnit.Seed","Label":"Seed","Category":"","Description":"","Attributes":0,"ValueType":"System.String"},"Value":"506407036"}]},"Attachments":[],"Outcome":2,"ErrorMessage":"  Assert.That(result.PageSize, Is.EqualTo(expectedPageSize))\n  Expected: 50\n  But was:  10\n","ErrorStackTrace":"   at TBD.TestProject.UserServiceTest.GetUsersAsync_WithInvalidParameters_UsesDefaultValues(Int32 inputPage, Int32 inputPageSize, Int32 expectedPage, Int32 expectedPageSize) in /Users/adamziv/Desktop/UnknownProject/TBD/TestProject/UserTest.cs:line 259\n   at NUnit.Framework.Internal.TaskAwaitAdapter.GenericAdapter`1.GetResult()\n   at NUnit.Framework.Internal.AsyncToSyncAdapter.Await[TResult](TestExecutionContext context, Func`1 invoke)\n   at NUnit.Framework.Internal.AsyncToSyncAdapter.Await(TestExecutionContext context, Func`1 invoke)\n   at NUnit.Framework.Internal.Commands.TestMethodCommand.RunTestMethod(TestExecutionContext context)\n   at NUnit.Framework.Internal.Commands.TestMethodCommand.Execute(TestExecutionContext context)\n   at NUnit.Framework.Internal.Commands.BeforeAndAfterTestCommand.<>c__DisplayClass1_0.<Execute>b__0()\n   at NUnit.Framework.Internal.Commands.DelegatingTestCommand.RunTestMethodInThreadAbortSafeZone(TestExecutionContext context, Action action)\n\n1)    at TBD.TestProject.UserServiceTest.GetUsersAsync_WithInvalidParameters_UsesDefaultValues(Int32 inputPage, Int32 inputPageSize, Int32 expectedPage, Int32 expectedPageSize) in /Users/adamziv/Desktop/UnknownProject/TBD/TestProject/UserTest.cs:line 259\n   at System.Runtime.CompilerServices.AsyncMethodBuilderCore.Start[TStateMachine](TStateMachine& stateMachine)\n   at TBD.TestProject.UserServiceTest.GetUsersAsync_WithInvalidParameters_UsesDefaultValues(Int32 inputPage, Int32 inputPageSize, Int32 expectedPage, Int32 expectedPageSize)\n\n","DisplayName":"GetUsersAsync_WithInvalidParameters_UsesDefaultValues(-1,10,1,50)","Messages":[],"ComputerName":"AdamZiv-2","Duration":"00:00:00.0015880","StartTime":"2025-06-06T13:44:52.229802+00:00","EndTime":"2025-06-06T13:44:52.23139+00:00","Properties":[{"Key":{"Id":"NUnit.Seed","Label":"Seed","Category":"","Description":"","Attributes":0,"ValueType":"System.String"},"Value":"506407036"}]},{"TestCase":{"Id":"f71fddbe-213f-273c-a218-1470763d4a9e","FullyQualifiedName":"TBD.TestProject.UserServiceTest.GetUsersAsync_WithInvalidParameters_UsesDefaultValues(0,10,1,50)","DisplayName":"GetUsersAsync_WithInvalidParameters_UsesDefaultValues(0,10,1,50)","ExecutorUri":"executor://NUnit3TestExecutor","Source":"/Users/adamziv/Desktop/UnknownProject/TBD/bin/Debug/net9.0/TBD.dll","CodeFilePath":null,"LineNumber":0,"Properties":[{"Key":{"Id":"NUnit.Seed","Label":"Seed","Category":"","Description":"","Attributes":0,"ValueType":"System.String"},"Value":"462779601"}]},"Attachments":[],"Outcome":2,"ErrorMessage":"  Assert.That(result.PageSize, Is.EqualTo(expectedPageSize))\n  Expected: 50\n  But was:  10\n","ErrorStackTrace":"   at TBD.TestProject.UserServiceTest.GetUsersAsync_WithInvalidParameters_UsesDefaultValues(Int32 inputPage, Int32 inputPageSize, Int32 expectedPage, Int32 expectedPageSize) in /Users/adamziv/Desktop/UnknownProject/TBD/TestProject/UserTest.cs:line 259\n   at NUnit.Framework.Internal.TaskAwaitAdapter.GenericAdapter`1.GetResult()\n   at NUnit.Framework.Internal.AsyncToSyncAdapter.Await[TResult](TestExecutionContext context, Func`1 invoke)\n   at NUnit.Framework.Internal.AsyncToSyncAdapter.Await(TestExecutionContext context, Func`1 invoke)\n   at NUnit.Framework.Internal.Commands.TestMethodCommand.RunTestMethod(TestExecutionContext context)\n   at NUnit.Framework.Internal.Commands.TestMethodCommand.Execute(TestExecutionContext context)\n   at NUnit.Framework.Internal.Commands.BeforeAndAfterTestCommand.<>c__DisplayClass1_0.<Execute>b__0()\n   at NUnit.Framework.Internal.Commands.DelegatingTestCommand.RunTestMethodInThreadAbortSafeZone(TestExecutionContext context, Action action)\n\n1)    at TBD.TestProject.UserServiceTest.GetUsersAsync_WithInvalidParameters_UsesDefaultValues(Int32 inputPage, Int32 inputPageSize, Int32 expectedPage, Int32 expectedPageSize) in /Users/adamziv/Desktop/UnknownProject/TBD/TestProject/UserTest.cs:line 259\n   at System.Runtime.CompilerServices.AsyncMethodBuilderCore.Start[TStateMachine](TStateMachine& stateMachine)\n   at TBD.TestProject.UserServiceTest.GetUsersAsync_WithInvalidParameters_UsesDefaultValues(Int32 inputPage, Int32 inputPageSize, Int32 expectedPage, Int32 expectedPageSize)\n   at InvokeStub_UserServiceTest.GetUsersAsync_WithInvalidParameters_UsesDefaultValues(Object, Span`1)\n\n","DisplayName":"GetUsersAsync_WithInvalidParameters_UsesDefaultValues(0,10,1,50)","Messages":[],"ComputerName":"AdamZiv-2","Duration":"00:00:00.0005760","StartTime":"2025-06-06T13:44:52.231408+00:00","EndTime":"2025-06-06T13:44:52.231984+00:00","Properties":[{"Key":{"Id":"NUnit.Seed","Label":"Seed","Category":"","Description":"","Attributes":0,"ValueType":"System.String"},"Value":"462779601"}]},{"TestCase":{"Id":"66a287bc-61bf-0b79-7453-f57dece701b3","FullyQualifiedName":"TBD.TestProject.UserServiceTest.GetUsersAsync_WithInvalidParameters_UsesDefaultValues(1,-1,1,50)","DisplayName":"GetUsersAsync_WithInvalidParameters_UsesDefaultValues(1,-1,1,50)","ExecutorUri":"executor://NUnit3TestExecutor","Source":"/Users/adamziv/Desktop/UnknownProject/TBD/bin/Debug/net9.0/TBD.dll","CodeFilePath":null,"LineNumber":0,"Properties":[{"Key":{"Id":"NUnit.Seed","Label":"Seed","Category":"","Description":"","Attributes":0,"ValueType":"System.String"},"Value":"410851691"}]},"Attachments":[],"Outcome":1,"ErrorMessage":null,"ErrorStackTrace":null,"DisplayName":"GetUsersAsync_WithInvalidParameters_UsesDefaultValues(1,-1,1,50)","Messages":[],"ComputerName":"AdamZiv-2","Duration":"00:00:00.0004780","StartTime":"2025-06-06T13:44:52.231998+00:00","EndTime":"2025-06-06T13:44:52.232475+00:00","Properties":[{"Key":{"Id":"NUnit.Seed","Label":"Seed","Category":"","Description":"","Attributes":0,"ValueType":"System.String"},"Value":"410851691"}]},{"TestCase":{"Id":"040cb121-b488-155e-bcc8-4da8dd90be7b","FullyQualifiedName":"TBD.TestProject.UserServiceTest.GetUsersAsync_WithInvalidParameters_UsesDefaultValues(1,0,1,50)","DisplayName":"GetUsersAsync_WithInvalidParameters_UsesDefaultValues(1,0,1,50)","ExecutorUri":"executor://NUnit3TestExecutor","Source":"/Users/adamziv/Desktop/UnknownProject/TBD/bin/Debug/net9.0/TBD.dll","CodeFilePath":null,"LineNumber":0,"Properties":[{"Key":{"Id":"NUnit.Seed","Label":"Seed","Category":"","Description":"","Attributes":0,"ValueType":"System.String"},"Value":"965801406"}]},"Attachments":[],"Outcome":1,"ErrorMessage":null,"ErrorStackTrace":null,"DisplayName":"GetUsersAsync_WithInvalidParameters_UsesDefaultValues(1,0,1,50)","Messages":[],"ComputerName":"AdamZiv-2","Duration":"00:00:00.0003910","StartTime":"2025-06-06T13:44:52.232488+00:00","EndTime":"2025-06-06T13:44:52.232879+00:00","Properties":[{"Key":{"Id":"NUnit.Seed","Label":"Seed","Category":"","Description":"","Attributes":0,"ValueType":"System.String"},"Value":"965801406"}]},{"TestCase":{"Id":"6933ae3f-8307-14bd-304a-4f20e42d91fa","FullyQualifiedName":"TBD.TestProject.UserServiceTest.GetUsersAsync_WithInvalidParameters_UsesDefaultValues(1,1000,1,50)","DisplayName":"GetUsersAsync_WithInvalidParameters_UsesDefaultValues(1,1000,1,50)","ExecutorUri":"executor://NUnit3TestExecutor","Source":"/Users/adamziv/Desktop/UnknownProject/TBD/bin/Debug/net9.0/TBD.dll","CodeFilePath":null,"LineNumber":0,"Properties":[{"Key":{"Id":"NUnit.Seed","Label":"Seed","Category":"","Description":"","Attributes":0,"ValueType":"System.String"},"Value":"845446894"}]},"Attachments":[],"Outcome":1,"ErrorMessage":null,"ErrorStackTrace":null,"DisplayName":"GetUsersAsync_WithInvalidParameters_UsesDefaultValues(1,1000,1,50)","Messages":[],"ComputerName":"AdamZiv-2","Duration":"00:00:00.0003760","StartTime":"2025-06-06T13:44:52.232893+00:00","EndTime":"2025-06-06T13:44:52.233268+00:00","Properties":[{"Key":{"Id":"NUnit.Seed","Label":"Seed","Category":"","Description":"","Attributes":0,"ValueType":"System.String"},"Value":"845446894"}]},{"TestCase":{"Id":"a20accbd-3767-b545-8db7-453f2084bc9d","FullyQualifiedName":"TBD.TestProject.UserServiceTest.GetUsersAsync_WithValidParameters_ReturnsPagedResult","DisplayName":"GetUsersAsync_WithValidParameters_ReturnsPagedResult","ExecutorUri":"executor://NUnit3TestExecutor","Source":"/Users/adamziv/Desktop/UnknownProject/TBD/bin/Debug/net9.0/TBD.dll","CodeFilePath":null,"LineNumber":0,"Properties":[{"Key":{"Id":"NUnit.Seed","Label":"Seed","Category":"","Description":"","Attributes":0,"ValueType":"System.String"},"Value":"1660129641"}]},"Attachments":[],"Outcome":1,"ErrorMessage":null,"ErrorStackTrace":null,"DisplayName":"GetUsersAsync_WithValidParameters_ReturnsPagedResult","Messages":[],"ComputerName":"AdamZiv-2","Duration":"00:00:00.0006970","StartTime":"2025-06-06T13:44:52.23329+00:00","EndTime":"2025-06-06T13:44:52.233987+00:00","Properties":[{"Key":{"Id":"NUnit.Seed","Label":"Seed","Category":"","Description":"","Attributes":0,"ValueType":"System.String"},"Value":"1660129641"}]},{"TestCase":{"Id":"cb183382-59aa-16aa-6f0e-64fd63ae5b92","FullyQualifiedName":"TBD.TestProject.UserServiceTest.UpdateUserAsync_WhenUserDtoIsNull_ThrowsArgumentNullException","DisplayName":"UpdateUserAsync_WhenUserDtoIsNull_ThrowsArgumentNullException","ExecutorUri":"executor://NUnit3TestExecutor","Source":"/Users/adamziv/Desktop/UnknownProject/TBD/bin/Debug/net9.0/TBD.dll","CodeFilePath":null,"LineNumber":0,"Properties":[{"Key":{"Id":"NUnit.Seed","Label":"Seed","Category":"","Description":"","Attributes":0,"ValueType":"System.String"},"Value":"353872420"}]},"Attachments":[],"Outcome":2,"ErrorMessage":"  Assert.That(caughtException, expression)\n  Expected: <System.ArgumentNullException>\n  But was:  null\n","ErrorStackTrace":"   at TBD.TestProject.UserServiceTest.UpdateUserAsync_WhenUserDtoIsNull_ThrowsArgumentNullException() in /Users/adamziv/Desktop/UnknownProject/TBD/TestProject/UserTest.cs:line 428\n\n1)    at TBD.TestProject.UserServiceTest.UpdateUserAsync_WhenUserDtoIsNull_ThrowsArgumentNullException() in /Users/adamziv/Desktop/UnknownProject/TBD/TestProject/UserTest.cs:line 428\n\n","DisplayName":"UpdateUserAsync_WhenUserDtoIsNull_ThrowsArgumentNullException","Messages":[],"ComputerName":"AdamZiv-2","Duration":"00:00:00.0005060","StartTime":"2025-06-06T13:44:52.234008+00:00","EndTime":"2025-06-06T13:44:52.234514+00:00","Properties":[{"Key":{"Id":"NUnit.Seed","Label":"Seed","Category":"","Description":"","Attributes":0,"ValueType":"System.String"},"Value":"353872420"}]},{"TestCase":{"Id":"dd9be6c5-5904-ad99-528c-42ebbcb4d7f7","FullyQualifiedName":"TBD.TestProject.UserServiceTest.UpdateUserAsync_WithValidUserDto_MapsAndUpdatesUser","DisplayName":"UpdateUserAsync_WithValidUserDto_MapsAndUpdatesUser","ExecutorUri":"executor://NUnit3TestExecutor","Source":"/Users/adamziv/Desktop/UnknownProject/TBD/bin/Debug/net9.0/TBD.dll","CodeFilePath":null,"LineNumber":0,"Properties":[{"Key":{"Id":"NUnit.Seed","Label":"Seed","Category":"","Description":"","Attributes":0,"ValueType":"System.String"},"Value":"1314270691"}]},"Attachments":[],"Outcome":1,"ErrorMessage":null,"ErrorStackTrace":null,"DisplayName":"UpdateUserAsync_WithValidUserDto_MapsAndUpdatesUser","Messages":[],"ComputerName":"AdamZiv-2","Duration":"00:00:00.0006579","StartTime":"2025-06-06T13:44:52.234527+00:00","EndTime":"2025-06-06T13:44:52.235185+00:00","Properties":[{"Key":{"Id":"NUnit.Seed","Label":"Seed","Category":"","Description":"","Attributes":0,"ValueType":"System.String"},"Value":"1314270691"}]},{"TestCase":{"Id":"bd5c094e-67a6-335e-26f3-8d8632ef38f8","FullyQualifiedName":"TBD.TestProject.UserServiceTest.UserWorkflow_CreateUpdateDelete_WorksCorrectly","DisplayName":"UserWorkflow_CreateUpdateDelete_WorksCorrectly","ExecutorUri":"executor://NUnit3TestExecutor","Source":"/Users/adamziv/Desktop/UnknownProject/TBD/bin/Debug/net9.0/TBD.dll","CodeFilePath":null,"LineNumber":0,"Properties":[{"Key":{"Id":"NUnit.Seed","Label":"Seed","Category":"","Description":"","Attributes":0,"ValueType":"System.String"},"Value":"874810445"}]},"Attachments":[],"Outcome":1,"ErrorMessage":null,"ErrorStackTrace":null,"DisplayName":"UserWorkflow_CreateUpdateDelete_WorksCorrectly","Messages":[],"ComputerName":"AdamZiv-2","Duration":"00:00:00.0035220","StartTime":"2025-06-06T13:44:52.235198+00:00","EndTime":"2025-06-06T13:44:52.238721+00:00","Properties":[{"Key":{"Id":"NUnit.Seed","Label":"Seed","Category":"","Description":"","Attributes":0,"ValueType":"System.String"},"Value":"874810445"}]}],"TestRunStatistics":{"ExecutedTests":81,"Stats":{"Passed":69,"Failed":12}},"ActiveTests":[]},"RunAttachments":[],"ExecutorUris":["executor://nunit3testexecutor/"]}}
TpTrace Verbose: 0 : 6439, 10, 2025/06/06, 08:44:52.247, 931066026108583, vstest.console.dll, TestRequestSender.EndSession: Sending end session.
TpTrace Verbose: 0 : 6439, 10, 2025/06/06, 08:44:52.247, 931066026166333, vstest.console.dll, ProxyOperationManager.Close: waiting for test host to exit for 100 ms
TpTrace Warning: 0 : 6439, 11, 2025/06/06, 08:44:52.252, 931066031315583, vstest.console.dll, TestHostManagerCallbacks.ErrorReceivedCallback Test host standard error line: 
TpTrace Verbose: 0 : 6439, 5, 2025/06/06, 08:44:52.252, 931066031315208, vstest.console.dll, TestHostManagerCallbacks.StandardOutputReceivedCallback Test host standard output line: 
TpTrace Verbose: 0 : 6439, 12, 2025/06/06, 08:44:52.253, 931066031924083, vstest.console.dll, TestHostProvider.ExitCallBack: Host exited starting callback.
TpTrace Information: 0 : 6439, 12, 2025/06/06, 08:44:52.253, 931066031953125, vstest.console.dll, TestHostManagerCallbacks.ExitCallBack: Testhost processId: 6440 exited with exitcode: 0 error: ''
TpTrace Verbose: 0 : 6439, 12, 2025/06/06, 08:44:52.253, 931066031963583, vstest.console.dll, DotnetTestHostManager.OnHostExited: invoking OnHostExited callback
TpTrace Verbose: 0 : 6439, 12, 2025/06/06, 08:44:52.253, 931066032049791, vstest.console.dll, CrossPlatEngine.TestHostManagerHostExited: calling on client process exit callback.
TpTrace Information: 0 : 6439, 12, 2025/06/06, 08:44:52.253, 931066032071458, vstest.console.dll, TestRequestSender.OnClientProcessExit: Test host process exited. Standard error: 
TpTrace Information: 0 : 6439, 12, 2025/06/06, 08:44:52.253, 931066032084583, vstest.console.dll, SocketServer.Stop: Stop server endPoint: 127.0.0.1:49889
TpTrace Information: 0 : 6439, 12, 2025/06/06, 08:44:52.253, 931066032091541, vstest.console.dll, SocketServer.Stop: Cancellation requested. Stopping message loop.
TpTrace Information: 0 : 6439, 10, 2025/06/06, 08:44:52.253, 931066032096333, vstest.console.dll, SocketServer.Stop: Stop server endPoint: 127.0.0.1:49889
TpTrace Information: 0 : 6439, 10, 2025/06/06, 08:44:52.253, 931066032114166, vstest.console.dll, SocketServer.Stop: Cancellation requested. Stopping message loop.
TpTrace Verbose: 0 : 6439, 12, 2025/06/06, 08:44:52.253, 931066032117333, vstest.console.dll, MulticastDelegateUtilities.SafeInvoke: HostProviderEvents.OnHostExited: Invoking callback 1/1 for Microsoft.VisualStudio.TestPlatform.CrossPlatEngine.Client.ProxyOperationManager., took 0 ms.
TpTrace Information: 0 : 6439, 10, 2025/06/06, 08:44:52.253, 931066032127416, vstest.console.dll, Closing the connection
TpTrace Verbose: 0 : 6439, 10, 2025/06/06, 08:44:52.258, 931066037314666, vstest.console.dll, ParallelRunEventsHandler.HandleTestRunComplete: Handling a run completion, this can be either one part of parallel run completing, or the whole parallel run completing.
TpTrace Verbose: 0 : 6439, 10, 2025/06/06, 08:44:52.265, 931066044354291, vstest.console.dll, TestRunRequest:SendTestRunStatsChange: Starting.
TpTrace Verbose: 0 : 6439, 10, 2025/06/06, 08:44:52.265, 931066044437375, vstest.console.dll, MulticastDelegateUtilities.SafeInvoke: TestRun.RunStatsChanged: Invoking callbacks was skipped because there are no subscribers.
TpTrace Information: 0 : 6439, 10, 2025/06/06, 08:44:52.265, 931066044451750, vstest.console.dll, TestRunRequest:SendTestRunStatsChange: Completed.
TpTrace Verbose: 0 : 6439, 4, 2025/06/06, 08:44:52.265, 931066044557791, vstest.console.dll, MulticastDelegateUtilities.SafeInvoke: InternalTestLoggerEvents.SendTestResult: Invoking callback 1/1 for Microsoft.VisualStudio.TestPlatform.CommandLine.Internal.MSBuildLogger., took 0 ms.
TpTrace Verbose: 0 : 6439, 10, 2025/06/06, 08:44:52.265, 931066044595083, vstest.console.dll, ParallelProxyExecutionManager: HandlePartialRunComplete: Total workloads = 1, Total started clients = 1 Total completed clients = 1, Run complete = True, Run canceled: False.
TpTrace Verbose: 0 : 6439, 10, 2025/06/06, 08:44:52.265, 931066044615375, vstest.console.dll, ParallelProxyExecutionManager: HandlePartialRunComplete: All runs completed stopping all managers.
TpTrace Verbose: 0 : 6439, 10, 2025/06/06, 08:44:52.265, 931066044630291, vstest.console.dll, ParallelOperationManager.StopAllManagers: Stopping all managers.
TpTrace Verbose: 0 : 6439, 10, 2025/06/06, 08:44:52.265, 931066044641250, vstest.console.dll, ParallelOperationManager.ClearSlots: Clearing all slots. Slots should accept more work: False
TpTrace Verbose: 0 : 6439, 4, 2025/06/06, 08:44:52.265, 931066044650625, vstest.console.dll, MulticastDelegateUtilities.SafeInvoke: InternalTestLoggerEvents.SendTestResult: Invoking callback 1/1 for Microsoft.VisualStudio.TestPlatform.CommandLine.Internal.MSBuildLogger., took 0 ms.
TpTrace Verbose: 0 : 6439, 10, 2025/06/06, 08:44:52.265, 931066044687750, vstest.console.dll, ParallelOperationManager.SetOccupiedSlotCount: Setting slot counts AvailableSlotCount = 1, OccupiedSlotCount = 0.
TpTrace Verbose: 0 : 6439, 10, 2025/06/06, 08:44:52.266, 931066044708625, vstest.console.dll, Occupied slots:

TpTrace Verbose: 0 : 6439, 10, 2025/06/06, 08:44:52.266, 931066044715375, vstest.console.dll, ParallelRunEventsHandler.HandleTestRunComplete: Whole parallel run completed.
TpTrace Verbose: 0 : 6439, 4, 2025/06/06, 08:44:52.266, 931066044716666, vstest.console.dll, MulticastDelegateUtilities.SafeInvoke: InternalTestLoggerEvents.SendTestResult: Invoking callback 1/1 for Microsoft.VisualStudio.TestPlatform.CommandLine.Internal.MSBuildLogger., took 0 ms.
TpTrace Verbose: 0 : 6439, 4, 2025/06/06, 08:44:52.266, 931066044741250, vstest.console.dll, MulticastDelegateUtilities.SafeInvoke: InternalTestLoggerEvents.SendTestResult: Invoking callback 1/1 for Microsoft.VisualStudio.TestPlatform.CommandLine.Internal.MSBuildLogger., took 0 ms.
TpTrace Verbose: 0 : 6439, 4, 2025/06/06, 08:44:52.266, 931066044752708, vstest.console.dll, MulticastDelegateUtilities.SafeInvoke: InternalTestLoggerEvents.SendTestResult: Invoking callback 1/1 for Microsoft.VisualStudio.TestPlatform.CommandLine.Internal.MSBuildLogger., took 0 ms.
TpTrace Verbose: 0 : 6439, 4, 2025/06/06, 08:44:52.266, 931066044761500, vstest.console.dll, MulticastDelegateUtilities.SafeInvoke: InternalTestLoggerEvents.SendTestResult: Invoking callback 1/1 for Microsoft.VisualStudio.TestPlatform.CommandLine.Internal.MSBuildLogger., took 0 ms.
TpTrace Verbose: 0 : 6439, 4, 2025/06/06, 08:44:52.266, 931066044802416, vstest.console.dll, MulticastDelegateUtilities.SafeInvoke: InternalTestLoggerEvents.SendTestResult: Invoking callback 1/1 for Microsoft.VisualStudio.TestPlatform.CommandLine.Internal.MSBuildLogger., took 0 ms.
TpTrace Verbose: 0 : 6439, 4, 2025/06/06, 08:44:52.266, 931066044814458, vstest.console.dll, MulticastDelegateUtilities.SafeInvoke: InternalTestLoggerEvents.SendTestResult: Invoking callback 1/1 for Microsoft.VisualStudio.TestPlatform.CommandLine.Internal.MSBuildLogger., took 0 ms.
TpTrace Verbose: 0 : 6439, 4, 2025/06/06, 08:44:52.266, 931066044823125, vstest.console.dll, MulticastDelegateUtilities.SafeInvoke: InternalTestLoggerEvents.SendTestResult: Invoking callback 1/1 for Microsoft.VisualStudio.TestPlatform.CommandLine.Internal.MSBuildLogger., took 0 ms.
TpTrace Verbose: 0 : 6439, 4, 2025/06/06, 08:44:52.271, 931066049978750, vstest.console.dll, MulticastDelegateUtilities.SafeInvoke: InternalTestLoggerEvents.SendTestRunComplete: Invoking callback 1/1 for Microsoft.VisualStudio.TestPlatform.CommandLine.Internal.MSBuildLogger., took 3 ms.
TpTrace Verbose: 0 : 6439, 10, 2025/06/06, 08:44:52.271, 931066050142041, vstest.console.dll, TestRunRequest:TestRunComplete: Starting. IsAborted:False IsCanceled:False.
TpTrace Verbose: 0 : 6439, 10, 2025/06/06, 08:44:52.271, 931066050189500, vstest.console.dll, ParallelOperationManager.DoActionOnAllManagers: Calling an action on all managers.
TpTrace Verbose: 0 : 6439, 10, 2025/06/06, 08:44:52.272, 931066050772333, vstest.console.dll, TestLoggerManager.HandleTestRunComplete: Ignoring as the object is disposed.
TpTrace Verbose: 0 : 6439, 10, 2025/06/06, 08:44:52.272, 931066050883458, vstest.console.dll, MulticastDelegateUtilities.SafeInvoke: TestRun.TestRunComplete: Invoking callback 1/2 for Microsoft.VisualStudio.TestPlatform.CommandLine.TestRunResultAggregator., took 0 ms.
TpTrace Verbose: 0 : 6439, 10, 2025/06/06, 08:44:52.272, 931066050920291, vstest.console.dll, MulticastDelegateUtilities.SafeInvoke: TestRun.TestRunComplete: Invoking callback 2/2 for Microsoft.VisualStudio.TestPlatform.CommandLine.Processors.RunTestsArgumentExecutor+TestRunRequestEventsRegistrar., took 0 ms.
TpTrace Information: 0 : 6439, 10, 2025/06/06, 08:44:52.272, 931066050959500, vstest.console.dll, TestRunRequest:TestRunComplete: Completed.
TpTrace Verbose: 0 : 6439, 10, 2025/06/06, 08:44:52.272, 931066050973000, vstest.console.dll, TestRequestSender.SetOperationComplete: Setting operation complete.
TpTrace Information: 0 : 6439, 10, 2025/06/06, 08:44:52.272, 931066050981958, vstest.console.dll, SocketServer.Stop: Stop server endPoint: 127.0.0.1:49889
TpTrace Verbose: 0 : 6439, 1, 2025/06/06, 08:44:52.272, 931066050982916, vstest.console.dll, TestRunRequest.Dispose: Starting.
TpTrace Information: 0 : 6439, 1, 2025/06/06, 08:44:52.272, 931066051008875, vstest.console.dll, TestRunRequest.Dispose: Completed.
TpTrace Information: 0 : 6439, 10, 2025/06/06, 08:44:52.272, 931066050988916, vstest.console.dll, SocketServer.Stop: Cancellation requested. Stopping message loop.
TpTrace Information: 0 : 6439, 1, 2025/06/06, 08:44:52.272, 931066051024000, vstest.console.dll, TestRequestManager.RunTests: run tests completed.
TpTrace Verbose: 0 : 6439, 10, 2025/06/06, 08:44:52.272, 931066051032250, vstest.console.dll, MulticastDelegateUtilities.SafeInvoke: LengthPrefixCommunicationChannel: MessageReceived: Invoking callback 1/1 for Microsoft.VisualStudio.TestPlatform.CommunicationUtilities.TestRequestSender+<>c__DisplayClass34_0., took 25 ms.
TpTrace Information: 0 : 6439, 10, 2025/06/06, 08:44:52.272, 931066051048416, vstest.console.dll, SocketServer.PrivateStop: Stopping server endPoint: 127.0.0.1:49889 error: 
TpTrace Information: 0 : 6439, 1, 2025/06/06, 08:44:52.272, 931066051054541, vstest.console.dll, RunTestsArgumentProcessor:Execute: Test run is completed.
TpTrace Verbose: 0 : 6439, 10, 2025/06/06, 08:44:52.272, 931066051151541, vstest.console.dll, LengthPrefixCommunicationChannel.Dispose: Dispose reader and writer.
TpTrace Verbose: 0 : 6439, 1, 2025/06/06, 08:44:52.272, 931066051164375, vstest.console.dll, Executor.Execute: Exiting with exit code of 1
TpTrace Information: 0 : 6439, 10, 2025/06/06, 08:44:52.272, 931066051174958, vstest.console.dll, SocketServer.Stop: Raise disconnected event endPoint: 127.0.0.1:49889 error: 
TpTrace Verbose: 0 : 6439, 10, 2025/06/06, 08:44:52.272, 931066051193791, vstest.console.dll, TestRequestSender: OnTestRunAbort: Operation is already complete. Skip error message.
TpTrace Verbose: 0 : 6439, 10, 2025/06/06, 08:44:52.272, 931066051200791, vstest.console.dll, MulticastDelegateUtilities.SafeInvoke: SocketServer: ClientDisconnected: Invoking callback 1/1 for Microsoft.VisualStudio.TestPlatform.CommunicationUtilities.TestRequestSender., took 0 ms.
TpTrace Verbose: 0 : 6439, 10, 2025/06/06, 08:44:52.272, 931066051206416, vstest.console.dll, TcpClientExtensions.MessageLoopAsync: exiting MessageLoopAsync remoteEndPoint: 127.0.0.1:49890 localEndPoint: 127.0.0.1:49889
