<?xml version="1.0" encoding="utf-8"?>
<coverage line-rate="0.0406" branch-rate="0.1472" version="1.9" timestamp="1749161185" lines-covered="219" lines-valid="5386" branches-covered="48" branches-valid="326">
  <sources>
    <source>/Users/adamziv/</source>
  </sources>
  <packages>
    <package name="TBD" line-rate="0.0406" branch-rate="0.1472" complexity="680">
      <classes>
        <class name="Program/&lt;&lt;Main&gt;$&gt;d__0" filename="Desktop/UnknownProject/TBD/Program.cs" line-rate="0" branch-rate="0" complexity="2">
          <methods>
            <method name="MoveNext" signature="()" line-rate="0" branch-rate="0" complexity="2">
              <lines>
                <line number="9" hits="0" branch="False" />
                <line number="11" hits="0" branch="False" />
                <line number="12" hits="0" branch="False" />
                <line number="14" hits="0" branch="False" />
                <line number="15" hits="0" branch="False" />
                <line number="16" hits="0" branch="False" />
                <line number="17" hits="0" branch="False" />
                <line number="18" hits="0" branch="False" />
                <line number="19" hits="0" branch="False" />
                <line number="20" hits="0" branch="False" />
                <line number="21" hits="0" branch="False" />
                <line number="22" hits="0" branch="False" />
                <line number="23" hits="0" branch="False" />
                <line number="24" hits="0" branch="False" />
                <line number="25" hits="0" branch="False" />
                <line number="26" hits="0" branch="False" />
                <line number="27" hits="0" branch="False" />
                <line number="28" hits="0" branch="False" />
                <line number="30" hits="0" branch="True" condition-coverage="0% (0/2)">
                  <conditions>
                    <condition number="503" type="jump" coverage="0%" />
                  </conditions>
                </line>
                <line number="31" hits="0" branch="False" />
                <line number="33" hits="0" branch="False" />
                <line number="34" hits="0" branch="False" />
                <line number="37" hits="0" branch="False" />
                <line number="38" hits="0" branch="False" />
                <line number="40" hits="0" branch="False" />
                <line number="41" hits="0" branch="False" />
                <line number="43" hits="0" branch="False" />
                <line number="44" hits="0" branch="False" />
                <line number="45" hits="0" branch="False" />
                <line number="47" hits="0" branch="False" />
                <line number="48" hits="0" branch="False" />
                <line number="49" hits="0" branch="False" />
                <line number="50" hits="0" branch="False" />
                <line number="51" hits="0" branch="False" />
                <line number="52" hits="0" branch="False" />
                <line number="55" hits="0" branch="False" />
                <line number="56" hits="0" branch="False" />
                <line number="58" hits="0" branch="False" />
                <line number="59" hits="0" branch="False" />
                <line number="61" hits="0" branch="False" />
                <line number="62" hits="0" branch="False" />
              </lines>
            </method>
          </methods>
          <lines>
            <line number="9" hits="0" branch="False" />
            <line number="11" hits="0" branch="False" />
            <line number="12" hits="0" branch="False" />
            <line number="14" hits="0" branch="False" />
            <line number="15" hits="0" branch="False" />
            <line number="16" hits="0" branch="False" />
            <line number="17" hits="0" branch="False" />
            <line number="18" hits="0" branch="False" />
            <line number="19" hits="0" branch="False" />
            <line number="20" hits="0" branch="False" />
            <line number="21" hits="0" branch="False" />
            <line number="22" hits="0" branch="False" />
            <line number="23" hits="0" branch="False" />
            <line number="24" hits="0" branch="False" />
            <line number="25" hits="0" branch="False" />
            <line number="26" hits="0" branch="False" />
            <line number="27" hits="0" branch="False" />
            <line number="28" hits="0" branch="False" />
            <line number="30" hits="0" branch="True" condition-coverage="0% (0/2)">
              <conditions>
                <condition number="503" type="jump" coverage="0%" />
              </conditions>
            </line>
            <line number="31" hits="0" branch="False" />
            <line number="33" hits="0" branch="False" />
            <line number="34" hits="0" branch="False" />
            <line number="37" hits="0" branch="False" />
            <line number="38" hits="0" branch="False" />
            <line number="40" hits="0" branch="False" />
            <line number="41" hits="0" branch="False" />
            <line number="43" hits="0" branch="False" />
            <line number="44" hits="0" branch="False" />
            <line number="45" hits="0" branch="False" />
            <line number="47" hits="0" branch="False" />
            <line number="48" hits="0" branch="False" />
            <line number="49" hits="0" branch="False" />
            <line number="50" hits="0" branch="False" />
            <line number="51" hits="0" branch="False" />
            <line number="52" hits="0" branch="False" />
            <line number="55" hits="0" branch="False" />
            <line number="56" hits="0" branch="False" />
            <line number="58" hits="0" branch="False" />
            <line number="59" hits="0" branch="False" />
            <line number="61" hits="0" branch="False" />
            <line number="62" hits="0" branch="False" />
          </lines>
        </class>
        <class name="AutoGeneratedProgram" filename=".nuget/packages/microsoft.net.test.sdk/17.14.1/build/net8.0/Microsoft.NET.Test.Sdk.Program.cs" line-rate="0" branch-rate="1" complexity="1">
          <methods>
            <method name="Main" signature="(System.String[])" line-rate="0" branch-rate="1" complexity="1">
              <lines>
                <line number="4" hits="0" branch="False" />
              </lines>
            </method>
          </methods>
          <lines>
            <line number="4" hits="0" branch="False" />
          </lines>
        </class>
        <class name="TBD.UserModule.UserModule" filename="Desktop/UnknownProject/TBD/UserModule/UserModule.cs" line-rate="0" branch-rate="1" complexity="1">
          <methods>
            <method name="AddUserService" signature="(Microsoft.Extensions.DependencyInjection.IServiceCollection,Microsoft.Extensions.Configuration.IConfiguration)" line-rate="0" branch-rate="1" complexity="1">
              <lines>
                <line number="15" hits="0" branch="False" />
                <line number="16" hits="0" branch="False" />
                <line number="17" hits="0" branch="False" />
                <line number="18" hits="0" branch="False" />
                <line number="19" hits="0" branch="False" />
                <line number="20" hits="0" branch="False" />
                <line number="21" hits="0" branch="False" />
                <line number="22" hits="0" branch="False" />
              </lines>
            </method>
          </methods>
          <lines>
            <line number="15" hits="0" branch="False" />
            <line number="16" hits="0" branch="False" />
            <line number="17" hits="0" branch="False" />
            <line number="18" hits="0" branch="False" />
            <line number="19" hits="0" branch="False" />
            <line number="20" hits="0" branch="False" />
            <line number="21" hits="0" branch="False" />
            <line number="22" hits="0" branch="False" />
          </lines>
        </class>
        <class name="TBD.UserModule.Services.UserService" filename="Desktop/UnknownProject/TBD/UserModule/Services/UserService.cs" line-rate="0" branch-rate="1" complexity="1">
          <methods>
            <method name=".ctor" signature="(TBD.UserModule.Repositories.IUserRepository,AutoMapper.IMapper)" line-rate="0" branch-rate="1" complexity="1">
              <lines>
                <line number="10" hits="0" branch="False" />
              </lines>
            </method>
          </methods>
          <lines>
            <line number="10" hits="0" branch="False" />
          </lines>
        </class>
        <class name="TBD.UserModule.Services.UserService/&lt;CreateUserAsync&gt;d__8" filename="Desktop/UnknownProject/TBD/UserModule/Services/UserService.cs" line-rate="0" branch-rate="0" complexity="6">
          <methods>
            <method name="MoveNext" signature="()" line-rate="0" branch-rate="0" complexity="6">
              <lines>
                <line number="56" hits="0" branch="False" />
                <line number="57" hits="0" branch="False" />
                <line number="58" hits="0" branch="True" condition-coverage="0% (0/4)">
                  <conditions>
                    <condition number="62" type="jump" coverage="0%" />
                    <condition number="85" type="jump" coverage="0%" />
                  </conditions>
                </line>
                <line number="59" hits="0" branch="False" />
                <line number="60" hits="0" branch="False" />
                <line number="63" hits="0" branch="True" condition-coverage="0% (0/2)">
                  <conditions>
                    <condition number="128" type="jump" coverage="0%" />
                  </conditions>
                </line>
                <line number="64" hits="0" branch="False" />
                <line number="65" hits="0" branch="False" />
                <line number="69" hits="0" branch="False" />
                <line number="70" hits="0" branch="False" />
                <line number="71" hits="0" branch="False" />
              </lines>
            </method>
          </methods>
          <lines>
            <line number="56" hits="0" branch="False" />
            <line number="57" hits="0" branch="False" />
            <line number="58" hits="0" branch="True" condition-coverage="0% (0/4)">
              <conditions>
                <condition number="62" type="jump" coverage="0%" />
                <condition number="85" type="jump" coverage="0%" />
              </conditions>
            </line>
            <line number="59" hits="0" branch="False" />
            <line number="60" hits="0" branch="False" />
            <line number="63" hits="0" branch="True" condition-coverage="0% (0/2)">
              <conditions>
                <condition number="128" type="jump" coverage="0%" />
              </conditions>
            </line>
            <line number="64" hits="0" branch="False" />
            <line number="65" hits="0" branch="False" />
            <line number="69" hits="0" branch="False" />
            <line number="70" hits="0" branch="False" />
            <line number="71" hits="0" branch="False" />
          </lines>
        </class>
        <class name="TBD.UserModule.Services.UserService/&lt;DeleteUserAsync&gt;d__10" filename="Desktop/UnknownProject/TBD/UserModule/Services/UserService.cs" line-rate="0" branch-rate="1" complexity="1">
          <methods>
            <method name="MoveNext" signature="()" line-rate="0" branch-rate="1" complexity="1">
              <lines>
                <line number="80" hits="0" branch="False" />
                <line number="81" hits="0" branch="False" />
                <line number="82" hits="0" branch="False" />
                <line number="83" hits="0" branch="False" />
              </lines>
            </method>
          </methods>
          <lines>
            <line number="80" hits="0" branch="False" />
            <line number="81" hits="0" branch="False" />
            <line number="82" hits="0" branch="False" />
            <line number="83" hits="0" branch="False" />
          </lines>
        </class>
        <class name="TBD.UserModule.Services.UserService/&lt;GetAllUsersAsync&gt;d__7" filename="Desktop/UnknownProject/TBD/UserModule/Services/UserService.cs" line-rate="0" branch-rate="1" complexity="1">
          <methods>
            <method name="MoveNext" signature="()" line-rate="0" branch-rate="1" complexity="1">
              <lines>
                <line number="50" hits="0" branch="False" />
                <line number="51" hits="0" branch="False" />
                <line number="52" hits="0" branch="False" />
                <line number="53" hits="0" branch="False" />
              </lines>
            </method>
          </methods>
          <lines>
            <line number="50" hits="0" branch="False" />
            <line number="51" hits="0" branch="False" />
            <line number="52" hits="0" branch="False" />
            <line number="53" hits="0" branch="False" />
          </lines>
        </class>
        <class name="TBD.UserModule.Services.UserService/&lt;GetUserByEmailAsync&gt;d__4" filename="Desktop/UnknownProject/TBD/UserModule/Services/UserService.cs" line-rate="0" branch-rate="1" complexity="1">
          <methods>
            <method name="MoveNext" signature="()" line-rate="0" branch-rate="1" complexity="1">
              <lines>
                <line number="19" hits="0" branch="False" />
                <line number="20" hits="0" branch="False" />
                <line number="21" hits="0" branch="False" />
                <line number="22" hits="0" branch="False" />
              </lines>
            </method>
          </methods>
          <lines>
            <line number="19" hits="0" branch="False" />
            <line number="20" hits="0" branch="False" />
            <line number="21" hits="0" branch="False" />
            <line number="22" hits="0" branch="False" />
          </lines>
        </class>
        <class name="TBD.UserModule.Services.UserService/&lt;GetUserByIdAsync&gt;d__3" filename="Desktop/UnknownProject/TBD/UserModule/Services/UserService.cs" line-rate="0" branch-rate="1" complexity="1">
          <methods>
            <method name="MoveNext" signature="()" line-rate="0" branch-rate="1" complexity="1">
              <lines>
                <line number="13" hits="0" branch="False" />
                <line number="14" hits="0" branch="False" />
                <line number="15" hits="0" branch="False" />
                <line number="16" hits="0" branch="False" />
              </lines>
            </method>
          </methods>
          <lines>
            <line number="13" hits="0" branch="False" />
            <line number="14" hits="0" branch="False" />
            <line number="15" hits="0" branch="False" />
            <line number="16" hits="0" branch="False" />
          </lines>
        </class>
        <class name="TBD.UserModule.Services.UserService/&lt;GetUserByUsernameAsync&gt;d__5" filename="Desktop/UnknownProject/TBD/UserModule/Services/UserService.cs" line-rate="0" branch-rate="1" complexity="1">
          <methods>
            <method name="MoveNext" signature="()" line-rate="0" branch-rate="1" complexity="1">
              <lines>
                <line number="25" hits="0" branch="False" />
                <line number="26" hits="0" branch="False" />
                <line number="27" hits="0" branch="False" />
                <line number="28" hits="0" branch="False" />
              </lines>
            </method>
          </methods>
          <lines>
            <line number="25" hits="0" branch="False" />
            <line number="26" hits="0" branch="False" />
            <line number="27" hits="0" branch="False" />
            <line number="28" hits="0" branch="False" />
          </lines>
        </class>
        <class name="TBD.UserModule.Services.UserService/&lt;GetUsersAsync&gt;d__6" filename="Desktop/UnknownProject/TBD/UserModule/Services/UserService.cs" line-rate="0" branch-rate="0" complexity="8">
          <methods>
            <method name="MoveNext" signature="()" line-rate="0" branch-rate="0" complexity="8">
              <lines>
                <line number="31" hits="0" branch="False" />
                <line number="33" hits="0" branch="True" condition-coverage="0% (0/2)">
                  <conditions>
                    <condition number="40" type="jump" coverage="0%" />
                  </conditions>
                </line>
                <line number="34" hits="0" branch="True" condition-coverage="0% (0/6)">
                  <conditions>
                    <condition number="56" type="jump" coverage="0%" />
                    <condition number="66" type="jump" coverage="0%" />
                    <condition number="81" type="jump" coverage="0%" />
                  </conditions>
                </line>
                <line number="36" hits="0" branch="False" />
                <line number="37" hits="0" branch="False" />
                <line number="39" hits="0" branch="False" />
                <line number="40" hits="0" branch="False" />
                <line number="41" hits="0" branch="False" />
                <line number="42" hits="0" branch="False" />
                <line number="43" hits="0" branch="False" />
                <line number="44" hits="0" branch="False" />
                <line number="45" hits="0" branch="False" />
                <line number="46" hits="0" branch="False" />
              </lines>
            </method>
          </methods>
          <lines>
            <line number="31" hits="0" branch="False" />
            <line number="33" hits="0" branch="True" condition-coverage="0% (0/2)">
              <conditions>
                <condition number="40" type="jump" coverage="0%" />
              </conditions>
            </line>
            <line number="34" hits="0" branch="True" condition-coverage="0% (0/6)">
              <conditions>
                <condition number="56" type="jump" coverage="0%" />
                <condition number="66" type="jump" coverage="0%" />
                <condition number="81" type="jump" coverage="0%" />
              </conditions>
            </line>
            <line number="36" hits="0" branch="False" />
            <line number="37" hits="0" branch="False" />
            <line number="39" hits="0" branch="False" />
            <line number="40" hits="0" branch="False" />
            <line number="41" hits="0" branch="False" />
            <line number="42" hits="0" branch="False" />
            <line number="43" hits="0" branch="False" />
            <line number="44" hits="0" branch="False" />
            <line number="45" hits="0" branch="False" />
            <line number="46" hits="0" branch="False" />
          </lines>
        </class>
        <class name="TBD.UserModule.Services.UserService/&lt;UpdateUserAsync&gt;d__9" filename="Desktop/UnknownProject/TBD/UserModule/Services/UserService.cs" line-rate="0" branch-rate="1" complexity="1">
          <methods>
            <method name="MoveNext" signature="()" line-rate="0" branch-rate="1" complexity="1">
              <lines>
                <line number="74" hits="0" branch="False" />
                <line number="75" hits="0" branch="False" />
                <line number="76" hits="0" branch="False" />
                <line number="77" hits="0" branch="False" />
              </lines>
            </method>
          </methods>
          <lines>
            <line number="74" hits="0" branch="False" />
            <line number="75" hits="0" branch="False" />
            <line number="76" hits="0" branch="False" />
            <line number="77" hits="0" branch="False" />
          </lines>
        </class>
        <class name="TBD.UserModule.Repositories.GenericUserRepository`1" filename="Desktop/UnknownProject/TBD/UserModule/Repositories/GenericUserRepository.cs" line-rate="0" branch-rate="1" complexity="1">
          <methods>
            <method name=".ctor" signature="(TBD.UserModule.Data.UserDbContext)" line-rate="0" branch-rate="1" complexity="1">
              <lines>
                <line number="12" hits="0" branch="False" />
                <line number="13" hits="0" branch="False" />
                <line number="14" hits="0" branch="False" />
                <line number="15" hits="0" branch="False" />
                <line number="16" hits="0" branch="False" />
              </lines>
            </method>
          </methods>
          <lines>
            <line number="12" hits="0" branch="False" />
            <line number="13" hits="0" branch="False" />
            <line number="14" hits="0" branch="False" />
            <line number="15" hits="0" branch="False" />
            <line number="16" hits="0" branch="False" />
          </lines>
        </class>
        <class name="TBD.UserModule.Repositories.GenericUserRepository`1/&lt;AddAsync&gt;d__6" filename="Desktop/UnknownProject/TBD/UserModule/Repositories/GenericUserRepository.cs" line-rate="0" branch-rate="1" complexity="1">
          <methods>
            <method name="MoveNext" signature="()" line-rate="0" branch-rate="1" complexity="1">
              <lines>
                <line number="35" hits="0" branch="False" />
                <line number="36" hits="0" branch="False" />
                <line number="37" hits="0" branch="False" />
              </lines>
            </method>
          </methods>
          <lines>
            <line number="35" hits="0" branch="False" />
            <line number="36" hits="0" branch="False" />
            <line number="37" hits="0" branch="False" />
          </lines>
        </class>
        <class name="TBD.UserModule.Repositories.GenericUserRepository`1/&lt;AddRangeAsync&gt;d__7" filename="Desktop/UnknownProject/TBD/UserModule/Repositories/GenericUserRepository.cs" line-rate="0" branch-rate="1" complexity="1">
          <methods>
            <method name="MoveNext" signature="()" line-rate="0" branch-rate="1" complexity="1">
              <lines>
                <line number="40" hits="0" branch="False" />
                <line number="41" hits="0" branch="False" />
                <line number="42" hits="0" branch="False" />
              </lines>
            </method>
          </methods>
          <lines>
            <line number="40" hits="0" branch="False" />
            <line number="41" hits="0" branch="False" />
            <line number="42" hits="0" branch="False" />
          </lines>
        </class>
        <class name="TBD.UserModule.Repositories.GenericUserRepository`1/&lt;FindAsync&gt;d__4" filename="Desktop/UnknownProject/TBD/UserModule/Repositories/GenericUserRepository.cs" line-rate="0" branch-rate="1" complexity="1">
          <methods>
            <method name="MoveNext" signature="()" line-rate="0" branch-rate="1" complexity="1">
              <lines>
                <line number="24" hits="0" branch="False" />
                <line number="25" hits="0" branch="False" />
                <line number="26" hits="0" branch="False" />
              </lines>
            </method>
          </methods>
          <lines>
            <line number="24" hits="0" branch="False" />
            <line number="25" hits="0" branch="False" />
            <line number="26" hits="0" branch="False" />
          </lines>
        </class>
        <class name="TBD.UserModule.Repositories.GenericUserRepository`1/&lt;GetAllAsync&gt;d__3" filename="Desktop/UnknownProject/TBD/UserModule/Repositories/GenericUserRepository.cs" line-rate="0" branch-rate="1" complexity="1">
          <methods>
            <method name="MoveNext" signature="()" line-rate="0" branch-rate="1" complexity="1">
              <lines>
                <line number="19" hits="0" branch="False" />
                <line number="20" hits="0" branch="False" />
                <line number="21" hits="0" branch="False" />
              </lines>
            </method>
          </methods>
          <lines>
            <line number="19" hits="0" branch="False" />
            <line number="20" hits="0" branch="False" />
            <line number="21" hits="0" branch="False" />
          </lines>
        </class>
        <class name="TBD.UserModule.Repositories.GenericUserRepository`1/&lt;GetByIdAsync&gt;d__5" filename="Desktop/UnknownProject/TBD/UserModule/Repositories/GenericUserRepository.cs" line-rate="0" branch-rate="0" complexity="2">
          <methods>
            <method name="MoveNext" signature="()" line-rate="0" branch-rate="0" complexity="2">
              <lines>
                <line number="29" hits="0" branch="False" />
                <line number="30" hits="0" branch="True" condition-coverage="0% (0/2)">
                  <conditions>
                    <condition number="162" type="jump" coverage="0%" />
                  </conditions>
                </line>
                <line number="31" hits="0" branch="False" />
                <line number="32" hits="0" branch="False" />
              </lines>
            </method>
          </methods>
          <lines>
            <line number="29" hits="0" branch="False" />
            <line number="30" hits="0" branch="True" condition-coverage="0% (0/2)">
              <conditions>
                <condition number="162" type="jump" coverage="0%" />
              </conditions>
            </line>
            <line number="31" hits="0" branch="False" />
            <line number="32" hits="0" branch="False" />
          </lines>
        </class>
        <class name="TBD.UserModule.Repositories.GenericUserRepository`1/&lt;RemoveAsync&gt;d__9" filename="Desktop/UnknownProject/TBD/UserModule/Repositories/GenericUserRepository.cs" line-rate="0" branch-rate="1" complexity="1">
          <methods>
            <method name="MoveNext" signature="()" line-rate="0" branch-rate="1" complexity="1">
              <lines>
                <line number="51" hits="0" branch="False" />
                <line number="52" hits="0" branch="False" />
                <line number="53" hits="0" branch="False" />
                <line number="54" hits="0" branch="False" />
              </lines>
            </method>
          </methods>
          <lines>
            <line number="51" hits="0" branch="False" />
            <line number="52" hits="0" branch="False" />
            <line number="53" hits="0" branch="False" />
            <line number="54" hits="0" branch="False" />
          </lines>
        </class>
        <class name="TBD.UserModule.Repositories.GenericUserRepository`1/&lt;UpdateAsync&gt;d__8" filename="Desktop/UnknownProject/TBD/UserModule/Repositories/GenericUserRepository.cs" line-rate="0" branch-rate="1" complexity="1">
          <methods>
            <method name="MoveNext" signature="()" line-rate="0" branch-rate="1" complexity="1">
              <lines>
                <line number="45" hits="0" branch="False" />
                <line number="46" hits="0" branch="False" />
                <line number="47" hits="0" branch="False" />
                <line number="48" hits="0" branch="False" />
              </lines>
            </method>
          </methods>
          <lines>
            <line number="45" hits="0" branch="False" />
            <line number="46" hits="0" branch="False" />
            <line number="47" hits="0" branch="False" />
            <line number="48" hits="0" branch="False" />
          </lines>
        </class>
        <class name="TBD.UserModule.Repositories.UserRepository" filename="Desktop/UnknownProject/TBD/UserModule/Repositories/UserRepository.cs" line-rate="0" branch-rate="1" complexity="1">
          <methods>
            <method name=".ctor" signature="(TBD.UserModule.Data.UserDbContext)" line-rate="0" branch-rate="1" complexity="1">
              <lines>
                <line number="7" hits="0" branch="False" />
              </lines>
            </method>
          </methods>
          <lines>
            <line number="7" hits="0" branch="False" />
          </lines>
        </class>
        <class name="TBD.UserModule.Repositories.UserRepository/&lt;GetByEmailAsync&gt;d__1" filename="Desktop/UnknownProject/TBD/UserModule/Repositories/UserRepository.cs" line-rate="0" branch-rate="0" complexity="2">
          <methods>
            <method name="MoveNext" signature="()" line-rate="0" branch-rate="0" complexity="2">
              <lines>
                <line number="10" hits="0" branch="False" />
                <line number="11" hits="0" branch="True" condition-coverage="0% (0/2)">
                  <conditions>
                    <condition number="273" type="jump" coverage="0%" />
                  </conditions>
                </line>
                <line number="12" hits="0" branch="False" />
                <line number="13" hits="0" branch="False" />
              </lines>
            </method>
          </methods>
          <lines>
            <line number="10" hits="0" branch="False" />
            <line number="11" hits="0" branch="True" condition-coverage="0% (0/2)">
              <conditions>
                <condition number="273" type="jump" coverage="0%" />
              </conditions>
            </line>
            <line number="12" hits="0" branch="False" />
            <line number="13" hits="0" branch="False" />
          </lines>
        </class>
        <class name="TBD.UserModule.Repositories.UserRepository/&lt;GetByUsernameAsync&gt;d__2" filename="Desktop/UnknownProject/TBD/UserModule/Repositories/UserRepository.cs" line-rate="0" branch-rate="0" complexity="2">
          <methods>
            <method name="MoveNext" signature="()" line-rate="0" branch-rate="0" complexity="2">
              <lines>
                <line number="16" hits="0" branch="False" />
                <line number="17" hits="0" branch="True" condition-coverage="0% (0/2)">
                  <conditions>
                    <condition number="273" type="jump" coverage="0%" />
                  </conditions>
                </line>
                <line number="18" hits="0" branch="False" />
                <line number="19" hits="0" branch="False" />
              </lines>
            </method>
          </methods>
          <lines>
            <line number="16" hits="0" branch="False" />
            <line number="17" hits="0" branch="True" condition-coverage="0% (0/2)">
              <conditions>
                <condition number="273" type="jump" coverage="0%" />
              </conditions>
            </line>
            <line number="18" hits="0" branch="False" />
            <line number="19" hits="0" branch="False" />
          </lines>
        </class>
        <class name="TBD.UserModule.Repositories.UserRepository/&lt;GetCountAsync&gt;d__3" filename="Desktop/UnknownProject/TBD/UserModule/Repositories/UserRepository.cs" line-rate="0" branch-rate="1" complexity="1">
          <methods>
            <method name="MoveNext" signature="()" line-rate="0" branch-rate="1" complexity="1">
              <lines>
                <line number="22" hits="0" branch="False" />
                <line number="23" hits="0" branch="False" />
                <line number="24" hits="0" branch="False" />
              </lines>
            </method>
          </methods>
          <lines>
            <line number="22" hits="0" branch="False" />
            <line number="23" hits="0" branch="False" />
            <line number="24" hits="0" branch="False" />
          </lines>
        </class>
        <class name="TBD.UserModule.Repositories.UserRepository/&lt;GetPagedAsync&gt;d__4" filename="Desktop/UnknownProject/TBD/UserModule/Repositories/UserRepository.cs" line-rate="0" branch-rate="1" complexity="1">
          <methods>
            <method name="MoveNext" signature="()" line-rate="0" branch-rate="1" complexity="1">
              <lines>
                <line number="27" hits="0" branch="False" />
                <line number="28" hits="0" branch="False" />
                <line number="29" hits="0" branch="False" />
              </lines>
            </method>
          </methods>
          <lines>
            <line number="27" hits="0" branch="False" />
            <line number="28" hits="0" branch="False" />
            <line number="29" hits="0" branch="False" />
          </lines>
        </class>
        <class name="TBD.UserModule.Repositories.UserRepository/&lt;GetTopAsync&gt;d__5" filename="Desktop/UnknownProject/TBD/UserModule/Repositories/UserRepository.cs" line-rate="0" branch-rate="1" complexity="1">
          <methods>
            <method name="MoveNext" signature="()" line-rate="0" branch-rate="1" complexity="1">
              <lines>
                <line number="32" hits="0" branch="False" />
                <line number="33" hits="0" branch="False" />
                <line number="34" hits="0" branch="False" />
              </lines>
            </method>
          </methods>
          <lines>
            <line number="32" hits="0" branch="False" />
            <line number="33" hits="0" branch="False" />
            <line number="34" hits="0" branch="False" />
          </lines>
        </class>
        <class name="TBD.UserModule.Models.User" filename="Desktop/UnknownProject/TBD/UserModule/Models/User.cs" line-rate="1" branch-rate="1" complexity="5">
          <methods>
            <method name="get_Id" signature="()" line-rate="1" branch-rate="1" complexity="1">
              <lines>
                <line number="12" hits="165" branch="False" />
              </lines>
            </method>
            <method name="get_Username" signature="()" line-rate="1" branch-rate="1" complexity="1">
              <lines>
                <line number="14" hits="31" branch="False" />
              </lines>
            </method>
            <method name="get_Email" signature="()" line-rate="1" branch-rate="1" complexity="1">
              <lines>
                <line number="16" hits="61" branch="False" />
              </lines>
            </method>
            <method name="get_Password" signature="()" line-rate="1" branch-rate="1" complexity="1">
              <lines>
                <line number="18" hits="61" branch="False" />
              </lines>
            </method>
            <method name="get_Schedule" signature="()" line-rate="1" branch-rate="1" complexity="1">
              <lines>
                <line number="20" hits="62" branch="False" />
              </lines>
            </method>
          </methods>
          <lines>
            <line number="12" hits="165" branch="False" />
            <line number="14" hits="31" branch="False" />
            <line number="16" hits="61" branch="False" />
            <line number="18" hits="61" branch="False" />
            <line number="20" hits="62" branch="False" />
          </lines>
        </class>
        <class name="TBD.UserModule.Data.UserDbContext" filename="Desktop/UnknownProject/TBD/UserModule/Data/UserDbContext.cs" line-rate="0" branch-rate="0" complexity="21">
          <methods>
            <method name="get_Users" signature="()" line-rate="0" branch-rate="1" complexity="1">
              <lines>
                <line number="10" hits="0" branch="False" />
              </lines>
            </method>
            <method name="OnConfiguring" signature="(Microsoft.EntityFrameworkCore.DbContextOptionsBuilder)" line-rate="0" branch-rate="0" complexity="2">
              <lines>
                <line number="13" hits="0" branch="False" />
                <line number="14" hits="0" branch="True" condition-coverage="0% (0/2)">
                  <conditions>
                    <condition number="12" type="jump" coverage="0%" />
                  </conditions>
                </line>
                <line number="15" hits="0" branch="False" />
                <line number="16" hits="0" branch="False" />
                <line number="17" hits="0" branch="False" />
                <line number="18" hits="0" branch="False" />
              </lines>
            </method>
            <method name="OnModelCreating" signature="(Microsoft.EntityFrameworkCore.ModelBuilder)" line-rate="0" branch-rate="1" complexity="1">
              <lines>
                <line number="21" hits="0" branch="False" />
                <line number="22" hits="0" branch="False" />
                <line number="23" hits="0" branch="False" />
                <line number="24" hits="0" branch="False" />
                <line number="26" hits="0" branch="False" />
                <line number="27" hits="0" branch="False" />
                <line number="28" hits="0" branch="False" />
                <line number="30" hits="0" branch="False" />
                <line number="31" hits="0" branch="False" />
                <line number="32" hits="0" branch="False" />
                <line number="33" hits="0" branch="False" />
                <line number="35" hits="0" branch="False" />
                <line number="36" hits="0" branch="False" />
                <line number="37" hits="0" branch="False" />
                <line number="38" hits="0" branch="False" />
                <line number="39" hits="0" branch="False" />
                <line number="40" hits="0" branch="False" />
              </lines>
            </method>
            <method name="SaveChanges" signature="()" line-rate="0" branch-rate="0" complexity="16">
              <lines>
                <line number="43" hits="0" branch="False" />
                <line number="44" hits="0" branch="False" />
                <line number="45" hits="0" branch="True" condition-coverage="0% (0/6)">
                  <conditions>
                    <condition number="1" type="jump" coverage="0%" />
                    <condition number="16" type="jump" coverage="0%" />
                    <condition number="29" type="jump" coverage="0%" />
                  </conditions>
                </line>
                <line number="47" hits="0" branch="True" condition-coverage="0% (0/2)">
                  <conditions>
                    <condition number="173" type="jump" coverage="0%" />
                  </conditions>
                </line>
                <line number="48" hits="0" branch="False" />
                <line number="49" hits="0" branch="True" condition-coverage="0% (0/2)">
                  <conditions>
                    <condition number="87" type="jump" coverage="0%" />
                  </conditions>
                </line>
                <line number="50" hits="0" branch="False" />
                <line number="51" hits="0" branch="True" condition-coverage="0% (0/6)">
                  <conditions>
                    <condition number="104" type="switch" coverage="0%" />
                  </conditions>
                </line>
                <line number="54" hits="0" branch="False" />
                <line number="55" hits="0" branch="False" />
                <line number="57" hits="0" branch="False" />
                <line number="58" hits="0" branch="False" />
                <line number="63" hits="0" branch="False" />
                <line number="65" hits="0" branch="False" />
                <line number="66" hits="0" branch="False" />
                <line number="69" hits="0" branch="False" />
                <line number="70" hits="0" branch="False" />
              </lines>
            </method>
            <method name=".ctor" signature="(Microsoft.EntityFrameworkCore.DbContextOptions`1&lt;TBD.UserModule.Data.UserDbContext&gt;)" line-rate="0" branch-rate="1" complexity="1">
              <lines>
                <line number="8" hits="0" branch="False" />
              </lines>
            </method>
          </methods>
          <lines>
            <line number="10" hits="0" branch="False" />
            <line number="13" hits="0" branch="False" />
            <line number="14" hits="0" branch="True" condition-coverage="0% (0/2)">
              <conditions>
                <condition number="12" type="jump" coverage="0%" />
              </conditions>
            </line>
            <line number="15" hits="0" branch="False" />
            <line number="16" hits="0" branch="False" />
            <line number="17" hits="0" branch="False" />
            <line number="18" hits="0" branch="False" />
            <line number="21" hits="0" branch="False" />
            <line number="22" hits="0" branch="False" />
            <line number="23" hits="0" branch="False" />
            <line number="24" hits="0" branch="False" />
            <line number="26" hits="0" branch="False" />
            <line number="27" hits="0" branch="False" />
            <line number="28" hits="0" branch="False" />
            <line number="30" hits="0" branch="False" />
            <line number="31" hits="0" branch="False" />
            <line number="32" hits="0" branch="False" />
            <line number="33" hits="0" branch="False" />
            <line number="35" hits="0" branch="False" />
            <line number="36" hits="0" branch="False" />
            <line number="37" hits="0" branch="False" />
            <line number="38" hits="0" branch="False" />
            <line number="39" hits="0" branch="False" />
            <line number="40" hits="0" branch="False" />
            <line number="43" hits="0" branch="False" />
            <line number="44" hits="0" branch="False" />
            <line number="45" hits="0" branch="True" condition-coverage="0% (0/6)">
              <conditions>
                <condition number="1" type="jump" coverage="0%" />
                <condition number="16" type="jump" coverage="0%" />
                <condition number="29" type="jump" coverage="0%" />
              </conditions>
            </line>
            <line number="47" hits="0" branch="True" condition-coverage="0% (0/2)">
              <conditions>
                <condition number="173" type="jump" coverage="0%" />
              </conditions>
            </line>
            <line number="48" hits="0" branch="False" />
            <line number="49" hits="0" branch="True" condition-coverage="0% (0/2)">
              <conditions>
                <condition number="87" type="jump" coverage="0%" />
              </conditions>
            </line>
            <line number="50" hits="0" branch="False" />
            <line number="51" hits="0" branch="True" condition-coverage="0% (0/6)">
              <conditions>
                <condition number="104" type="switch" coverage="0%" />
              </conditions>
            </line>
            <line number="54" hits="0" branch="False" />
            <line number="55" hits="0" branch="False" />
            <line number="57" hits="0" branch="False" />
            <line number="58" hits="0" branch="False" />
            <line number="63" hits="0" branch="False" />
            <line number="65" hits="0" branch="False" />
            <line number="66" hits="0" branch="False" />
            <line number="69" hits="0" branch="False" />
            <line number="70" hits="0" branch="False" />
            <line number="8" hits="0" branch="False" />
          </lines>
        </class>
        <class name="TBD.UserModule.Data.UserDbContext/&lt;SaveChangesAsync&gt;d__8" filename="Desktop/UnknownProject/TBD/UserModule/Data/UserDbContext.cs" line-rate="0" branch-rate="0" complexity="10">
          <methods>
            <method name="MoveNext" signature="()" line-rate="0" branch-rate="0" complexity="10">
              <lines>
                <line number="73" hits="0" branch="False" />
                <line number="74" hits="0" branch="False" />
                <line number="77" hits="0" branch="True" condition-coverage="0% (0/2)">
                  <conditions>
                    <condition number="284" type="jump" coverage="0%" />
                  </conditions>
                </line>
                <line number="78" hits="0" branch="False" />
                <line number="79" hits="0" branch="True" condition-coverage="0% (0/2)">
                  <conditions>
                    <condition number="152" type="jump" coverage="0%" />
                  </conditions>
                </line>
                <line number="80" hits="0" branch="False" />
                <line number="81" hits="0" branch="True" condition-coverage="0% (0/6)">
                  <conditions>
                    <condition number="186" type="switch" coverage="0%" />
                  </conditions>
                </line>
                <line number="84" hits="0" branch="False" />
                <line number="85" hits="0" branch="False" />
                <line number="87" hits="0" branch="False" />
                <line number="88" hits="0" branch="False" />
                <line number="93" hits="0" branch="False" />
                <line number="95" hits="0" branch="False" />
                <line number="96" hits="0" branch="False" />
                <line number="98" hits="0" branch="False" />
                <line number="99" hits="0" branch="False" />
              </lines>
            </method>
          </methods>
          <lines>
            <line number="73" hits="0" branch="False" />
            <line number="74" hits="0" branch="False" />
            <line number="77" hits="0" branch="True" condition-coverage="0% (0/2)">
              <conditions>
                <condition number="284" type="jump" coverage="0%" />
              </conditions>
            </line>
            <line number="78" hits="0" branch="False" />
            <line number="79" hits="0" branch="True" condition-coverage="0% (0/2)">
              <conditions>
                <condition number="152" type="jump" coverage="0%" />
              </conditions>
            </line>
            <line number="80" hits="0" branch="False" />
            <line number="81" hits="0" branch="True" condition-coverage="0% (0/6)">
              <conditions>
                <condition number="186" type="switch" coverage="0%" />
              </conditions>
            </line>
            <line number="84" hits="0" branch="False" />
            <line number="85" hits="0" branch="False" />
            <line number="87" hits="0" branch="False" />
            <line number="88" hits="0" branch="False" />
            <line number="93" hits="0" branch="False" />
            <line number="95" hits="0" branch="False" />
            <line number="96" hits="0" branch="False" />
            <line number="98" hits="0" branch="False" />
            <line number="99" hits="0" branch="False" />
          </lines>
        </class>
        <class name="TBD.UserModule.Controllers.UserController" filename="Desktop/UnknownProject/TBD/UserModule/Controllers/UserController.cs" line-rate="0" branch-rate="1" complexity="1">
          <methods>
            <method name=".ctor" signature="(TBD.API.Interfaces.IUserService)" line-rate="0" branch-rate="1" complexity="1">
              <lines>
                <line number="9" hits="0" branch="False" />
              </lines>
            </method>
          </methods>
          <lines>
            <line number="9" hits="0" branch="False" />
          </lines>
        </class>
        <class name="TBD.UserModule.Controllers.UserController/&lt;DeleteUser&gt;d__8" filename="Desktop/UnknownProject/TBD/UserModule/Controllers/UserController.cs" line-rate="0" branch-rate="1" complexity="1">
          <methods>
            <method name="MoveNext" signature="()" line-rate="0" branch-rate="1" complexity="1">
              <lines>
                <line number="117" hits="0" branch="False" />
                <line number="119" hits="0" branch="False" />
                <line number="120" hits="0" branch="False" />
                <line number="121" hits="0" branch="False" />
                <line number="123" hits="0" branch="False" />
                <line number="124" hits="0" branch="False" />
                <line number="125" hits="0" branch="False" />
                <line number="127" hits="0" branch="False" />
                <line number="128" hits="0" branch="False" />
                <line number="129" hits="0" branch="False" />
                <line number="131" hits="0" branch="False" />
              </lines>
            </method>
          </methods>
          <lines>
            <line number="117" hits="0" branch="False" />
            <line number="119" hits="0" branch="False" />
            <line number="120" hits="0" branch="False" />
            <line number="121" hits="0" branch="False" />
            <line number="123" hits="0" branch="False" />
            <line number="124" hits="0" branch="False" />
            <line number="125" hits="0" branch="False" />
            <line number="127" hits="0" branch="False" />
            <line number="128" hits="0" branch="False" />
            <line number="129" hits="0" branch="False" />
            <line number="131" hits="0" branch="False" />
          </lines>
        </class>
        <class name="TBD.UserModule.Controllers.UserController/&lt;GetUser&gt;d__3" filename="Desktop/UnknownProject/TBD/UserModule/Controllers/UserController.cs" line-rate="0" branch-rate="0" complexity="2">
          <methods>
            <method name="MoveNext" signature="()" line-rate="0" branch-rate="0" complexity="2">
              <lines>
                <line number="29" hits="0" branch="False" />
                <line number="30" hits="0" branch="False" />
                <line number="32" hits="0" branch="True" condition-coverage="0% (0/2)">
                  <conditions>
                    <condition number="164" type="jump" coverage="0%" />
                  </conditions>
                </line>
                <line number="33" hits="0" branch="False" />
                <line number="34" hits="0" branch="False" />
                <line number="37" hits="0" branch="False" />
                <line number="38" hits="0" branch="False" />
              </lines>
            </method>
          </methods>
          <lines>
            <line number="29" hits="0" branch="False" />
            <line number="30" hits="0" branch="False" />
            <line number="32" hits="0" branch="True" condition-coverage="0% (0/2)">
              <conditions>
                <condition number="164" type="jump" coverage="0%" />
              </conditions>
            </line>
            <line number="33" hits="0" branch="False" />
            <line number="34" hits="0" branch="False" />
            <line number="37" hits="0" branch="False" />
            <line number="38" hits="0" branch="False" />
          </lines>
        </class>
        <class name="TBD.UserModule.Controllers.UserController/&lt;GetUserByEmail&gt;d__4" filename="Desktop/UnknownProject/TBD/UserModule/Controllers/UserController.cs" line-rate="0" branch-rate="0" complexity="2">
          <methods>
            <method name="MoveNext" signature="()" line-rate="0" branch-rate="0" complexity="2">
              <lines>
                <line number="43" hits="0" branch="False" />
                <line number="44" hits="0" branch="False" />
                <line number="46" hits="0" branch="True" condition-coverage="0% (0/2)">
                  <conditions>
                    <condition number="164" type="jump" coverage="0%" />
                  </conditions>
                </line>
                <line number="47" hits="0" branch="False" />
                <line number="48" hits="0" branch="False" />
                <line number="51" hits="0" branch="False" />
                <line number="52" hits="0" branch="False" />
              </lines>
            </method>
          </methods>
          <lines>
            <line number="43" hits="0" branch="False" />
            <line number="44" hits="0" branch="False" />
            <line number="46" hits="0" branch="True" condition-coverage="0% (0/2)">
              <conditions>
                <condition number="164" type="jump" coverage="0%" />
              </conditions>
            </line>
            <line number="47" hits="0" branch="False" />
            <line number="48" hits="0" branch="False" />
            <line number="51" hits="0" branch="False" />
            <line number="52" hits="0" branch="False" />
          </lines>
        </class>
        <class name="TBD.UserModule.Controllers.UserController/&lt;GetUserByUsername&gt;d__5" filename="Desktop/UnknownProject/TBD/UserModule/Controllers/UserController.cs" line-rate="0" branch-rate="0" complexity="2">
          <methods>
            <method name="MoveNext" signature="()" line-rate="0" branch-rate="0" complexity="2">
              <lines>
                <line number="57" hits="0" branch="False" />
                <line number="58" hits="0" branch="False" />
                <line number="60" hits="0" branch="True" condition-coverage="0% (0/2)">
                  <conditions>
                    <condition number="164" type="jump" coverage="0%" />
                  </conditions>
                </line>
                <line number="61" hits="0" branch="False" />
                <line number="62" hits="0" branch="False" />
                <line number="65" hits="0" branch="False" />
                <line number="66" hits="0" branch="False" />
              </lines>
            </method>
          </methods>
          <lines>
            <line number="57" hits="0" branch="False" />
            <line number="58" hits="0" branch="False" />
            <line number="60" hits="0" branch="True" condition-coverage="0% (0/2)">
              <conditions>
                <condition number="164" type="jump" coverage="0%" />
              </conditions>
            </line>
            <line number="61" hits="0" branch="False" />
            <line number="62" hits="0" branch="False" />
            <line number="65" hits="0" branch="False" />
            <line number="66" hits="0" branch="False" />
          </lines>
        </class>
        <class name="TBD.UserModule.Controllers.UserController/&lt;GetUsers&gt;d__2" filename="Desktop/UnknownProject/TBD/UserModule/Controllers/UserController.cs" line-rate="0" branch-rate="1" complexity="1">
          <methods>
            <method name="MoveNext" signature="()" line-rate="0" branch-rate="1" complexity="1">
              <lines>
                <line number="14" hits="0" branch="False" />
                <line number="16" hits="0" branch="False" />
                <line number="17" hits="0" branch="False" />
                <line number="18" hits="0" branch="False" />
                <line number="20" hits="0" branch="False" />
                <line number="21" hits="0" branch="False" />
                <line number="22" hits="0" branch="False" />
                <line number="24" hits="0" branch="False" />
              </lines>
            </method>
          </methods>
          <lines>
            <line number="14" hits="0" branch="False" />
            <line number="16" hits="0" branch="False" />
            <line number="17" hits="0" branch="False" />
            <line number="18" hits="0" branch="False" />
            <line number="20" hits="0" branch="False" />
            <line number="21" hits="0" branch="False" />
            <line number="22" hits="0" branch="False" />
            <line number="24" hits="0" branch="False" />
          </lines>
        </class>
        <class name="TBD.UserModule.Controllers.UserController/&lt;PostUser&gt;d__7" filename="Desktop/UnknownProject/TBD/UserModule/Controllers/UserController.cs" line-rate="0" branch-rate="0" complexity="4">
          <methods>
            <method name="MoveNext" signature="()" line-rate="0" branch-rate="0" complexity="4">
              <lines>
                <line number="95" hits="0" branch="False" />
                <line number="97" hits="0" branch="False" />
                <line number="98" hits="0" branch="False" />
                <line number="101" hits="0" branch="True" condition-coverage="0% (0/2)">
                  <conditions>
                    <condition number="171" type="jump" coverage="0%" />
                  </conditions>
                </line>
                <line number="102" hits="0" branch="True" condition-coverage="0% (0/2)">
                  <conditions>
                    <condition number="319" type="jump" coverage="0%" />
                  </conditions>
                </line>
                <line number="104" hits="0" branch="False" />
                <line number="105" hits="0" branch="False" />
                <line number="106" hits="0" branch="False" />
                <line number="108" hits="0" branch="False" />
                <line number="109" hits="0" branch="False" />
                <line number="110" hits="0" branch="False" />
                <line number="112" hits="0" branch="False" />
              </lines>
            </method>
          </methods>
          <lines>
            <line number="95" hits="0" branch="False" />
            <line number="97" hits="0" branch="False" />
            <line number="98" hits="0" branch="False" />
            <line number="101" hits="0" branch="True" condition-coverage="0% (0/2)">
              <conditions>
                <condition number="171" type="jump" coverage="0%" />
              </conditions>
            </line>
            <line number="102" hits="0" branch="True" condition-coverage="0% (0/2)">
              <conditions>
                <condition number="319" type="jump" coverage="0%" />
              </conditions>
            </line>
            <line number="104" hits="0" branch="False" />
            <line number="105" hits="0" branch="False" />
            <line number="106" hits="0" branch="False" />
            <line number="108" hits="0" branch="False" />
            <line number="109" hits="0" branch="False" />
            <line number="110" hits="0" branch="False" />
            <line number="112" hits="0" branch="False" />
          </lines>
        </class>
        <class name="TBD.UserModule.Controllers.UserController/&lt;PutUser&gt;d__6" filename="Desktop/UnknownProject/TBD/UserModule/Controllers/UserController.cs" line-rate="0" branch-rate="0" complexity="2">
          <methods>
            <method name="MoveNext" signature="()" line-rate="0" branch-rate="0" complexity="2">
              <lines>
                <line number="71" hits="0" branch="False" />
                <line number="72" hits="0" branch="True" condition-coverage="0% (0/2)">
                  <conditions>
                    <condition number="39" type="jump" coverage="0%" />
                  </conditions>
                </line>
                <line number="73" hits="0" branch="False" />
                <line number="74" hits="0" branch="False" />
                <line number="78" hits="0" branch="False" />
                <line number="79" hits="0" branch="False" />
                <line number="80" hits="0" branch="False" />
                <line number="82" hits="0" branch="False" />
                <line number="83" hits="0" branch="False" />
                <line number="84" hits="0" branch="False" />
                <line number="86" hits="0" branch="False" />
                <line number="87" hits="0" branch="False" />
                <line number="88" hits="0" branch="False" />
                <line number="90" hits="0" branch="False" />
              </lines>
            </method>
          </methods>
          <lines>
            <line number="71" hits="0" branch="False" />
            <line number="72" hits="0" branch="True" condition-coverage="0% (0/2)">
              <conditions>
                <condition number="39" type="jump" coverage="0%" />
              </conditions>
            </line>
            <line number="73" hits="0" branch="False" />
            <line number="74" hits="0" branch="False" />
            <line number="78" hits="0" branch="False" />
            <line number="79" hits="0" branch="False" />
            <line number="80" hits="0" branch="False" />
            <line number="82" hits="0" branch="False" />
            <line number="83" hits="0" branch="False" />
            <line number="84" hits="0" branch="False" />
            <line number="86" hits="0" branch="False" />
            <line number="87" hits="0" branch="False" />
            <line number="88" hits="0" branch="False" />
            <line number="90" hits="0" branch="False" />
          </lines>
        </class>
        <class name="TBD.TestProject.ScheduleTest" filename="Desktop/UnknownProject/TBD/TestProject/ScheduleTest.cs" line-rate="0" branch-rate="1" complexity="16">
          <methods>
            <method name="Constructor_Default_SetsDefaults" signature="()" line-rate="0" branch-rate="1" complexity="1">
              <lines>
                <line number="18" hits="0" branch="False" />
                <line number="19" hits="0" branch="False" />
                <line number="21" hits="0" branch="False" />
                <line number="22" hits="0" branch="False" />
                <line number="23" hits="0" branch="False" />
                <line number="24" hits="0" branch="False" />
              </lines>
            </method>
            <method name="Constructor_WithUser_SetsUserProperties" signature="()" line-rate="0" branch-rate="1" complexity="1">
              <lines>
                <line number="28" hits="0" branch="False" />
                <line number="29" hits="0" branch="False" />
                <line number="30" hits="0" branch="False" />
                <line number="31" hits="0" branch="False" />
                <line number="32" hits="0" branch="False" />
                <line number="33" hits="0" branch="False" />
                <line number="34" hits="0" branch="False" />
                <line number="35" hits="0" branch="False" />
                <line number="36" hits="0" branch="False" />
                <line number="38" hits="0" branch="False" />
                <line number="40" hits="0" branch="False" />
                <line number="41" hits="0" branch="False" />
                <line number="42" hits="0" branch="False" />
              </lines>
            </method>
            <method name="Overtime_CorrectlyCalculates" signature="(System.Nullable`1&lt;System.Double&gt;,System.Double)" line-rate="0" branch-rate="1" complexity="1">
              <lines>
                <line number="54" hits="0" branch="False" />
                <line number="55" hits="0" branch="False" />
                <line number="56" hits="0" branch="False" />
                <line number="57" hits="0" branch="False" />
              </lines>
            </method>
            <method name="OvertimeRate_WhenOvertimeExists_CalculatesCorrectly" signature="()" line-rate="0" branch-rate="1" complexity="1">
              <lines>
                <line number="61" hits="0" branch="False" />
                <line number="62" hits="0" branch="False" />
                <line number="63" hits="0" branch="False" />
                <line number="64" hits="0" branch="False" />
              </lines>
            </method>
            <method name="OvertimeRate_WhenNoOvertime_ReturnsZero" signature="()" line-rate="0" branch-rate="1" complexity="1">
              <lines>
                <line number="68" hits="0" branch="False" />
                <line number="69" hits="0" branch="False" />
                <line number="70" hits="0" branch="False" />
                <line number="71" hits="0" branch="False" />
              </lines>
            </method>
            <method name="TotalPayComputed_WhenTotalHoursWorkedIsLessThanOrEqualTo40_ReturnsCorrectValue" signature="()" line-rate="0" branch-rate="1" complexity="1">
              <lines>
                <line number="79" hits="0" branch="False" />
                <line number="80" hits="0" branch="False" />
                <line number="81" hits="0" branch="False" />
                <line number="82" hits="0" branch="False" />
              </lines>
            </method>
            <method name="TotalPayComputed_WhenTotalHoursWorkedIsMoreThan40_ReturnsCorrectValue" signature="()" line-rate="0" branch-rate="1" complexity="1">
              <lines>
                <line number="86" hits="0" branch="False" />
                <line number="87" hits="0" branch="False" />
                <line number="88" hits="0" branch="False" />
                <line number="89" hits="0" branch="False" />
              </lines>
            </method>
            <method name="TotalPayComputed_WhenBasePayIsNull_ReturnsZero" signature="()" line-rate="0" branch-rate="1" complexity="1">
              <lines>
                <line number="93" hits="0" branch="False" />
                <line number="94" hits="0" branch="False" />
                <line number="95" hits="0" branch="False" />
                <line number="96" hits="0" branch="False" />
              </lines>
            </method>
            <method name="FullCalculation_EndToEnd_ReturnsExpectedTotalPay" signature="()" line-rate="0" branch-rate="1" complexity="1">
              <lines>
                <line number="100" hits="0" branch="False" />
                <line number="101" hits="0" branch="False" />
                <line number="102" hits="0" branch="False" />
                <line number="103" hits="0" branch="False" />
                <line number="104" hits="0" branch="False" />
                <line number="105" hits="0" branch="False" />
                <line number="106" hits="0" branch="False" />
                <line number="107" hits="0" branch="False" />
                <line number="108" hits="0" branch="False" />
                <line number="109" hits="0" branch="False" />
                <line number="110" hits="0" branch="False" />
                <line number="111" hits="0" branch="False" />
                <line number="112" hits="0" branch="False" />
                <line number="114" hits="0" branch="False" />
                <line number="116" hits="0" branch="False" />
                <line number="117" hits="0" branch="False" />
              </lines>
            </method>
            <method name="DaysWorked_Get_DeserializesCorrectly" signature="()" line-rate="0" branch-rate="1" complexity="1">
              <lines>
                <line number="125" hits="0" branch="False" />
                <line number="126" hits="0" branch="False" />
                <line number="127" hits="0" branch="False" />
                <line number="129" hits="0" branch="False" />
                <line number="130" hits="0" branch="False" />
                <line number="131" hits="0" branch="False" />
                <line number="132" hits="0" branch="False" />
              </lines>
            </method>
            <method name="DaysWorked_Set_SerializesCorrectly" signature="()" line-rate="0" branch-rate="1" complexity="1">
              <lines>
                <line number="136" hits="0" branch="False" />
                <line number="137" hits="0" branch="False" />
                <line number="138" hits="0" branch="False" />
                <line number="140" hits="0" branch="False" />
                <line number="142" hits="0" branch="False" />
                <line number="143" hits="0" branch="False" />
              </lines>
            </method>
            <method name="DaysWorked_Get_WhenInvalidJson_ThrowsInvalidOperationException" signature="()" line-rate="0" branch-rate="1" complexity="1">
              <lines>
                <line number="147" hits="0" branch="False" />
                <line number="148" hits="0" branch="False" />
                <line number="149" hits="0" branch="False" />
                <line number="150" hits="0" branch="False" />
              </lines>
            </method>
            <method name="RecalculateTotalHours_CalculatesCorrectly" signature="()" line-rate="0" branch-rate="1" complexity="1">
              <lines>
                <line number="158" hits="0" branch="False" />
                <line number="159" hits="0" branch="False" />
                <line number="160" hits="0" branch="False" />
                <line number="161" hits="0" branch="False" />
                <line number="162" hits="0" branch="False" />
                <line number="164" hits="0" branch="False" />
                <line number="166" hits="0" branch="False" />
                <line number="167" hits="0" branch="False" />
              </lines>
            </method>
            <method name="RecalculateTotalHours_OverwritesExistingTotal" signature="()" line-rate="0" branch-rate="1" complexity="1">
              <lines>
                <line number="171" hits="0" branch="False" />
                <line number="172" hits="0" branch="False" />
                <line number="173" hits="0" branch="False" />
                <line number="174" hits="0" branch="False" />
                <line number="175" hits="0" branch="False" />
                <line number="176" hits="0" branch="False" />
                <line number="178" hits="0" branch="False" />
                <line number="180" hits="0" branch="False" />
                <line number="181" hits="0" branch="False" />
              </lines>
            </method>
            <method name="BasePay_Property_SetAndGet_WorksCorrectly" signature="()" line-rate="0" branch-rate="1" complexity="1">
              <lines>
                <line number="189" hits="0" branch="False" />
                <line number="190" hits="0" branch="False" />
                <line number="191" hits="0" branch="False" />
                <line number="192" hits="0" branch="False" />
              </lines>
            </method>
            <method name="TotalHoursWorked_Property_SetAndGet_WorksCorrectly" signature="()" line-rate="0" branch-rate="1" complexity="1">
              <lines>
                <line number="196" hits="0" branch="False" />
                <line number="197" hits="0" branch="False" />
                <line number="198" hits="0" branch="False" />
                <line number="199" hits="0" branch="False" />
              </lines>
            </method>
          </methods>
          <lines>
            <line number="18" hits="0" branch="False" />
            <line number="19" hits="0" branch="False" />
            <line number="21" hits="0" branch="False" />
            <line number="22" hits="0" branch="False" />
            <line number="23" hits="0" branch="False" />
            <line number="24" hits="0" branch="False" />
            <line number="28" hits="0" branch="False" />
            <line number="29" hits="0" branch="False" />
            <line number="30" hits="0" branch="False" />
            <line number="31" hits="0" branch="False" />
            <line number="32" hits="0" branch="False" />
            <line number="33" hits="0" branch="False" />
            <line number="34" hits="0" branch="False" />
            <line number="35" hits="0" branch="False" />
            <line number="36" hits="0" branch="False" />
            <line number="38" hits="0" branch="False" />
            <line number="40" hits="0" branch="False" />
            <line number="41" hits="0" branch="False" />
            <line number="42" hits="0" branch="False" />
            <line number="54" hits="0" branch="False" />
            <line number="55" hits="0" branch="False" />
            <line number="56" hits="0" branch="False" />
            <line number="57" hits="0" branch="False" />
            <line number="61" hits="0" branch="False" />
            <line number="62" hits="0" branch="False" />
            <line number="63" hits="0" branch="False" />
            <line number="64" hits="0" branch="False" />
            <line number="68" hits="0" branch="False" />
            <line number="69" hits="0" branch="False" />
            <line number="70" hits="0" branch="False" />
            <line number="71" hits="0" branch="False" />
            <line number="79" hits="0" branch="False" />
            <line number="80" hits="0" branch="False" />
            <line number="81" hits="0" branch="False" />
            <line number="82" hits="0" branch="False" />
            <line number="86" hits="0" branch="False" />
            <line number="87" hits="0" branch="False" />
            <line number="88" hits="0" branch="False" />
            <line number="89" hits="0" branch="False" />
            <line number="93" hits="0" branch="False" />
            <line number="94" hits="0" branch="False" />
            <line number="95" hits="0" branch="False" />
            <line number="96" hits="0" branch="False" />
            <line number="100" hits="0" branch="False" />
            <line number="101" hits="0" branch="False" />
            <line number="102" hits="0" branch="False" />
            <line number="103" hits="0" branch="False" />
            <line number="104" hits="0" branch="False" />
            <line number="105" hits="0" branch="False" />
            <line number="106" hits="0" branch="False" />
            <line number="107" hits="0" branch="False" />
            <line number="108" hits="0" branch="False" />
            <line number="109" hits="0" branch="False" />
            <line number="110" hits="0" branch="False" />
            <line number="111" hits="0" branch="False" />
            <line number="112" hits="0" branch="False" />
            <line number="114" hits="0" branch="False" />
            <line number="116" hits="0" branch="False" />
            <line number="117" hits="0" branch="False" />
            <line number="125" hits="0" branch="False" />
            <line number="126" hits="0" branch="False" />
            <line number="127" hits="0" branch="False" />
            <line number="129" hits="0" branch="False" />
            <line number="130" hits="0" branch="False" />
            <line number="131" hits="0" branch="False" />
            <line number="132" hits="0" branch="False" />
            <line number="136" hits="0" branch="False" />
            <line number="137" hits="0" branch="False" />
            <line number="138" hits="0" branch="False" />
            <line number="140" hits="0" branch="False" />
            <line number="142" hits="0" branch="False" />
            <line number="143" hits="0" branch="False" />
            <line number="147" hits="0" branch="False" />
            <line number="148" hits="0" branch="False" />
            <line number="149" hits="0" branch="False" />
            <line number="150" hits="0" branch="False" />
            <line number="158" hits="0" branch="False" />
            <line number="159" hits="0" branch="False" />
            <line number="160" hits="0" branch="False" />
            <line number="161" hits="0" branch="False" />
            <line number="162" hits="0" branch="False" />
            <line number="164" hits="0" branch="False" />
            <line number="166" hits="0" branch="False" />
            <line number="167" hits="0" branch="False" />
            <line number="171" hits="0" branch="False" />
            <line number="172" hits="0" branch="False" />
            <line number="173" hits="0" branch="False" />
            <line number="174" hits="0" branch="False" />
            <line number="175" hits="0" branch="False" />
            <line number="176" hits="0" branch="False" />
            <line number="178" hits="0" branch="False" />
            <line number="180" hits="0" branch="False" />
            <line number="181" hits="0" branch="False" />
            <line number="189" hits="0" branch="False" />
            <line number="190" hits="0" branch="False" />
            <line number="191" hits="0" branch="False" />
            <line number="192" hits="0" branch="False" />
            <line number="196" hits="0" branch="False" />
            <line number="197" hits="0" branch="False" />
            <line number="198" hits="0" branch="False" />
            <line number="199" hits="0" branch="False" />
          </lines>
        </class>
        <class name="TBD.TestProject.UserAddressServiceTests" filename="Desktop/UnknownProject/TBD/TestProject/UserAddressServiceTest.cs" line-rate="0" branch-rate="0" complexity="10">
          <methods>
            <method name="TearDown" signature="()" line-rate="0" branch-rate="0" complexity="2">
              <lines>
                <line number="88" hits="0" branch="False" />
                <line number="89" hits="0" branch="True" condition-coverage="0% (0/2)">
                  <conditions>
                    <condition number="8" type="jump" coverage="0%" />
                  </conditions>
                </line>
                <line number="90" hits="0" branch="False" />
              </lines>
            </method>
            <method name="GetByUserAddressAsync_WithNoMatch_ThrowsInvalidOperationException" signature="()" line-rate="0" branch-rate="1" complexity="1">
              <lines>
                <line number="225" hits="0" branch="False" />
                <line number="227" hits="0" branch="False" />
                <line number="230" hits="0" branch="False" />
                <line number="231" hits="0" branch="False" />
                <line number="232" hits="0" branch="False" />
              </lines>
            </method>
            <method name="AddAsync_WithNullEntity_ThrowsException" signature="()" line-rate="0" branch-rate="1" complexity="1">
              <lines>
                <line number="369" hits="0" branch="False" />
                <line number="371" hits="0" branch="False" />
                <line number="372" hits="0" branch="False" />
                <line number="373" hits="0" branch="False" />
              </lines>
            </method>
            <method name="AddRangeAsync_WithNullCollection_ThrowsException" signature="()" line-rate="0" branch-rate="1" complexity="1">
              <lines>
                <line number="408" hits="0" branch="False" />
                <line number="410" hits="0" branch="False" />
                <line number="411" hits="0" branch="False" />
                <line number="412" hits="0" branch="False" />
              </lines>
            </method>
            <method name="UpdateAsync_WithNullEntity_ThrowsException" signature="()" line-rate="0" branch-rate="1" complexity="1">
              <lines>
                <line number="438" hits="0" branch="False" />
                <line number="440" hits="0" branch="False" />
                <line number="441" hits="0" branch="False" />
                <line number="442" hits="0" branch="False" />
              </lines>
            </method>
            <method name="RemoveAsync_WithNullEntity_ThrowsException" signature="()" line-rate="0" branch-rate="1" complexity="1">
              <lines>
                <line number="468" hits="0" branch="False" />
                <line number="470" hits="0" branch="False" />
                <line number="471" hits="0" branch="False" />
                <line number="472" hits="0" branch="False" />
              </lines>
            </method>
            <method name="UpdateUserAddress_WithNonExistentUser_ThrowsArgumentException" signature="()" line-rate="0" branch-rate="1" complexity="1">
              <lines>
                <line number="514" hits="0" branch="False" />
                <line number="516" hits="0" branch="False" />
                <line number="517" hits="0" branch="False" />
                <line number="519" hits="0" branch="False" />
                <line number="520" hits="0" branch="False" />
                <line number="521" hits="0" branch="False" />
                <line number="522" hits="0" branch="False" />
                <line number="523" hits="0" branch="False" />
                <line number="524" hits="0" branch="False" />
[...]
                  <conditions>
                    <condition number="127" type="jump" coverage="0%" />
                  </conditions>
                </line>
                <line number="41" hits="0" branch="False" />
                <line number="42" hits="0" branch="False" />
                <line number="43" hits="0" branch="False" />
                <line number="44" hits="0" branch="True" condition-coverage="0% (0/2)">
                  <conditions>
                    <condition number="104" type="jump" coverage="0%" />
                  </conditions>
                </line>
                <line number="45" hits="0" branch="False" />
                <line number="46" hits="0" branch="False" />
                <line number="47" hits="0" branch="False" />
                <line number="48" hits="0" branch="False" />
                <line number="50" hits="0" branch="False" />
                <line number="51" hits="0" branch="False" />
              </lines>
            </method>
            <method name=".ctor" signature="(Microsoft.EntityFrameworkCore.DbContextOptions`1&lt;TBD.AddressModule.Data.AddressDbContext&gt;)" line-rate="1" branch-rate="1" complexity="1">
              <lines>
                <line number="11" hits="30" branch="False" />
                <line number="12" hits="30" branch="False" />
                <line number="13" hits="30" branch="False" />
              </lines>
            </method>
            <method name=".ctor" signature="()" line-rate="0" branch-rate="1" complexity="1">
              <lines>
                <line number="15" hits="0" branch="False" />
                <line number="16" hits="0" branch="False" />
                <line number="17" hits="0" branch="False" />
              </lines>
            </method>
          </methods>
          <lines>
            <line number="9" hits="31" branch="False" />
            <line number="20" hits="30" branch="False" />
            <line number="21" hits="30" branch="True" condition-coverage="50% (1/2)">
              <conditions>
                <condition number="12" type="jump" coverage="50%" />
              </conditions>
            </line>
            <line number="22" hits="0" branch="False" />
            <line number="23" hits="0" branch="False" />
            <line number="24" hits="0" branch="False" />
            <line number="25" hits="30" branch="False" />
            <line number="28" hits="1" branch="False" />
            <line number="29" hits="1" branch="False" />
            <line number="30" hits="1" branch="False" />
            <line number="31" hits="1" branch="False" />
            <line number="32" hits="1" branch="False" />
            <line number="33" hits="1" branch="False" />
            <line number="34" hits="1" branch="False" />
            <line number="37" hits="0" branch="False" />
            <line number="38" hits="0" branch="False" />
            <line number="39" hits="0" branch="True" condition-coverage="0% (0/6)">
              <conditions>
                <condition number="1" type="jump" coverage="0%" />
                <condition number="16" type="jump" coverage="0%" />
                <condition number="29" type="jump" coverage="0%" />
              </conditions>
            </line>
            <line number="40" hits="0" branch="True" condition-coverage="0% (0/2)">
              <conditions>
                <condition number="127" type="jump" coverage="0%" />
              </conditions>
            </line>
            <line number="41" hits="0" branch="False" />
            <line number="42" hits="0" branch="False" />
            <line number="43" hits="0" branch="False" />
            <line number="44" hits="0" branch="True" condition-coverage="0% (0/2)">
              <conditions>
                <condition number="104" type="jump" coverage="0%" />
              </conditions>
            </line>
            <line number="45" hits="0" branch="False" />
            <line number="46" hits="0" branch="False" />
            <line number="47" hits="0" branch="False" />
            <line number="48" hits="0" branch="False" />
            <line number="50" hits="0" branch="False" />
            <line number="51" hits="0" branch="False" />
            <line number="11" hits="30" branch="False" />
            <line number="12" hits="30" branch="False" />
            <line number="13" hits="30" branch="False" />
            <line number="15" hits="0" branch="False" />
            <line number="16" hits="0" branch="False" />
            <line number="17" hits="0" branch="False" />
          </lines>
        </class>
        <class name="TBD.AddressModule.Data.AddressDbContext/&lt;SaveChangesAsync&gt;d__9" filename="Desktop/UnknownProject/TBD/AddressModule/Data/AddressDbContext.cs" line-rate="1" branch-rate="1" complexity="4">
          <methods>
            <method name="MoveNext" signature="()" line-rate="1" branch-rate="1" complexity="4">
              <lines>
                <line number="54" hits="72" branch="False" />
                <line number="55" hits="72" branch="False" />
                <line number="57" hits="410" branch="True" condition-coverage="100% (2/2)">
                  <conditions>
                    <condition number="216" type="jump" coverage="100%" />
                  </conditions>
                </line>
                <line number="58" hits="97" branch="False" />
                <line number="59" hits="97" branch="False" />
                <line number="60" hits="97" branch="False" />
                <line number="61" hits="97" branch="True" condition-coverage="100% (2/2)">
                  <conditions>
                    <condition number="169" type="jump" coverage="100%" />
                  </conditions>
                </line>
                <line number="62" hits="94" branch="False" />
                <line number="63" hits="94" branch="False" />
                <line number="64" hits="94" branch="False" />
                <line number="65" hits="97" branch="False" />
                <line number="67" hits="72" branch="False" />
                <line number="68" hits="72" branch="False" />
              </lines>
            </method>
          </methods>
          <lines>
            <line number="54" hits="72" branch="False" />
            <line number="55" hits="72" branch="False" />
            <line number="57" hits="410" branch="True" condition-coverage="100% (2/2)">
              <conditions>
                <condition number="216" type="jump" coverage="100%" />
              </conditions>
            </line>
            <line number="58" hits="97" branch="False" />
            <line number="59" hits="97" branch="False" />
            <line number="60" hits="97" branch="False" />
            <line number="61" hits="97" branch="True" condition-coverage="100% (2/2)">
              <conditions>
                <condition number="169" type="jump" coverage="100%" />
              </conditions>
            </line>
            <line number="62" hits="94" branch="False" />
            <line number="63" hits="94" branch="False" />
            <line number="64" hits="94" branch="False" />
            <line number="65" hits="97" branch="False" />
            <line number="67" hits="72" branch="False" />
            <line number="68" hits="72" branch="False" />
          </lines>
        </class>
        <class name="TBD.AddressModule.Controllers.AddressController" filename="Desktop/UnknownProject/TBD/AddressModule/Controllers/AddressController.cs" line-rate="0" branch-rate="1" complexity="1">
          <methods>
            <method name=".ctor" signature="(TBD.AddressModule.Services.IUserAddressService,AutoMapper.IMapper,TBD.AddressModule.Data.AddressDbContext)" line-rate="0" branch-rate="1" complexity="1">
              <lines>
                <line number="13" hits="0" branch="False" />
              </lines>
            </method>
          </methods>
          <lines>
            <line number="13" hits="0" branch="False" />
          </lines>
        </class>
        <class name="TBD.AddressModule.Controllers.AddressController/&lt;DeleteUserAddress&gt;d__8" filename="Desktop/UnknownProject/TBD/AddressModule/Controllers/AddressController.cs" line-rate="0" branch-rate="0" complexity="2">
          <methods>
            <method name="MoveNext" signature="()" line-rate="0" branch-rate="0" complexity="2">
              <lines>
                <line number="79" hits="0" branch="False" />
                <line number="80" hits="0" branch="False" />
                <line number="81" hits="0" branch="False" />
                <line number="82" hits="0" branch="True" condition-coverage="0% (0/2)">
                  <conditions>
                    <condition number="443" type="jump" coverage="0%" />
                  </conditions>
                </line>
                <line number="83" hits="0" branch="False" />
                <line number="84" hits="0" branch="False" />
                <line number="88" hits="0" branch="False" />
                <line number="89" hits="0" branch="False" />
                <line number="91" hits="0" branch="False" />
                <line number="92" hits="0" branch="False" />
                <line number="93" hits="0" branch="False" />
                <line number="94" hits="0" branch="False" />
              </lines>
            </method>
          </methods>
          <lines>
            <line number="79" hits="0" branch="False" />
            <line number="80" hits="0" branch="False" />
            <line number="81" hits="0" branch="False" />
            <line number="82" hits="0" branch="True" condition-coverage="0% (0/2)">
              <conditions>
                <condition number="443" type="jump" coverage="0%" />
              </conditions>
            </line>
            <line number="83" hits="0" branch="False" />
            <line number="84" hits="0" branch="False" />
            <line number="88" hits="0" branch="False" />
            <line number="89" hits="0" branch="False" />
            <line number="91" hits="0" branch="False" />
            <line number="92" hits="0" branch="False" />
            <line number="93" hits="0" branch="False" />
            <line number="94" hits="0" branch="False" />
          </lines>
        </class>
        <class name="TBD.AddressModule.Controllers.AddressController/&lt;DeleteUserAddressPermanently&gt;d__9" filename="Desktop/UnknownProject/TBD/AddressModule/Controllers/AddressController.cs" line-rate="0" branch-rate="0" complexity="2">
          <methods>
            <method name="MoveNext" signature="()" line-rate="0" branch-rate="0" complexity="2">
              <lines>
                <line number="98" hits="0" branch="False" />
                <line number="99" hits="0" branch="False" />
                <line number="100" hits="0" branch="True" condition-coverage="0% (0/2)">
                  <conditions>
                    <condition number="198" type="jump" coverage="0%" />
                  </conditions>
                </line>
                <line number="101" hits="0" branch="False" />
                <line number="102" hits="0" branch="False" />
                <line number="105" hits="0" branch="False" />
                <line number="106" hits="0" branch="False" />
                <line number="107" hits="0" branch="False" />
                <line number="108" hits="0" branch="False" />
              </lines>
            </method>
          </methods>
          <lines>
            <line number="98" hits="0" branch="False" />
            <line number="99" hits="0" branch="False" />
            <line number="100" hits="0" branch="True" condition-coverage="0% (0/2)">
              <conditions>
                <condition number="198" type="jump" coverage="0%" />
              </conditions>
            </line>
            <line number="101" hits="0" branch="False" />
            <line number="102" hits="0" branch="False" />
            <line number="105" hits="0" branch="False" />
            <line number="106" hits="0" branch="False" />
            <line number="107" hits="0" branch="False" />
            <line number="108" hits="0" branch="False" />
          </lines>
        </class>
        <class name="TBD.AddressModule.Controllers.AddressController/&lt;GetUserAddress&gt;d__5" filename="Desktop/UnknownProject/TBD/AddressModule/Controllers/AddressController.cs" line-rate="0" branch-rate="0" complexity="2">
          <methods>
            <method name="MoveNext" signature="()" line-rate="0" branch-rate="0" complexity="2">
              <lines>
                <line number="30" hits="0" branch="False" />
                <line number="31" hits="0" branch="False" />
                <line number="32" hits="0" branch="True" condition-coverage="0% (0/2)">
                  <conditions>
                    <condition number="164" type="jump" coverage="0%" />
                  </conditions>
                </line>
                <line number="33" hits="0" branch="False" />
                <line number="34" hits="0" branch="False" />
                <line number="37" hits="0" branch="False" />
                <line number="38" hits="0" branch="False" />
                <line number="39" hits="0" branch="False" />
              </lines>
            </method>
          </methods>
          <lines>
            <line number="30" hits="0" branch="False" />
            <line number="31" hits="0" branch="False" />
            <line number="32" hits="0" branch="True" condition-coverage="0% (0/2)">
              <conditions>
                <condition number="164" type="jump" coverage="0%" />
              </conditions>
            </line>
            <line number="33" hits="0" branch="False" />
            <line number="34" hits="0" branch="False" />
            <line number="37" hits="0" branch="False" />
            <line number="38" hits="0" branch="False" />
            <line number="39" hits="0" branch="False" />
          </lines>
        </class>
        <class name="TBD.AddressModule.Controllers.AddressController/&lt;GetUserAddresses&gt;d__4" filename="Desktop/UnknownProject/TBD/AddressModule/Controllers/AddressController.cs" line-rate="0" branch-rate="1" complexity="1">
          <methods>
            <method name="MoveNext" signature="()" line-rate="0" branch-rate="1" complexity="1">
              <lines>
                <line number="21" hits="0" branch="False" />
                <line number="22" hits="0" branch="False" />
                <line number="23" hits="0" branch="False" />
                <line number="24" hits="0" branch="False" />
                <line number="25" hits="0" branch="False" />
              </lines>
            </method>
          </methods>
          <lines>
            <line number="21" hits="0" branch="False" />
            <line number="22" hits="0" branch="False" />
            <line number="23" hits="0" branch="False" />
            <line number="24" hits="0" branch="False" />
            <line number="25" hits="0" branch="False" />
          </lines>
        </class>
        <class name="TBD.AddressModule.Controllers.AddressController/&lt;PostUserAddress&gt;d__6" filename="Desktop/UnknownProject/TBD/AddressModule/Controllers/AddressController.cs" line-rate="0" branch-rate="0" complexity="2">
          <methods>
            <method name="MoveNext" signature="()" line-rate="0" branch-rate="0" complexity="2">
              <lines>
                <line number="44" hits="0" branch="False" />
                <line number="45" hits="0" branch="True" condition-coverage="0% (0/2)">
                  <conditions>
                    <condition number="39" type="jump" coverage="0%" />
                  </conditions>
                </line>
                <line number="46" hits="0" branch="False" />
                <line number="48" hits="0" branch="False" />
                <line number="49" hits="0" branch="False" />
                <line number="51" hits="0" branch="False" />
                <line number="52" hits="0" branch="False" />
                <line number="53" hits="0" branch="False" />
              </lines>
            </method>
          </methods>
          <lines>
            <line number="44" hits="0" branch="False" />
            <line number="45" hits="0" branch="True" condition-coverage="0% (0/2)">
              <conditions>
                <condition number="39" type="jump" coverage="0%" />
              </conditions>
            </line>
            <line number="46" hits="0" branch="False" />
            <line number="48" hits="0" branch="False" />
            <line number="49" hits="0" branch="False" />
            <line number="51" hits="0" branch="False" />
            <line number="52" hits="0" branch="False" />
            <line number="53" hits="0" branch="False" />
          </lines>
        </class>
        <class name="TBD.AddressModule.Controllers.AddressController/&lt;PutUserAddress&gt;d__7" filename="Desktop/UnknownProject/TBD/AddressModule/Controllers/AddressController.cs" line-rate="0" branch-rate="0" complexity="6">
          <methods>
            <method name="MoveNext" signature="()" line-rate="0" branch-rate="0" complexity="6">
              <lines>
                <line number="58" hits="0" branch="False" />
                <line number="59" hits="0" branch="True" condition-coverage="0% (0/2)">
                  <conditions>
                    <condition number="53" type="jump" coverage="0%" />
                  </conditions>
                </line>
                <line number="60" hits="0" branch="False" />
                <line number="62" hits="0" branch="True" condition-coverage="0% (0/2)">
                  <conditions>
                    <condition number="98" type="jump" coverage="0%" />
                  </conditions>
                </line>
                <line number="63" hits="0" branch="False" />
                <line number="65" hits="0" branch="False" />
                <line number="66" hits="0" branch="True" condition-coverage="0% (0/2)">
                  <conditions>
                    <condition number="281" type="jump" coverage="0%" />
                  </conditions>
                </line>
                <line number="67" hits="0" branch="False" />
                <line number="70" hits="0" branch="False" />
                <line number="71" hits="0" branch="False" />
                <line number="73" hits="0" branch="False" />
                <line number="74" hits="0" branch="False" />
              </lines>
            </method>
          </methods>
          <lines>
            <line number="58" hits="0" branch="False" />
            <line number="59" hits="0" branch="True" condition-coverage="0% (0/2)">
              <conditions>
                <condition number="53" type="jump" coverage="0%" />
              </conditions>
            </line>
            <line number="60" hits="0" branch="False" />
            <line number="62" hits="0" branch="True" condition-coverage="0% (0/2)">
              <conditions>
                <condition number="98" type="jump" coverage="0%" />
              </conditions>
            </line>
            <line number="63" hits="0" branch="False" />
            <line number="65" hits="0" branch="False" />
            <line number="66" hits="0" branch="True" condition-coverage="0% (0/2)">
              <conditions>
                <condition number="281" type="jump" coverage="0%" />
              </conditions>
            </line>
            <line number="67" hits="0" branch="False" />
            <line number="70" hits="0" branch="False" />
            <line number="71" hits="0" branch="False" />
            <line number="73" hits="0" branch="False" />
            <line number="74" hits="0" branch="False" />
          </lines>
        </class>
      </classes>
    </package>
  </packages>
</coverage>